<?xml version="1.0" encoding="UTF-8"?>
<!-- Generated by org.testng.reporters.JUnitXMLReporter -->
<testsuite ignored="0" hostname="Anamikasaluja" failures="0" tests="3" name="Default test" time="0.132" errors="0" timestamp="2020-08-25T17:00:38 IST">
  <testcase classname="Base.BasePage" name="@BeforeTest openBrowser" time="-1.59835503879E9">
    <failure type="org.testng.TestNGException" message="
Parameter &amp;apos;browserName&amp;apos; is required by BeforeTest on method openBrowser but has not been marked @Optional or defined
in C:\Users\anamikasaluja\AppData\Local\Temp\testng-eclipse-1698241328\testng-customsuite.xml">
      <![CDATA[org.testng.TestNGException: 
Parameter 'browserName' is required by BeforeTest on method openBrowser but has not been marked @Optional or defined
in C:\Users\anamikasaluja\AppData\Local\Temp\testng-eclipse-1698241328\testng-customsuite.xml
at org.testng.internal.Parameters.createParams(Parameters.java:268)
at org.testng.internal.Parameters.createParametersForMethod(Parameters.java:356)
at org.testng.internal.Parameters.createParameters(Parameters.java:700)
at org.testng.internal.Parameters.createConfigurationParameters(Parameters.java:166)
at org.testng.internal.ConfigInvoker.invokeConfigurations(ConfigInvoker.java:299)
at org.testng.TestRunner.invokeTestConfigurations(TestRunner.java:620)
at org.testng.TestRunner.beforeRun(TestRunner.java:610)
at org.testng.TestRunner.run(TestRunner.java:581)
at org.testng.SuiteRunner.runTest(SuiteRunner.java:384)
at org.testng.SuiteRunner.runSequentially(SuiteRunner.java:378)
at org.testng.SuiteRunner.privateRun(SuiteRunner.java:337)
at org.testng.SuiteRunner.run(SuiteRunner.java:286)
at org.testng.SuiteRunnerWorker.runSuite(SuiteRunnerWorker.java:53)
at org.testng.SuiteRunnerWorker.run(SuiteRunnerWorker.java:96)
at org.testng.TestNG.runSuitesSequentially(TestNG.java:1214)
at org.testng.TestNG.runSuitesLocally(TestNG.java:1136)
at org.testng.TestNG.runSuites(TestNG.java:1066)
at org.testng.TestNG.run(TestNG.java:1034)
at org.testng.remote.AbstractRemoteTestNG.run(AbstractRemoteTestNG.java:115)
at org.testng.remote.RemoteTestNG.initAndRun(RemoteTestNG.java:251)
at org.testng.remote.RemoteTestNG.main(RemoteTestNG.java:77)
]]>
    </failure>
  </testcase> <!-- @BeforeTest openBrowser -->
  <testcase classname="TestCases.NegativeLogin" name="@BeforeClass beforeClass" time="-1.598355038815E9">
    <skipped/>
  </testcase> <!-- @BeforeClass beforeClass -->
  <testcase classname="Base.BasePage" name="@BeforeMethod init" time="-1.598355038885E9">
    <skipped/>
  </testcase> <!-- @BeforeMethod init -->
  <testcase classname="Base.BasePage" name="@AfterMethod afterMethod" time="-1.598355038894E9">
    <skipped/>
  </testcase> <!-- @AfterMethod afterMethod -->
  <testcase classname="Base.BasePage" name="@BeforeMethod init" time="-1.598355038896E9">
    <skipped/>
  </testcase> <!-- @BeforeMethod init -->
  <testcase classname="Base.BasePage" name="@AfterMethod afterMethod" time="-1.598355038903E9">
    <skipped/>
  </testcase> <!-- @AfterMethod afterMethod -->
  <testcase classname="Base.BasePage" name="@BeforeMethod init" time="-1.598355038904E9">
    <skipped/>
  </testcase> <!-- @BeforeMethod init -->
  <testcase classname="Base.BasePage" name="@AfterMethod afterMethod" time="-1.598355038912E9">
    <skipped/>
  </testcase> <!-- @AfterMethod afterMethod -->
  <testcase classname="Base.BasePage" name="@AfterTest quitDriver" time="-1.598355038917E9">
    <skipped/>
  </testcase> <!-- @AfterTest quitDriver -->
  <testcase classname="TestCases.NegativeLogin" name="testCase_NegativeLogin" time="0.0">
    <skipped/>
  </testcase> <!-- testCase_NegativeLogin -->
  <testcase classname="TestCases.NegativeLogin" name="testCase_NegativeLogin" time="0.0">
    <skipped/>
  </testcase> <!-- testCase_NegativeLogin -->
  <testcase classname="TestCases.NegativeLogin" name="testCase_NegativeLogin" time="0.0">
    <skipped/>
  </testcase> <!-- testCase_NegativeLogin -->
</testsuite> <!-- Default test -->
