2020-08-18 23:03:17 INFO  BasePage:66 - Into Before Suite - Hook
2020-08-18 23:03:17 INFO  ExtentManager:23 - Into extent reporter ----
2020-08-18 23:03:17 INFO  ExtentManager:35 - HTML report created : Assignment  
2020-08-18 23:03:17 INFO  BasePage:79 - Into before Test Hook 
2020-08-18 23:03:21 INFO  BasePage:93 - Error while launching Browser...
2020-08-18 23:03:21 ERROR BasePage:94 - [Ljava.lang.StackTraceElement;@6d6bc158
2020-08-18 23:03:21 INFO  BasePage:32 - New testcase :testCase_Search
2020-08-18 23:03:21 INFO  BasePage:34 - Testcase Description : 
2020-08-18 23:03:21 INFO  BasePage:35 - Testcase get skipped
2020-08-18 23:03:21 ERROR BasePage:38 - testCase_Search SKIPPED 
2020-08-18 23:03:21 INFO  BasePage:136 - Closing brower...
2020-08-18 23:03:21 INFO  BasePage:79 - Into before Test Hook 
2020-08-18 23:03:22 INFO  BasePage:93 - Error while launching Browser...
2020-08-18 23:03:22 ERROR BasePage:94 - [Ljava.lang.StackTraceElement;@17f460bb
2020-08-18 23:03:22 INFO  TestDataProviders:17 - Into Dataprovider - Negative Login Data
2020-08-18 23:03:22 INFO  TestDataProviders:21 - Reading JSON from a file
2020-08-18 23:03:23 INFO  BasePage:104 - Starting the testcase testCase_NegativeLogin
2020-08-18 23:03:23 INFO  BasePage:32 - New testcase :testCase_NegativeLogin
2020-08-18 23:03:23 INFO  BasePage:34 - Testcase Description : 
2020-08-18 23:03:23 INFO  BasePage:35 - Testcase get skipped
2020-08-18 23:03:23 ERROR BasePage:38 - testCase_NegativeLogin SKIPPED 
2020-08-18 23:03:23 ERROR BasePage:129 - testCase_NegativeLogin SKIPPED 
2020-08-18 23:03:23 INFO  TestDataProviders:17 - Into Dataprovider - Negative Login Data
2020-08-18 23:03:23 INFO  TestDataProviders:21 - Reading JSON from a file
2020-08-18 23:03:23 INFO  BasePage:104 - Starting the testcase testCase_NegativeLogin
2020-08-18 23:03:23 INFO  BasePage:32 - New testcase :testCase_NegativeLogin
2020-08-18 23:03:23 INFO  BasePage:34 - Testcase Description : 
2020-08-18 23:03:23 INFO  BasePage:35 - Testcase get skipped
2020-08-18 23:03:23 ERROR BasePage:38 - testCase_NegativeLogin SKIPPED 
2020-08-18 23:03:23 ERROR BasePage:129 - testCase_NegativeLogin SKIPPED 
2020-08-18 23:03:23 INFO  TestDataProviders:17 - Into Dataprovider - Negative Login Data
2020-08-18 23:03:23 INFO  TestDataProviders:21 - Reading JSON from a file
2020-08-18 23:03:23 INFO  BasePage:104 - Starting the testcase testCase_NegativeLogin
2020-08-18 23:03:23 ERROR BasePage:112 - testCase_NegativeLogin FAILED 
2020-08-18 23:03:23 ERROR BasePage:115 - java.lang.NullPointerException
	at Pages.Login.launch(Login.java:39)
	at TestCases.NegativeLogin.testCase_NegativeLogin(NegativeLogin.java:25)
	at java.base/jdk.internal.reflect.NativeMethodAccessorImpl.invoke0(Native Method)
	at java.base/jdk.internal.reflect.NativeMethodAccessorImpl.invoke(NativeMethodAccessorImpl.java:62)
	at java.base/jdk.internal.reflect.DelegatingMethodAccessorImpl.invoke(DelegatingMethodAccessorImpl.java:43)
	at java.base/java.lang.reflect.Method.invoke(Method.java:566)
	at org.testng.internal.MethodInvocationHelper.invokeMethod(MethodInvocationHelper.java:135)
	at org.testng.internal.TestInvoker.invokeMethod(TestInvoker.java:598)
	at org.testng.internal.TestInvoker.retryFailed(TestInvoker.java:214)
	at org.testng.internal.MethodRunner.runInSequence(MethodRunner.java:58)
	at org.testng.internal.TestInvoker$MethodInvocationAgent.invoke(TestInvoker.java:821)
	at org.testng.internal.TestInvoker.invokeTestMethods(TestInvoker.java:147)
	at org.testng.internal.TestMethodWorker.invokeTestMethods(TestMethodWorker.java:146)
	at org.testng.internal.TestMethodWorker.run(TestMethodWorker.java:128)
	at java.base/java.util.ArrayList.forEach(ArrayList.java:1540)
	at org.testng.TestRunner.privateRun(TestRunner.java:767)
	at org.testng.TestRunner.run(TestRunner.java:588)
	at org.testng.SuiteRunner.runTest(SuiteRunner.java:384)
	at org.testng.SuiteRunner.runSequentially(SuiteRunner.java:378)
	at org.testng.SuiteRunner.privateRun(SuiteRunner.java:337)
	at org.testng.SuiteRunner.run(SuiteRunner.java:286)
	at org.testng.SuiteRunnerWorker.runSuite(SuiteRunnerWorker.java:53)
	at org.testng.SuiteRunnerWorker.run(SuiteRunnerWorker.java:96)
	at org.testng.TestNG.runSuitesSequentially(TestNG.java:1214)
	at org.testng.TestNG.runSuitesLocally(TestNG.java:1136)
	at org.testng.TestNG.runSuites(TestNG.java:1066)
	at org.testng.TestNG.run(TestNG.java:1034)
	at org.testng.remote.AbstractRemoteTestNG.run(AbstractRemoteTestNG.java:115)
	at org.testng.remote.RemoteTestNG.initAndRun(RemoteTestNG.java:251)
	at org.testng.remote.RemoteTestNG.main(RemoteTestNG.java:77)

2020-08-18 23:03:23 INFO  BasePage:136 - Closing brower...
2020-08-18 23:13:45 INFO  BasePage:66 - Into Before Suite - Hook
2020-08-18 23:13:45 INFO  ExtentManager:23 - Into extent reporter ----
2020-08-18 23:13:45 INFO  ExtentManager:35 - HTML report created : Assignment  
2020-08-18 23:13:45 INFO  BasePage:79 - Into before Test Hook 
2020-08-18 23:13:47 INFO  BasePage:93 - Error while launching Browser...
2020-08-18 23:13:47 ERROR BasePage:94 - [Ljava.lang.StackTraceElement;@6d6bc158
2020-08-18 23:13:47 INFO  BasePage:32 - New testcase :testCase_Search
2020-08-18 23:13:47 INFO  BasePage:34 - Testcase Description : 
2020-08-18 23:13:47 INFO  BasePage:35 - Testcase get skipped
2020-08-18 23:13:47 ERROR BasePage:38 - testCase_Search SKIPPED 
2020-08-18 23:13:47 INFO  BasePage:136 - Closing brower...
2020-08-18 23:13:47 INFO  BasePage:79 - Into before Test Hook 
2020-08-18 23:13:48 INFO  BasePage:93 - Error while launching Browser...
2020-08-18 23:13:48 ERROR BasePage:94 - [Ljava.lang.StackTraceElement;@17f460bb
2020-08-18 23:13:48 INFO  TestDataProviders:17 - Into Dataprovider - Negative Login Data
2020-08-18 23:13:48 INFO  TestDataProviders:21 - Reading JSON from a file
2020-08-18 23:13:48 INFO  BasePage:104 - Starting the testcase testCase_NegativeLogin
2020-08-18 23:13:48 INFO  BasePage:32 - New testcase :testCase_NegativeLogin
2020-08-18 23:13:48 INFO  BasePage:34 - Testcase Description : 
2020-08-18 23:13:48 INFO  BasePage:35 - Testcase get skipped
2020-08-18 23:13:48 ERROR BasePage:38 - testCase_NegativeLogin SKIPPED 
2020-08-18 23:13:48 ERROR BasePage:129 - testCase_NegativeLogin SKIPPED 
2020-08-18 23:13:48 INFO  TestDataProviders:17 - Into Dataprovider - Negative Login Data
2020-08-18 23:13:48 INFO  TestDataProviders:21 - Reading JSON from a file
2020-08-18 23:13:48 INFO  BasePage:104 - Starting the testcase testCase_NegativeLogin
2020-08-18 23:13:48 INFO  BasePage:32 - New testcase :testCase_NegativeLogin
2020-08-18 23:13:48 INFO  BasePage:34 - Testcase Description : 
2020-08-18 23:13:48 INFO  BasePage:35 - Testcase get skipped
2020-08-18 23:13:48 ERROR BasePage:38 - testCase_NegativeLogin SKIPPED 
2020-08-18 23:13:48 ERROR BasePage:129 - testCase_NegativeLogin SKIPPED 
2020-08-18 23:13:48 INFO  TestDataProviders:17 - Into Dataprovider - Negative Login Data
2020-08-18 23:13:48 INFO  TestDataProviders:21 - Reading JSON from a file
2020-08-18 23:13:48 INFO  BasePage:104 - Starting the testcase testCase_NegativeLogin
2020-08-18 23:13:48 ERROR BasePage:112 - testCase_NegativeLogin FAILED 
2020-08-18 23:13:48 ERROR BasePage:115 - java.lang.NullPointerException
	at Pages.Login.launch(Login.java:39)
	at TestCases.NegativeLogin.testCase_NegativeLogin(NegativeLogin.java:25)
	at java.base/jdk.internal.reflect.NativeMethodAccessorImpl.invoke0(Native Method)
	at java.base/jdk.internal.reflect.NativeMethodAccessorImpl.invoke(NativeMethodAccessorImpl.java:62)
	at java.base/jdk.internal.reflect.DelegatingMethodAccessorImpl.invoke(DelegatingMethodAccessorImpl.java:43)
	at java.base/java.lang.reflect.Method.invoke(Method.java:566)
	at org.testng.internal.MethodInvocationHelper.invokeMethod(MethodInvocationHelper.java:135)
	at org.testng.internal.TestInvoker.invokeMethod(TestInvoker.java:598)
	at org.testng.internal.TestInvoker.retryFailed(TestInvoker.java:214)
	at org.testng.internal.MethodRunner.runInSequence(MethodRunner.java:58)
	at org.testng.internal.TestInvoker$MethodInvocationAgent.invoke(TestInvoker.java:821)
	at org.testng.internal.TestInvoker.invokeTestMethods(TestInvoker.java:147)
	at org.testng.internal.TestMethodWorker.invokeTestMethods(TestMethodWorker.java:146)
	at org.testng.internal.TestMethodWorker.run(TestMethodWorker.java:128)
	at java.base/java.util.ArrayList.forEach(ArrayList.java:1540)
	at org.testng.TestRunner.privateRun(TestRunner.java:767)
	at org.testng.TestRunner.run(TestRunner.java:588)
	at org.testng.SuiteRunner.runTest(SuiteRunner.java:384)
	at org.testng.SuiteRunner.runSequentially(SuiteRunner.java:378)
	at org.testng.SuiteRunner.privateRun(SuiteRunner.java:337)
	at org.testng.SuiteRunner.run(SuiteRunner.java:286)
	at org.testng.SuiteRunnerWorker.runSuite(SuiteRunnerWorker.java:53)
	at org.testng.SuiteRunnerWorker.run(SuiteRunnerWorker.java:96)
	at org.testng.TestNG.runSuitesSequentially(TestNG.java:1214)
	at org.testng.TestNG.runSuitesLocally(TestNG.java:1136)
	at org.testng.TestNG.runSuites(TestNG.java:1066)
	at org.testng.TestNG.run(TestNG.java:1034)
	at org.testng.remote.AbstractRemoteTestNG.run(AbstractRemoteTestNG.java:115)
	at org.testng.remote.RemoteTestNG.initAndRun(RemoteTestNG.java:251)
	at org.testng.remote.RemoteTestNG.main(RemoteTestNG.java:77)

2020-08-18 23:13:48 INFO  BasePage:136 - Closing brower...
2020-08-19 12:06:42 INFO  BasePage:63 - Into Before Suite - Hook
2020-08-19 12:06:42 INFO  ExtentManager:22 - Into extent reporter ----
2020-08-19 12:06:42 INFO  ExtentManager:34 - HTML report created : Assignment  
2020-08-19 12:06:42 INFO  BasePage:74 - Into before Test Hook 
2020-08-19 12:06:44 INFO  BasePage:88 - Error while launching Browser...
2020-08-19 12:06:44 ERROR BasePage:89 - [Ljava.lang.StackTraceElement;@6d6bc158
2020-08-19 12:06:44 INFO  BasePage:30 - New testcase :testCase_Search
2020-08-19 12:06:44 INFO  BasePage:32 - Testcase Description : 
2020-08-19 12:06:44 INFO  BasePage:33 - Testcase get skipped
2020-08-19 12:06:44 ERROR BasePage:36 - testCase_Search SKIPPED 
2020-08-19 12:06:44 INFO  BasePage:131 - Closing brower...
2020-08-19 12:06:44 INFO  BasePage:74 - Into before Test Hook 
2020-08-19 12:06:45 INFO  BasePage:88 - Error while launching Browser...
2020-08-19 12:06:45 ERROR BasePage:89 - [Ljava.lang.StackTraceElement;@17f460bb
2020-08-19 12:06:45 INFO  TestDataProviders:17 - Into Dataprovider - Negative Login Data
2020-08-19 12:06:45 INFO  TestDataProviders:21 - Reading JSON from a file
2020-08-19 12:06:45 INFO  BasePage:99 - Starting the testcase testCase_NegativeLogin
2020-08-19 12:06:45 INFO  BasePage:30 - New testcase :testCase_NegativeLogin
2020-08-19 12:06:45 INFO  BasePage:32 - Testcase Description : 
2020-08-19 12:06:45 INFO  BasePage:33 - Testcase get skipped
2020-08-19 12:06:45 ERROR BasePage:36 - testCase_NegativeLogin SKIPPED 
2020-08-19 12:06:45 ERROR BasePage:124 - testCase_NegativeLogin SKIPPED 
2020-08-19 12:06:45 INFO  TestDataProviders:17 - Into Dataprovider - Negative Login Data
2020-08-19 12:06:45 INFO  TestDataProviders:21 - Reading JSON from a file
2020-08-19 12:06:45 INFO  BasePage:99 - Starting the testcase testCase_NegativeLogin
2020-08-19 12:06:45 INFO  BasePage:30 - New testcase :testCase_NegativeLogin
2020-08-19 12:06:45 INFO  BasePage:32 - Testcase Description : 
2020-08-19 12:06:45 INFO  BasePage:33 - Testcase get skipped
2020-08-19 12:06:45 ERROR BasePage:36 - testCase_NegativeLogin SKIPPED 
2020-08-19 12:06:45 ERROR BasePage:124 - testCase_NegativeLogin SKIPPED 
2020-08-19 12:06:45 INFO  TestDataProviders:17 - Into Dataprovider - Negative Login Data
2020-08-19 12:06:45 INFO  TestDataProviders:21 - Reading JSON from a file
2020-08-19 12:06:45 INFO  BasePage:99 - Starting the testcase testCase_NegativeLogin
2020-08-19 12:06:45 ERROR BasePage:107 - testCase_NegativeLogin FAILED 
2020-08-19 12:06:45 ERROR BasePage:110 - java.lang.NullPointerException
	at Pages.Login.launch(Login.java:36)
	at TestCases.NegativeLogin.testCase_NegativeLogin(NegativeLogin.java:25)
	at java.base/jdk.internal.reflect.NativeMethodAccessorImpl.invoke0(Native Method)
	at java.base/jdk.internal.reflect.NativeMethodAccessorImpl.invoke(NativeMethodAccessorImpl.java:62)
	at java.base/jdk.internal.reflect.DelegatingMethodAccessorImpl.invoke(DelegatingMethodAccessorImpl.java:43)
	at java.base/java.lang.reflect.Method.invoke(Method.java:566)
	at org.testng.internal.MethodInvocationHelper.invokeMethod(MethodInvocationHelper.java:135)
	at org.testng.internal.TestInvoker.invokeMethod(TestInvoker.java:598)
	at org.testng.internal.TestInvoker.retryFailed(TestInvoker.java:214)
	at org.testng.internal.MethodRunner.runInSequence(MethodRunner.java:58)
	at org.testng.internal.TestInvoker$MethodInvocationAgent.invoke(TestInvoker.java:821)
	at org.testng.internal.TestInvoker.invokeTestMethods(TestInvoker.java:147)
	at org.testng.internal.TestMethodWorker.invokeTestMethods(TestMethodWorker.java:146)
	at org.testng.internal.TestMethodWorker.run(TestMethodWorker.java:128)
	at java.base/java.util.ArrayList.forEach(ArrayList.java:1540)
	at org.testng.TestRunner.privateRun(TestRunner.java:767)
	at org.testng.TestRunner.run(TestRunner.java:588)
	at org.testng.SuiteRunner.runTest(SuiteRunner.java:384)
	at org.testng.SuiteRunner.runSequentially(SuiteRunner.java:378)
	at org.testng.SuiteRunner.privateRun(SuiteRunner.java:337)
	at org.testng.SuiteRunner.run(SuiteRunner.java:286)
	at org.testng.SuiteRunnerWorker.runSuite(SuiteRunnerWorker.java:53)
	at org.testng.SuiteRunnerWorker.run(SuiteRunnerWorker.java:96)
	at org.testng.TestNG.runSuitesSequentially(TestNG.java:1214)
	at org.testng.TestNG.runSuitesLocally(TestNG.java:1136)
	at org.testng.TestNG.runSuites(TestNG.java:1066)
	at org.testng.TestNG.run(TestNG.java:1034)
	at org.testng.remote.AbstractRemoteTestNG.run(AbstractRemoteTestNG.java:115)
	at org.testng.remote.RemoteTestNG.initAndRun(RemoteTestNG.java:251)
	at org.testng.remote.RemoteTestNG.main(RemoteTestNG.java:77)

2020-08-19 12:06:45 INFO  BasePage:131 - Closing brower...
2020-08-19 12:08:13 INFO  BasePage:63 - Into Before Suite - Hook
2020-08-19 12:08:13 INFO  ExtentManager:22 - Into extent reporter ----
2020-08-19 12:08:13 INFO  ExtentManager:34 - HTML report created : Assignment  
2020-08-19 12:08:13 INFO  BasePage:74 - Into before Test Hook 
2020-08-19 12:08:15 INFO  BasePage:88 - Error while launching Browser...
2020-08-19 12:08:15 ERROR BasePage:89 - [Ljava.lang.StackTraceElement;@6d6bc158
2020-08-19 12:08:15 INFO  BasePage:30 - New testcase :testCase_Search
2020-08-19 12:08:15 INFO  BasePage:32 - Testcase Description : 
2020-08-19 12:08:15 INFO  BasePage:33 - Testcase get skipped
2020-08-19 12:08:15 ERROR BasePage:36 - testCase_Search SKIPPED 
2020-08-19 12:08:15 INFO  BasePage:131 - Closing brower...
2020-08-19 12:08:15 INFO  BasePage:74 - Into before Test Hook 
2020-08-19 12:08:16 INFO  BasePage:88 - Error while launching Browser...
2020-08-19 12:08:16 ERROR BasePage:89 - [Ljava.lang.StackTraceElement;@17f460bb
2020-08-19 12:08:16 INFO  TestDataProviders:17 - Into Dataprovider - Negative Login Data
2020-08-19 12:08:16 INFO  TestDataProviders:21 - Reading JSON from a file
2020-08-19 12:08:16 INFO  BasePage:99 - Starting the testcase testCase_NegativeLogin
2020-08-19 12:08:16 INFO  BasePage:30 - New testcase :testCase_NegativeLogin
2020-08-19 12:08:16 INFO  BasePage:32 - Testcase Description : 
2020-08-19 12:08:16 INFO  BasePage:33 - Testcase get skipped
2020-08-19 12:08:16 ERROR BasePage:36 - testCase_NegativeLogin SKIPPED 
2020-08-19 12:08:16 ERROR BasePage:124 - testCase_NegativeLogin SKIPPED 
2020-08-19 12:08:16 INFO  TestDataProviders:17 - Into Dataprovider - Negative Login Data
2020-08-19 12:08:16 INFO  TestDataProviders:21 - Reading JSON from a file
2020-08-19 12:08:16 INFO  BasePage:99 - Starting the testcase testCase_NegativeLogin
2020-08-19 12:08:16 INFO  BasePage:30 - New testcase :testCase_NegativeLogin
2020-08-19 12:08:16 INFO  BasePage:32 - Testcase Description : 
2020-08-19 12:08:16 INFO  BasePage:33 - Testcase get skipped
2020-08-19 12:08:16 ERROR BasePage:36 - testCase_NegativeLogin SKIPPED 
2020-08-19 12:08:16 ERROR BasePage:124 - testCase_NegativeLogin SKIPPED 
2020-08-19 12:08:16 INFO  TestDataProviders:17 - Into Dataprovider - Negative Login Data
2020-08-19 12:08:16 INFO  TestDataProviders:21 - Reading JSON from a file
2020-08-19 12:08:16 INFO  BasePage:99 - Starting the testcase testCase_NegativeLogin
2020-08-19 12:08:16 ERROR BasePage:107 - testCase_NegativeLogin FAILED 
2020-08-19 12:08:16 INFO  BasePage:131 - Closing brower...
2020-08-19 12:10:29 INFO  BasePage:63 - Into Before Suite - Hook
2020-08-19 12:10:29 INFO  ExtentManager:22 - Into extent reporter ----
2020-08-19 12:10:30 INFO  ExtentManager:34 - HTML report created : Assignment  
2020-08-19 12:10:30 INFO  BasePage:74 - Into before Test Hook 
2020-08-19 12:10:31 INFO  BasePage:88 - Error while launching Browser...
2020-08-19 12:10:31 ERROR BasePage:89 - [Ljava.lang.StackTraceElement;@6d6bc158
2020-08-19 12:10:31 INFO  BasePage:30 - New testcase :testCase_Search
2020-08-19 12:10:31 INFO  BasePage:32 - Testcase Description : 
2020-08-19 12:10:31 INFO  BasePage:33 - Testcase get skipped
2020-08-19 12:10:31 ERROR BasePage:36 - testCase_Search SKIPPED 
2020-08-19 12:10:31 INFO  BasePage:131 - Closing brower...
2020-08-19 12:10:32 INFO  BasePage:74 - Into before Test Hook 
2020-08-19 12:10:33 INFO  BasePage:88 - Error while launching Browser...
2020-08-19 12:10:33 ERROR BasePage:89 - [Ljava.lang.StackTraceElement;@17f460bb
2020-08-19 12:10:33 INFO  TestDataProviders:17 - Into Dataprovider - Negative Login Data
2020-08-19 12:10:33 INFO  TestDataProviders:21 - Reading JSON from a file
2020-08-19 12:10:33 INFO  BasePage:99 - Starting the testcase testCase_NegativeLogin
2020-08-19 12:10:33 INFO  BasePage:30 - New testcase :testCase_NegativeLogin
2020-08-19 12:10:33 INFO  BasePage:32 - Testcase Description : 
2020-08-19 12:10:33 INFO  BasePage:33 - Testcase get skipped
2020-08-19 12:10:33 ERROR BasePage:36 - testCase_NegativeLogin SKIPPED 
2020-08-19 12:10:33 ERROR BasePage:124 - testCase_NegativeLogin SKIPPED 
2020-08-19 12:10:33 INFO  TestDataProviders:17 - Into Dataprovider - Negative Login Data
2020-08-19 12:10:33 INFO  TestDataProviders:21 - Reading JSON from a file
2020-08-19 12:10:33 INFO  BasePage:99 - Starting the testcase testCase_NegativeLogin
2020-08-19 12:10:33 INFO  BasePage:30 - New testcase :testCase_NegativeLogin
2020-08-19 12:10:33 INFO  BasePage:32 - Testcase Description : 
2020-08-19 12:10:33 INFO  BasePage:33 - Testcase get skipped
2020-08-19 12:10:33 ERROR BasePage:36 - testCase_NegativeLogin SKIPPED 
2020-08-19 12:10:33 ERROR BasePage:124 - testCase_NegativeLogin SKIPPED 
2020-08-19 12:10:33 INFO  TestDataProviders:17 - Into Dataprovider - Negative Login Data
2020-08-19 12:10:33 INFO  TestDataProviders:21 - Reading JSON from a file
2020-08-19 12:10:33 INFO  BasePage:99 - Starting the testcase testCase_NegativeLogin
2020-08-19 12:10:33 ERROR BasePage:107 - testCase_NegativeLogin FAILED 
2020-08-19 12:10:33 ERROR BasePage:110 - java.lang.NullPointerException
	at Pages.Login.launch(Login.java:36)
	at TestCases.NegativeLogin.testCase_NegativeLogin(NegativeLogin.java:25)
	at java.base/jdk.internal.reflect.NativeMethodAccessorImpl.invoke0(Native Method)
	at java.base/jdk.internal.reflect.NativeMethodAccessorImpl.invoke(NativeMethodAccessorImpl.java:62)
	at java.base/jdk.internal.reflect.DelegatingMethodAccessorImpl.invoke(DelegatingMethodAccessorImpl.java:43)
	at java.base/java.lang.reflect.Method.invoke(Method.java:566)
	at org.testng.internal.MethodInvocationHelper.invokeMethod(MethodInvocationHelper.java:135)
	at org.testng.internal.TestInvoker.invokeMethod(TestInvoker.java:598)
	at org.testng.internal.TestInvoker.retryFailed(TestInvoker.java:214)
	at org.testng.internal.MethodRunner.runInSequence(MethodRunner.java:58)
	at org.testng.internal.TestInvoker$MethodInvocationAgent.invoke(TestInvoker.java:821)
	at org.testng.internal.TestInvoker.invokeTestMethods(TestInvoker.java:147)
	at org.testng.internal.TestMethodWorker.invokeTestMethods(TestMethodWorker.java:146)
	at org.testng.internal.TestMethodWorker.run(TestMethodWorker.java:128)
	at java.base/java.util.ArrayList.forEach(ArrayList.java:1540)
	at org.testng.TestRunner.privateRun(TestRunner.java:767)
	at org.testng.TestRunner.run(TestRunner.java:588)
	at org.testng.SuiteRunner.runTest(SuiteRunner.java:384)
	at org.testng.SuiteRunner.runSequentially(SuiteRunner.java:378)
	at org.testng.SuiteRunner.privateRun(SuiteRunner.java:337)
	at org.testng.SuiteRunner.run(SuiteRunner.java:286)
	at org.testng.SuiteRunnerWorker.runSuite(SuiteRunnerWorker.java:53)
	at org.testng.SuiteRunnerWorker.run(SuiteRunnerWorker.java:96)
	at org.testng.TestNG.runSuitesSequentially(TestNG.java:1214)
	at org.testng.TestNG.runSuitesLocally(TestNG.java:1136)
	at org.testng.TestNG.runSuites(TestNG.java:1066)
	at org.testng.TestNG.run(TestNG.java:1034)
	at org.testng.remote.AbstractRemoteTestNG.run(AbstractRemoteTestNG.java:115)
	at org.testng.remote.RemoteTestNG.initAndRun(RemoteTestNG.java:251)
	at org.testng.remote.RemoteTestNG.main(RemoteTestNG.java:77)

2020-08-19 12:10:33 INFO  BasePage:131 - Closing brower...
2020-08-19 18:09:03 INFO  BasePage:63 - Into Before Suite - Hook
2020-08-19 18:09:03 INFO  ExtentManager:22 - Into extent reporter ----
2020-08-19 18:09:03 INFO  ExtentManager:34 - HTML report created : Assignment  
2020-08-19 18:09:03 INFO  BasePage:74 - Into before Test Hook 
2020-08-19 18:09:06 INFO  BasePage:88 - Error while launching Browser...
2020-08-19 18:09:06 ERROR BasePage:89 - [Ljava.lang.StackTraceElement;@6d6bc158
2020-08-19 18:09:06 INFO  BasePage:30 - New testcase :testCase_Search
2020-08-19 18:09:06 INFO  BasePage:32 - Testcase Description : 
2020-08-19 18:09:06 INFO  BasePage:33 - Testcase get skipped
2020-08-19 18:09:06 ERROR BasePage:36 - testCase_Search SKIPPED 
2020-08-19 18:09:06 INFO  BasePage:131 - Closing brower...
2020-08-19 18:09:06 INFO  BasePage:74 - Into before Test Hook 
2020-08-19 18:09:07 INFO  BasePage:88 - Error while launching Browser...
2020-08-19 18:09:07 ERROR BasePage:89 - [Ljava.lang.StackTraceElement;@17f460bb
2020-08-19 18:09:07 INFO  TestDataProviders:17 - Into Dataprovider - Negative Login Data
2020-08-19 18:09:07 INFO  TestDataProviders:21 - Reading JSON from a file
2020-08-19 18:09:07 INFO  BasePage:99 - Starting the testcase testCase_NegativeLogin
2020-08-19 18:09:07 INFO  BasePage:30 - New testcase :testCase_NegativeLogin
2020-08-19 18:09:07 INFO  BasePage:32 - Testcase Description : 
2020-08-19 18:09:07 INFO  BasePage:33 - Testcase get skipped
2020-08-19 18:09:07 ERROR BasePage:36 - testCase_NegativeLogin SKIPPED 
2020-08-19 18:09:07 ERROR BasePage:124 - testCase_NegativeLogin SKIPPED 
2020-08-19 18:09:07 INFO  TestDataProviders:17 - Into Dataprovider - Negative Login Data
2020-08-19 18:09:07 INFO  TestDataProviders:21 - Reading JSON from a file
2020-08-19 18:09:08 INFO  BasePage:99 - Starting the testcase testCase_NegativeLogin
2020-08-19 18:09:08 INFO  BasePage:30 - New testcase :testCase_NegativeLogin
2020-08-19 18:09:08 INFO  BasePage:32 - Testcase Description : 
2020-08-19 18:09:08 INFO  BasePage:33 - Testcase get skipped
2020-08-19 18:09:08 ERROR BasePage:36 - testCase_NegativeLogin SKIPPED 
2020-08-19 18:09:08 ERROR BasePage:124 - testCase_NegativeLogin SKIPPED 
2020-08-19 18:09:08 INFO  TestDataProviders:17 - Into Dataprovider - Negative Login Data
2020-08-19 18:09:08 INFO  TestDataProviders:21 - Reading JSON from a file
2020-08-19 18:09:08 INFO  BasePage:99 - Starting the testcase testCase_NegativeLogin
2020-08-19 18:09:08 ERROR BasePage:107 - testCase_NegativeLogin FAILED 
2020-08-19 18:09:08 ERROR BasePage:110 - java.lang.NullPointerException
	at Pages.Login.launch(Login.java:36)
	at TestCases.NegativeLogin.testCase_NegativeLogin(NegativeLogin.java:25)
	at java.base/jdk.internal.reflect.NativeMethodAccessorImpl.invoke0(Native Method)
	at java.base/jdk.internal.reflect.NativeMethodAccessorImpl.invoke(NativeMethodAccessorImpl.java:62)
	at java.base/jdk.internal.reflect.DelegatingMethodAccessorImpl.invoke(DelegatingMethodAccessorImpl.java:43)
	at java.base/java.lang.reflect.Method.invoke(Method.java:566)
	at org.testng.internal.MethodInvocationHelper.invokeMethod(MethodInvocationHelper.java:135)
	at org.testng.internal.TestInvoker.invokeMethod(TestInvoker.java:598)
	at org.testng.internal.TestInvoker.retryFailed(TestInvoker.java:214)
	at org.testng.internal.MethodRunner.runInSequence(MethodRunner.java:58)
	at org.testng.internal.TestInvoker$MethodInvocationAgent.invoke(TestInvoker.java:821)
	at org.testng.internal.TestInvoker.invokeTestMethods(TestInvoker.java:147)
	at org.testng.internal.TestMethodWorker.invokeTestMethods(TestMethodWorker.java:146)
	at org.testng.internal.TestMethodWorker.run(TestMethodWorker.java:128)
	at java.base/java.util.ArrayList.forEach(ArrayList.java:1540)
	at org.testng.TestRunner.privateRun(TestRunner.java:767)
	at org.testng.TestRunner.run(TestRunner.java:588)
	at org.testng.SuiteRunner.runTest(SuiteRunner.java:384)
	at org.testng.SuiteRunner.runSequentially(SuiteRunner.java:378)
	at org.testng.SuiteRunner.privateRun(SuiteRunner.java:337)
	at org.testng.SuiteRunner.run(SuiteRunner.java:286)
	at org.testng.SuiteRunnerWorker.runSuite(SuiteRunnerWorker.java:53)
	at org.testng.SuiteRunnerWorker.run(SuiteRunnerWorker.java:96)
	at org.testng.TestNG.runSuitesSequentially(TestNG.java:1214)
	at org.testng.TestNG.runSuitesLocally(TestNG.java:1136)
	at org.testng.TestNG.runSuites(TestNG.java:1066)
	at org.testng.TestNG.run(TestNG.java:1034)
	at org.testng.remote.AbstractRemoteTestNG.run(AbstractRemoteTestNG.java:115)
	at org.testng.remote.RemoteTestNG.initAndRun(RemoteTestNG.java:251)
	at org.testng.remote.RemoteTestNG.main(RemoteTestNG.java:77)

2020-08-19 18:09:08 INFO  BasePage:30 - New testcase :testCase_NegativeLogin
2020-08-19 18:09:08 INFO  BasePage:32 - Testcase Description : 
2020-08-19 18:09:08 INFO  BasePage:33 - Testcase get skipped
2020-08-19 18:09:08 ERROR BasePage:36 - testCase_NegativeLogin SKIPPED 
2020-08-19 18:09:08 INFO  TestDataProviders:17 - Into Dataprovider - Negative Login Data
2020-08-19 18:09:08 INFO  TestDataProviders:21 - Reading JSON from a file
2020-08-19 18:09:08 INFO  BasePage:30 - New testcase :testCase_NegativeLogin
2020-08-19 18:09:08 INFO  BasePage:32 - Testcase Description : 
2020-08-19 18:09:08 INFO  BasePage:33 - Testcase get skipped
2020-08-19 18:09:08 ERROR BasePage:36 - testCase_NegativeLogin SKIPPED 
2020-08-19 18:09:08 INFO  TestDataProviders:17 - Into Dataprovider - Negative Login Data
2020-08-19 18:09:08 INFO  TestDataProviders:21 - Reading JSON from a file
2020-08-19 18:09:08 INFO  BasePage:30 - New testcase :testCase_NegativeLogin
2020-08-19 18:09:08 INFO  BasePage:32 - Testcase Description : 
2020-08-19 18:09:08 INFO  BasePage:33 - Testcase get skipped
2020-08-19 18:09:08 ERROR BasePage:36 - testCase_NegativeLogin SKIPPED 
2020-08-19 18:09:08 INFO  TestDataProviders:17 - Into Dataprovider - Negative Login Data
2020-08-19 18:09:08 INFO  TestDataProviders:21 - Reading JSON from a file
2020-08-19 18:09:08 INFO  BasePage:30 - New testcase :testCase_NegativeLogin
2020-08-19 18:09:08 INFO  BasePage:32 - Testcase Description : 
2020-08-19 18:09:08 INFO  BasePage:33 - Testcase get skipped
2020-08-19 18:09:08 ERROR BasePage:36 - testCase_NegativeLogin SKIPPED 
2020-08-19 18:09:08 INFO  TestDataProviders:17 - Into Dataprovider - Negative Login Data
2020-08-19 18:09:08 INFO  TestDataProviders:21 - Reading JSON from a file
2020-08-19 18:09:08 INFO  BasePage:131 - Closing brower...
2020-08-19 18:10:47 INFO  BasePage:63 - Into Before Suite - Hook
2020-08-19 18:10:47 INFO  ExtentManager:22 - Into extent reporter ----
2020-08-19 18:10:47 INFO  ExtentManager:34 - HTML report created : Assignment  
2020-08-19 18:10:47 INFO  BasePage:74 - Into before Test Hook 
2020-08-19 18:10:57 INFO  BasePage:86 - Chrome Browser launched successfully..
2020-08-19 18:10:58 INFO  BasePage:30 - New testcase :testCase_Search
2020-08-19 18:10:58 INFO  BasePage:32 - Testcase Description : 
2020-08-19 18:10:58 INFO  BasePage:33 - Testcase get skipped
2020-08-19 18:10:58 ERROR BasePage:36 - testCase_Search SKIPPED 
2020-08-19 18:10:58 INFO  BasePage:131 - Closing brower...
2020-08-19 18:10:58 INFO  BasePage:74 - Into before Test Hook 
2020-08-19 18:11:08 INFO  BasePage:86 - Chrome Browser launched successfully..
2020-08-19 18:11:08 INFO  TestDataProviders:17 - Into Dataprovider - Negative Login Data
2020-08-19 18:11:08 INFO  TestDataProviders:21 - Reading JSON from a file
2020-08-19 18:11:08 INFO  BasePage:99 - Starting the testcase testCase_NegativeLogin
2020-08-19 18:11:16 INFO  NegativeLogin:32 - Login in with wrong pass
2020-08-19 18:11:16 INFO  BasePage:120 - testCase_NegativeLogin PASSED 
2020-08-19 18:11:16 INFO  BasePage:99 - Starting the testcase testCase_NegativeLogin
2020-08-19 18:11:31 INFO  NegativeLogin:32 - Login in with wrong pass
2020-08-19 18:11:31 INFO  BasePage:30 - New testcase :testCase_NegativeLogin
2020-08-19 18:11:31 INFO  BasePage:32 - Testcase Description : 
2020-08-19 18:11:31 INFO  BasePage:33 - Testcase get skipped
2020-08-19 18:11:31 ERROR BasePage:36 - testCase_NegativeLogin SKIPPED 
2020-08-19 18:11:31 ERROR BasePage:124 - testCase_NegativeLogin SKIPPED 
2020-08-19 18:11:31 INFO  TestDataProviders:17 - Into Dataprovider - Negative Login Data
2020-08-19 18:11:31 INFO  TestDataProviders:21 - Reading JSON from a file
2020-08-19 18:11:31 INFO  BasePage:99 - Starting the testcase testCase_NegativeLogin
2020-08-19 18:11:54 INFO  NegativeLogin:32 - Login in with wrong pass
2020-08-19 18:11:54 INFO  BasePage:30 - New testcase :testCase_NegativeLogin
2020-08-19 18:11:54 INFO  BasePage:32 - Testcase Description : 
2020-08-19 18:11:54 INFO  BasePage:33 - Testcase get skipped
2020-08-19 18:11:54 ERROR BasePage:36 - testCase_NegativeLogin SKIPPED 
2020-08-19 18:11:54 ERROR BasePage:124 - testCase_NegativeLogin SKIPPED 
2020-08-19 18:11:54 INFO  TestDataProviders:17 - Into Dataprovider - Negative Login Data
2020-08-19 18:11:54 INFO  TestDataProviders:21 - Reading JSON from a file
2020-08-19 18:11:54 INFO  BasePage:99 - Starting the testcase testCase_NegativeLogin
2020-08-19 18:12:06 ERROR BasePage:107 - testCase_NegativeLogin FAILED 
2020-08-19 18:12:06 ERROR BasePage:110 - org.openqa.selenium.NoSuchElementException: no such element: Unable to locate element: {"method":"xpath","selector":"//div[@id='nav-signin-tooltip']//span[@class='nav-action-inner'][contains(text(),'Sign in')]"}
  (Session info: chrome=79.0.3945.79)
For documentation on this error, please visit: https://www.seleniumhq.org/exceptions/no_such_element.html
Build info: version: '3.141.59', revision: 'e82be7d358', time: '2018-11-14T08:17:03'
System info: host: 'ANAMIKASALUJA', ip: '192.168.1.203', os.name: 'Windows 10', os.arch: 'amd64', os.version: '10.0', java.version: '11.0.5'
Driver info: org.openqa.selenium.chrome.ChromeDriver
Capabilities {acceptInsecureCerts: false, browserName: chrome, browserVersion: 79.0.3945.79, chrome: {chromedriverVersion: 79.0.3945.36 (3582db32b3389..., userDataDir: C:\Users\ANAMIK~1\AppData\L...}, goog:chromeOptions: {debuggerAddress: localhost:63375}, javascriptEnabled: true, networkConnectionEnabled: false, pageLoadStrategy: normal, platform: WINDOWS, platformName: WINDOWS, proxy: Proxy(), setWindowRect: true, strictFileInteractability: false, timeouts: {implicit: 0, pageLoad: 300000, script: 30000}, unhandledPromptBehavior: dismiss and notify}
Session ID: 810f3f5b9070d68cede316912192423e
*** Element info: {Using=xpath, value=//div[@id='nav-signin-tooltip']//span[@class='nav-action-inner'][contains(text(),'Sign in')]}
	at java.base/jdk.internal.reflect.NativeConstructorAccessorImpl.newInstance0(Native Method)
	at java.base/jdk.internal.reflect.NativeConstructorAccessorImpl.newInstance(NativeConstructorAccessorImpl.java:62)
	at java.base/jdk.internal.reflect.DelegatingConstructorAccessorImpl.newInstance(DelegatingConstructorAccessorImpl.java:45)
	at java.base/java.lang.reflect.Constructor.newInstance(Constructor.java:490)
	at org.openqa.selenium.remote.http.W3CHttpResponseCodec.createException(W3CHttpResponseCodec.java:187)
	at org.openqa.selenium.remote.http.W3CHttpResponseCodec.decode(W3CHttpResponseCodec.java:122)
	at org.openqa.selenium.remote.http.W3CHttpResponseCodec.decode(W3CHttpResponseCodec.java:49)
	at org.openqa.selenium.remote.HttpCommandExecutor.execute(HttpCommandExecutor.java:158)
	at org.openqa.selenium.remote.service.DriverCommandExecutor.execute(DriverCommandExecutor.java:83)
	at org.openqa.selenium.remote.RemoteWebDriver.execute(RemoteWebDriver.java:552)
	at org.openqa.selenium.remote.RemoteWebDriver.findElement(RemoteWebDriver.java:323)
	at org.openqa.selenium.remote.RemoteWebDriver.findElementByXPath(RemoteWebDriver.java:428)
	at org.openqa.selenium.By$ByXPath.findElement(By.java:353)
	at org.openqa.selenium.remote.RemoteWebDriver.findElement(RemoteWebDriver.java:315)
	at org.openqa.selenium.support.pagefactory.DefaultElementLocator.findElement(DefaultElementLocator.java:69)
	at org.openqa.selenium.support.pagefactory.internal.LocatingElementHandler.invoke(LocatingElementHandler.java:38)
	at com.sun.proxy.$Proxy19.click(Unknown Source)
	at Pages.Login.clickSignInButton(Login.java:40)
	at TestCases.NegativeLogin.testCase_NegativeLogin(NegativeLogin.java:26)
	at java.base/jdk.internal.reflect.NativeMethodAccessorImpl.invoke0(Native Method)
	at java.base/jdk.internal.reflect.NativeMethodAccessorImpl.invoke(NativeMethodAccessorImpl.java:62)
	at java.base/jdk.internal.reflect.DelegatingMethodAccessorImpl.invoke(DelegatingMethodAccessorImpl.java:43)
	at java.base/java.lang.reflect.Method.invoke(Method.java:566)
	at org.testng.internal.MethodInvocationHelper.invokeMethod(MethodInvocationHelper.java:135)
	at org.testng.internal.TestInvoker.invokeMethod(TestInvoker.java:598)
	at org.testng.internal.TestInvoker.retryFailed(TestInvoker.java:214)
	at org.testng.internal.MethodRunner.runInSequence(MethodRunner.java:58)
	at org.testng.internal.TestInvoker$MethodInvocationAgent.invoke(TestInvoker.java:821)
	at org.testng.internal.TestInvoker.invokeTestMethods(TestInvoker.java:147)
	at org.testng.internal.TestMethodWorker.invokeTestMethods(TestMethodWorker.java:146)
	at org.testng.internal.TestMethodWorker.run(TestMethodWorker.java:128)
	at java.base/java.util.ArrayList.forEach(ArrayList.java:1540)
	at org.testng.TestRunner.privateRun(TestRunner.java:767)
	at org.testng.TestRunner.run(TestRunner.java:588)
	at org.testng.SuiteRunner.runTest(SuiteRunner.java:384)
	at org.testng.SuiteRunner.runSequentially(SuiteRunner.java:378)
	at org.testng.SuiteRunner.privateRun(SuiteRunner.java:337)
	at org.testng.SuiteRunner.run(SuiteRunner.java:286)
	at org.testng.SuiteRunnerWorker.runSuite(SuiteRunnerWorker.java:53)
	at org.testng.SuiteRunnerWorker.run(SuiteRunnerWorker.java:96)
	at org.testng.TestNG.runSuitesSequentially(TestNG.java:1214)
	at org.testng.TestNG.runSuitesLocally(TestNG.java:1136)
	at org.testng.TestNG.runSuites(TestNG.java:1066)
	at org.testng.TestNG.run(TestNG.java:1034)
	at org.testng.remote.AbstractRemoteTestNG.run(AbstractRemoteTestNG.java:115)
	at org.testng.remote.RemoteTestNG.initAndRun(RemoteTestNG.java:251)
	at org.testng.remote.RemoteTestNG.main(RemoteTestNG.java:77)

2020-08-19 18:12:07 INFO  BasePage:99 - Starting the testcase testCase_NegativeLogin
2020-08-19 18:12:13 INFO  NegativeLogin:32 - Login in with wrong pass
2020-08-19 18:12:13 INFO  BasePage:30 - New testcase :testCase_NegativeLogin
2020-08-19 18:12:13 INFO  BasePage:32 - Testcase Description : 
2020-08-19 18:12:13 INFO  BasePage:33 - Testcase get skipped
2020-08-19 18:12:13 ERROR BasePage:36 - testCase_NegativeLogin SKIPPED 
2020-08-19 18:12:13 ERROR BasePage:124 - testCase_NegativeLogin SKIPPED 
2020-08-19 18:12:13 INFO  TestDataProviders:17 - Into Dataprovider - Negative Login Data
2020-08-19 18:12:13 INFO  TestDataProviders:21 - Reading JSON from a file
2020-08-19 18:12:13 INFO  BasePage:99 - Starting the testcase testCase_NegativeLogin
2020-08-19 18:12:19 INFO  NegativeLogin:32 - Login in with wrong pass
2020-08-19 18:12:19 INFO  BasePage:30 - New testcase :testCase_NegativeLogin
2020-08-19 18:12:19 INFO  BasePage:32 - Testcase Description : 
2020-08-19 18:12:19 INFO  BasePage:33 - Testcase get skipped
2020-08-19 18:12:19 ERROR BasePage:36 - testCase_NegativeLogin SKIPPED 
2020-08-19 18:12:19 ERROR BasePage:124 - testCase_NegativeLogin SKIPPED 
2020-08-19 18:12:19 INFO  TestDataProviders:17 - Into Dataprovider - Negative Login Data
2020-08-19 18:12:19 INFO  TestDataProviders:21 - Reading JSON from a file
2020-08-19 18:12:19 INFO  BasePage:99 - Starting the testcase testCase_NegativeLogin
2020-08-19 18:12:24 INFO  NegativeLogin:32 - Login in with wrong pass
2020-08-19 18:12:24 ERROR BasePage:107 - testCase_NegativeLogin FAILED 
2020-08-19 18:12:24 ERROR BasePage:110 - java.lang.AssertionError: The following asserts failed:
	expected [Important Message!] but found [],
	expected [Important Message!] but found [There was a problem]
	at org.testng.asserts.SoftAssert.assertAll(SoftAssert.java:47)
	at org.testng.asserts.SoftAssert.assertAll(SoftAssert.java:31)
	at Pages.Login.wrongPassTitle(Login.java:62)
	at TestCases.NegativeLogin.testCase_NegativeLogin(NegativeLogin.java:33)
	at java.base/jdk.internal.reflect.NativeMethodAccessorImpl.invoke0(Native Method)
	at java.base/jdk.internal.reflect.NativeMethodAccessorImpl.invoke(NativeMethodAccessorImpl.java:62)
	at java.base/jdk.internal.reflect.DelegatingMethodAccessorImpl.invoke(DelegatingMethodAccessorImpl.java:43)
	at java.base/java.lang.reflect.Method.invoke(Method.java:566)
	at org.testng.internal.MethodInvocationHelper.invokeMethod(MethodInvocationHelper.java:135)
	at org.testng.internal.TestInvoker.invokeMethod(TestInvoker.java:598)
	at org.testng.internal.TestInvoker.retryFailed(TestInvoker.java:214)
	at org.testng.internal.MethodRunner.runInSequence(MethodRunner.java:58)
	at org.testng.internal.TestInvoker$MethodInvocationAgent.invoke(TestInvoker.java:821)
	at org.testng.internal.TestInvoker.invokeTestMethods(TestInvoker.java:147)
	at org.testng.internal.TestMethodWorker.invokeTestMethods(TestMethodWorker.java:146)
	at org.testng.internal.TestMethodWorker.run(TestMethodWorker.java:128)
	at java.base/java.util.ArrayList.forEach(ArrayList.java:1540)
	at org.testng.TestRunner.privateRun(TestRunner.java:767)
	at org.testng.TestRunner.run(TestRunner.java:588)
	at org.testng.SuiteRunner.runTest(SuiteRunner.java:384)
	at org.testng.SuiteRunner.runSequentially(SuiteRunner.java:378)
	at org.testng.SuiteRunner.privateRun(SuiteRunner.java:337)
	at org.testng.SuiteRunner.run(SuiteRunner.java:286)
	at org.testng.SuiteRunnerWorker.runSuite(SuiteRunnerWorker.java:53)
	at org.testng.SuiteRunnerWorker.run(SuiteRunnerWorker.java:96)
	at org.testng.TestNG.runSuitesSequentially(TestNG.java:1214)
	at org.testng.TestNG.runSuitesLocally(TestNG.java:1136)
	at org.testng.TestNG.runSuites(TestNG.java:1066)
	at org.testng.TestNG.run(TestNG.java:1034)
	at org.testng.remote.AbstractRemoteTestNG.run(AbstractRemoteTestNG.java:115)
	at org.testng.remote.RemoteTestNG.initAndRun(RemoteTestNG.java:251)
	at org.testng.remote.RemoteTestNG.main(RemoteTestNG.java:77)

2020-08-19 18:12:24 INFO  BasePage:131 - Closing brower...
2020-08-19 18:12:26 INFO  ExtentManager:41 - HTML report saved at D:\Eclipse\Amazon_Assignment\Amazon_Assignment/reports
2020-08-19 18:14:57 INFO  BasePage:63 - Into Before Suite - Hook
2020-08-19 18:14:57 INFO  ExtentManager:22 - Into extent reporter ----
2020-08-19 18:14:57 INFO  ExtentManager:34 - HTML report created : Assignment  
2020-08-19 18:14:57 INFO  BasePage:74 - Into before Test Hook 
2020-08-19 18:15:08 INFO  BasePage:86 - Chrome Browser launched successfully..
2020-08-19 18:15:08 INFO  BasePage:30 - New testcase :testCase_Search
2020-08-19 18:15:08 INFO  BasePage:32 - Testcase Description : 
2020-08-19 18:15:08 INFO  BasePage:33 - Testcase get skipped
2020-08-19 18:15:08 ERROR BasePage:36 - testCase_Search SKIPPED 
2020-08-19 18:15:08 INFO  BasePage:131 - Closing brower...
2020-08-19 18:15:09 INFO  BasePage:74 - Into before Test Hook 
2020-08-19 18:15:18 INFO  BasePage:86 - Chrome Browser launched successfully..
2020-08-19 18:15:18 INFO  TestDataProviders:17 - Into Dataprovider - Negative Login Data
2020-08-19 18:15:18 INFO  TestDataProviders:21 - Reading JSON from a file
2020-08-19 18:15:18 INFO  BasePage:99 - Starting the testcase testCase_NegativeLogin
2020-08-19 18:15:26 INFO  NegativeLogin:32 - Login in with wrong pass
2020-08-19 18:15:26 INFO  BasePage:120 - testCase_NegativeLogin PASSED 
2020-08-19 18:15:26 INFO  BasePage:99 - Starting the testcase testCase_NegativeLogin
2020-08-19 18:15:33 INFO  NegativeLogin:32 - Login in with wrong pass
2020-08-19 18:15:33 INFO  BasePage:120 - testCase_NegativeLogin PASSED 
2020-08-19 18:15:33 INFO  BasePage:99 - Starting the testcase testCase_NegativeLogin
2020-08-19 18:15:38 INFO  NegativeLogin:32 - Login in with wrong pass
2020-08-19 18:15:38 INFO  BasePage:120 - testCase_NegativeLogin PASSED 
2020-08-19 18:15:38 INFO  BasePage:131 - Closing brower...
2020-08-19 18:15:39 INFO  ExtentManager:41 - HTML report saved at D:\Eclipse\Amazon_Assignment\Amazon_Assignment/reports
2020-08-25 16:43:21 INFO  BasePage:63 - Into Before Suite - Hook
2020-08-25 16:43:21 INFO  ExtentManager:22 - Into extent reporter ----
2020-08-25 16:43:21 INFO  ExtentManager:34 - HTML report created : Assignment  
2020-08-25 16:43:21 INFO  BasePage:74 - Into before Test Hook 
2020-08-25 16:43:23 INFO  BasePage:88 - Error while launching Browser...
2020-08-25 16:43:23 ERROR BasePage:89 - [Ljava.lang.StackTraceElement;@6d6bc158
2020-08-25 16:43:23 INFO  BasePage:30 - New testcase :testCase_Search
2020-08-25 16:43:23 INFO  BasePage:32 - Testcase Description : 
2020-08-25 16:43:23 INFO  BasePage:33 - Testcase get skipped
2020-08-25 16:43:23 ERROR BasePage:36 - testCase_Search SKIPPED 
2020-08-25 16:43:23 INFO  BasePage:131 - Closing brower...
2020-08-25 16:43:23 INFO  BasePage:74 - Into before Test Hook 
2020-08-25 16:43:24 INFO  BasePage:88 - Error while launching Browser...
2020-08-25 16:43:24 ERROR BasePage:89 - [Ljava.lang.StackTraceElement;@17f460bb
2020-08-25 16:43:24 INFO  TestDataProviders:17 - Into Dataprovider - Negative Login Data
2020-08-25 16:43:24 INFO  TestDataProviders:21 - Reading JSON from a file
2020-08-25 16:43:24 INFO  BasePage:99 - Starting the testcase testCase_NegativeLogin
2020-08-25 16:43:24 INFO  BasePage:30 - New testcase :testCase_NegativeLogin
2020-08-25 16:43:24 INFO  BasePage:32 - Testcase Description : 
2020-08-25 16:43:24 INFO  BasePage:33 - Testcase get skipped
2020-08-25 16:43:24 ERROR BasePage:36 - testCase_NegativeLogin SKIPPED 
2020-08-25 16:43:24 ERROR BasePage:124 - testCase_NegativeLogin SKIPPED 
2020-08-25 16:43:24 INFO  TestDataProviders:17 - Into Dataprovider - Negative Login Data
2020-08-25 16:43:24 INFO  TestDataProviders:21 - Reading JSON from a file
2020-08-25 16:43:24 INFO  BasePage:99 - Starting the testcase testCase_NegativeLogin
2020-08-25 16:43:24 INFO  BasePage:30 - New testcase :testCase_NegativeLogin
2020-08-25 16:43:24 INFO  BasePage:32 - Testcase Description : 
2020-08-25 16:43:24 INFO  BasePage:33 - Testcase get skipped
2020-08-25 16:43:24 ERROR BasePage:36 - testCase_NegativeLogin SKIPPED 
2020-08-25 16:43:24 ERROR BasePage:124 - testCase_NegativeLogin SKIPPED 
2020-08-25 16:43:24 INFO  TestDataProviders:17 - Into Dataprovider - Negative Login Data
2020-08-25 16:43:24 INFO  TestDataProviders:21 - Reading JSON from a file
2020-08-25 16:43:24 INFO  BasePage:99 - Starting the testcase testCase_NegativeLogin
2020-08-25 16:43:24 ERROR BasePage:107 - testCase_NegativeLogin FAILED 
2020-08-25 16:43:24 ERROR BasePage:110 - java.lang.NullPointerException
	at Pages.Login.launch(Login.java:36)
	at TestCases.NegativeLogin.testCase_NegativeLogin(NegativeLogin.java:25)
	at java.base/jdk.internal.reflect.NativeMethodAccessorImpl.invoke0(Native Method)
	at java.base/jdk.internal.reflect.NativeMethodAccessorImpl.invoke(NativeMethodAccessorImpl.java:62)
	at java.base/jdk.internal.reflect.DelegatingMethodAccessorImpl.invoke(DelegatingMethodAccessorImpl.java:43)
	at java.base/java.lang.reflect.Method.invoke(Method.java:566)
	at org.testng.internal.MethodInvocationHelper.invokeMethod(MethodInvocationHelper.java:135)
	at org.testng.internal.TestInvoker.invokeMethod(TestInvoker.java:598)
	at org.testng.internal.TestInvoker.retryFailed(TestInvoker.java:214)
	at org.testng.internal.MethodRunner.runInSequence(MethodRunner.java:58)
	at org.testng.internal.TestInvoker$MethodInvocationAgent.invoke(TestInvoker.java:821)
	at org.testng.internal.TestInvoker.invokeTestMethods(TestInvoker.java:147)
	at org.testng.internal.TestMethodWorker.invokeTestMethods(TestMethodWorker.java:146)
	at org.testng.internal.TestMethodWorker.run(TestMethodWorker.java:128)
	at java.base/java.util.ArrayList.forEach(ArrayList.java:1540)
	at org.testng.TestRunner.privateRun(TestRunner.java:767)
	at org.testng.TestRunner.run(TestRunner.java:588)
	at org.testng.SuiteRunner.runTest(SuiteRunner.java:384)
	at org.testng.SuiteRunner.runSequentially(SuiteRunner.java:378)
	at org.testng.SuiteRunner.privateRun(SuiteRunner.java:337)
	at org.testng.SuiteRunner.run(SuiteRunner.java:286)
	at org.testng.SuiteRunnerWorker.runSuite(SuiteRunnerWorker.java:53)
	at org.testng.SuiteRunnerWorker.run(SuiteRunnerWorker.java:96)
	at org.testng.TestNG.runSuitesSequentially(TestNG.java:1214)
	at org.testng.TestNG.runSuitesLocally(TestNG.java:1136)
	at org.testng.TestNG.runSuites(TestNG.java:1066)
	at org.testng.TestNG.run(TestNG.java:1034)
	at org.testng.remote.AbstractRemoteTestNG.run(AbstractRemoteTestNG.java:115)
	at org.testng.remote.RemoteTestNG.initAndRun(RemoteTestNG.java:251)
	at org.testng.remote.RemoteTestNG.main(RemoteTestNG.java:77)

2020-08-25 16:43:24 INFO  BasePage:30 - New testcase :testCase_NegativeLogin
2020-08-25 16:43:24 INFO  BasePage:32 - Testcase Description : 
2020-08-25 16:43:24 INFO  BasePage:33 - Testcase get skipped
2020-08-25 16:43:24 ERROR BasePage:36 - testCase_NegativeLogin SKIPPED 
2020-08-25 16:43:24 INFO  TestDataProviders:17 - Into Dataprovider - Negative Login Data
2020-08-25 16:43:24 INFO  TestDataProviders:21 - Reading JSON from a file
2020-08-25 16:43:24 INFO  BasePage:30 - New testcase :testCase_NegativeLogin
2020-08-25 16:43:24 INFO  BasePage:32 - Testcase Description : 
2020-08-25 16:43:24 INFO  BasePage:33 - Testcase get skipped
2020-08-25 16:43:24 ERROR BasePage:36 - testCase_NegativeLogin SKIPPED 
2020-08-25 16:43:24 INFO  TestDataProviders:17 - Into Dataprovider - Negative Login Data
2020-08-25 16:43:24 INFO  TestDataProviders:21 - Reading JSON from a file
2020-08-25 16:43:24 INFO  BasePage:30 - New testcase :testCase_NegativeLogin
2020-08-25 16:43:24 INFO  BasePage:32 - Testcase Description : 
2020-08-25 16:43:24 INFO  BasePage:33 - Testcase get skipped
2020-08-25 16:43:24 ERROR BasePage:36 - testCase_NegativeLogin SKIPPED 
2020-08-25 16:43:24 INFO  TestDataProviders:17 - Into Dataprovider - Negative Login Data
2020-08-25 16:43:24 INFO  TestDataProviders:21 - Reading JSON from a file
2020-08-25 16:43:24 INFO  BasePage:30 - New testcase :testCase_NegativeLogin
2020-08-25 16:43:24 INFO  BasePage:32 - Testcase Description : 
2020-08-25 16:43:24 INFO  BasePage:33 - Testcase get skipped
2020-08-25 16:43:24 ERROR BasePage:36 - testCase_NegativeLogin SKIPPED 
2020-08-25 16:43:24 INFO  TestDataProviders:17 - Into Dataprovider - Negative Login Data
2020-08-25 16:43:24 INFO  TestDataProviders:21 - Reading JSON from a file
2020-08-25 16:43:24 INFO  BasePage:131 - Closing brower...
2020-08-25 16:48:39 INFO  BasePage:63 - Into Before Suite - Hook
2020-08-25 16:48:39 INFO  ExtentManager:22 - Into extent reporter ----
2020-08-25 16:48:40 INFO  ExtentManager:34 - HTML report created : Assignment  
2020-08-25 16:48:40 INFO  BasePage:74 - Into before Test Hook 
2020-08-25 16:48:42 INFO  BasePage:88 - Error while launching Browser...
2020-08-25 16:48:42 ERROR BasePage:89 - [Ljava.lang.StackTraceElement;@6d6bc158
2020-08-25 16:48:42 INFO  BasePage:30 - New testcase :testCase_Search
2020-08-25 16:48:42 INFO  BasePage:32 - Testcase Description : 
2020-08-25 16:48:42 INFO  BasePage:33 - Testcase get skipped
2020-08-25 16:48:42 ERROR BasePage:36 - testCase_Search SKIPPED 
2020-08-25 16:48:42 INFO  BasePage:131 - Closing brower...
2020-08-25 16:48:42 INFO  BasePage:74 - Into before Test Hook 
2020-08-25 16:48:44 INFO  BasePage:88 - Error while launching Browser...
2020-08-25 16:48:44 ERROR BasePage:89 - [Ljava.lang.StackTraceElement;@17f460bb
2020-08-25 16:48:44 INFO  TestDataProviders:17 - Into Dataprovider - Negative Login Data
2020-08-25 16:48:44 INFO  TestDataProviders:21 - Reading JSON from a file
2020-08-25 16:48:44 INFO  BasePage:99 - Starting the testcase testCase_NegativeLogin
2020-08-25 16:48:44 INFO  BasePage:30 - New testcase :testCase_NegativeLogin
2020-08-25 16:48:44 INFO  BasePage:32 - Testcase Description : 
2020-08-25 16:48:44 INFO  BasePage:33 - Testcase get skipped
2020-08-25 16:48:44 ERROR BasePage:36 - testCase_NegativeLogin SKIPPED 
2020-08-25 16:48:44 ERROR BasePage:124 - testCase_NegativeLogin SKIPPED 
2020-08-25 16:48:44 INFO  TestDataProviders:17 - Into Dataprovider - Negative Login Data
2020-08-25 16:48:44 INFO  TestDataProviders:21 - Reading JSON from a file
2020-08-25 16:48:44 INFO  BasePage:99 - Starting the testcase testCase_NegativeLogin
2020-08-25 16:48:44 INFO  BasePage:30 - New testcase :testCase_NegativeLogin
2020-08-25 16:48:44 INFO  BasePage:32 - Testcase Description : 
2020-08-25 16:48:44 INFO  BasePage:33 - Testcase get skipped
2020-08-25 16:48:44 ERROR BasePage:36 - testCase_NegativeLogin SKIPPED 
2020-08-25 16:48:44 ERROR BasePage:124 - testCase_NegativeLogin SKIPPED 
2020-08-25 16:48:44 INFO  TestDataProviders:17 - Into Dataprovider - Negative Login Data
2020-08-25 16:48:44 INFO  TestDataProviders:21 - Reading JSON from a file
2020-08-25 16:48:44 INFO  BasePage:99 - Starting the testcase testCase_NegativeLogin
2020-08-25 16:48:44 ERROR BasePage:107 - testCase_NegativeLogin FAILED 
2020-08-25 16:48:44 ERROR BasePage:110 - java.lang.NullPointerException
	at Pages.Login.launch(Login.java:36)
	at TestCases.NegativeLogin.testCase_NegativeLogin(NegativeLogin.java:25)
	at java.base/jdk.internal.reflect.NativeMethodAccessorImpl.invoke0(Native Method)
	at java.base/jdk.internal.reflect.NativeMethodAccessorImpl.invoke(NativeMethodAccessorImpl.java:62)
	at java.base/jdk.internal.reflect.DelegatingMethodAccessorImpl.invoke(DelegatingMethodAccessorImpl.java:43)
	at java.base/java.lang.reflect.Method.invoke(Method.java:566)
	at org.testng.internal.MethodInvocationHelper.invokeMethod(MethodInvocationHelper.java:135)
	at org.testng.internal.TestInvoker.invokeMethod(TestInvoker.java:598)
	at org.testng.internal.TestInvoker.retryFailed(TestInvoker.java:214)
	at org.testng.internal.MethodRunner.runInSequence(MethodRunner.java:58)
	at org.testng.internal.TestInvoker$MethodInvocationAgent.invoke(TestInvoker.java:821)
	at org.testng.internal.TestInvoker.invokeTestMethods(TestInvoker.java:147)
	at org.testng.internal.TestMethodWorker.invokeTestMethods(TestMethodWorker.java:146)
	at org.testng.internal.TestMethodWorker.run(TestMethodWorker.java:128)
	at java.base/java.util.ArrayList.forEach(ArrayList.java:1540)
	at org.testng.TestRunner.privateRun(TestRunner.java:767)
	at org.testng.TestRunner.run(TestRunner.java:588)
	at org.testng.SuiteRunner.runTest(SuiteRunner.java:384)
	at org.testng.SuiteRunner.runSequentially(SuiteRunner.java:378)
	at org.testng.SuiteRunner.privateRun(SuiteRunner.java:337)
	at org.testng.SuiteRunner.run(SuiteRunner.java:286)
	at org.testng.SuiteRunnerWorker.runSuite(SuiteRunnerWorker.java:53)
	at org.testng.SuiteRunnerWorker.run(SuiteRunnerWorker.java:96)
	at org.testng.TestNG.runSuitesSequentially(TestNG.java:1214)
	at org.testng.TestNG.runSuitesLocally(TestNG.java:1136)
	at org.testng.TestNG.runSuites(TestNG.java:1066)
	at org.testng.TestNG.run(TestNG.java:1034)
	at org.testng.remote.AbstractRemoteTestNG.run(AbstractRemoteTestNG.java:115)
	at org.testng.remote.RemoteTestNG.initAndRun(RemoteTestNG.java:251)
	at org.testng.remote.RemoteTestNG.main(RemoteTestNG.java:77)

2020-08-25 16:48:44 INFO  BasePage:30 - New testcase :testCase_NegativeLogin
2020-08-25 16:48:44 INFO  BasePage:32 - Testcase Description : 
2020-08-25 16:48:44 INFO  BasePage:33 - Testcase get skipped
2020-08-25 16:48:44 ERROR BasePage:36 - testCase_NegativeLogin SKIPPED 
2020-08-25 16:48:44 INFO  TestDataProviders:17 - Into Dataprovider - Negative Login Data
2020-08-25 16:48:44 INFO  TestDataProviders:21 - Reading JSON from a file
2020-08-25 16:48:44 INFO  BasePage:30 - New testcase :testCase_NegativeLogin
2020-08-25 16:48:44 INFO  BasePage:32 - Testcase Description : 
2020-08-25 16:48:44 INFO  BasePage:33 - Testcase get skipped
2020-08-25 16:48:44 ERROR BasePage:36 - testCase_NegativeLogin SKIPPED 
2020-08-25 16:48:44 INFO  TestDataProviders:17 - Into Dataprovider - Negative Login Data
2020-08-25 16:48:44 INFO  TestDataProviders:21 - Reading JSON from a file
2020-08-25 16:48:44 INFO  BasePage:30 - New testcase :testCase_NegativeLogin
2020-08-25 16:48:44 INFO  BasePage:32 - Testcase Description : 
2020-08-25 16:48:44 INFO  BasePage:33 - Testcase get skipped
2020-08-25 16:48:44 ERROR BasePage:36 - testCase_NegativeLogin SKIPPED 
2020-08-25 16:48:44 INFO  TestDataProviders:17 - Into Dataprovider - Negative Login Data
2020-08-25 16:48:44 INFO  TestDataProviders:21 - Reading JSON from a file
2020-08-25 16:48:44 INFO  BasePage:30 - New testcase :testCase_NegativeLogin
2020-08-25 16:48:44 INFO  BasePage:32 - Testcase Description : 
2020-08-25 16:48:44 INFO  BasePage:33 - Testcase get skipped
2020-08-25 16:48:44 ERROR BasePage:36 - testCase_NegativeLogin SKIPPED 
2020-08-25 16:48:44 INFO  TestDataProviders:17 - Into Dataprovider - Negative Login Data
2020-08-25 16:48:44 INFO  TestDataProviders:21 - Reading JSON from a file
2020-08-25 16:48:44 INFO  BasePage:131 - Closing brower...
2020-08-25 16:57:12 INFO  BasePage:63 - Into Before Suite - Hook
2020-08-25 16:57:12 INFO  ExtentManager:22 - Into extent reporter ----
2020-08-25 16:57:12 INFO  ExtentManager:34 - HTML report created : Assignment  
2020-08-25 16:57:12 INFO  BasePage:30 - New testcase :testCase_Search
2020-08-25 16:57:12 INFO  BasePage:32 - Testcase Description : 
2020-08-25 16:57:12 INFO  BasePage:33 - Testcase get skipped
2020-08-25 16:57:12 ERROR BasePage:36 - testCase_Search SKIPPED 
2020-08-25 16:57:12 INFO  TestDataProviders:17 - Into Dataprovider - Negative Login Data
2020-08-25 16:57:12 INFO  TestDataProviders:21 - Reading JSON from a file
2020-08-25 16:57:12 INFO  BasePage:30 - New testcase :testCase_NegativeLogin
2020-08-25 16:57:12 INFO  BasePage:32 - Testcase Description : 
2020-08-25 16:57:12 INFO  BasePage:33 - Testcase get skipped
2020-08-25 16:57:12 ERROR BasePage:36 - testCase_NegativeLogin SKIPPED 
2020-08-25 16:57:12 INFO  BasePage:30 - New testcase :testCase_NegativeLogin
2020-08-25 16:57:12 INFO  BasePage:32 - Testcase Description : 
2020-08-25 16:57:12 INFO  BasePage:33 - Testcase get skipped
2020-08-25 16:57:12 ERROR BasePage:36 - testCase_NegativeLogin SKIPPED 
2020-08-25 16:57:12 INFO  BasePage:30 - New testcase :testCase_NegativeLogin
2020-08-25 16:57:12 INFO  BasePage:32 - Testcase Description : 
2020-08-25 16:57:12 INFO  BasePage:33 - Testcase get skipped
2020-08-25 16:57:12 ERROR BasePage:36 - testCase_NegativeLogin SKIPPED 
2020-08-25 16:58:40 INFO  BasePage:63 - Into Before Suite - Hook
2020-08-25 16:58:40 INFO  ExtentManager:22 - Into extent reporter ----
2020-08-25 16:58:40 INFO  ExtentManager:34 - HTML report created : Assignment  
2020-08-25 16:58:40 INFO  BasePage:30 - New testcase :testCase_Search
2020-08-25 16:58:40 INFO  BasePage:32 - Testcase Description : 
2020-08-25 16:58:40 INFO  BasePage:33 - Testcase get skipped
2020-08-25 16:58:40 ERROR BasePage:36 - testCase_Search SKIPPED 
2020-08-25 16:58:40 INFO  TestDataProviders:17 - Into Dataprovider - Negative Login Data
2020-08-25 16:58:40 INFO  TestDataProviders:21 - Reading JSON from a file
2020-08-25 16:58:40 INFO  BasePage:30 - New testcase :testCase_NegativeLogin
2020-08-25 16:58:40 INFO  BasePage:32 - Testcase Description : 
2020-08-25 16:58:40 INFO  BasePage:33 - Testcase get skipped
2020-08-25 16:58:40 ERROR BasePage:36 - testCase_NegativeLogin SKIPPED 
2020-08-25 16:58:40 INFO  BasePage:30 - New testcase :testCase_NegativeLogin
2020-08-25 16:58:40 INFO  BasePage:32 - Testcase Description : 
2020-08-25 16:58:40 INFO  BasePage:33 - Testcase get skipped
2020-08-25 16:58:40 ERROR BasePage:36 - testCase_NegativeLogin SKIPPED 
2020-08-25 16:58:40 INFO  BasePage:30 - New testcase :testCase_NegativeLogin
2020-08-25 16:58:40 INFO  BasePage:32 - Testcase Description : 
2020-08-25 16:58:40 INFO  BasePage:33 - Testcase get skipped
2020-08-25 16:58:40 ERROR BasePage:36 - testCase_NegativeLogin SKIPPED 
2020-08-25 16:58:53 INFO  BasePage:63 - Into Before Suite - Hook
2020-08-25 16:58:53 INFO  ExtentManager:22 - Into extent reporter ----
2020-08-25 16:58:53 INFO  ExtentManager:34 - HTML report created : Assignment  
2020-08-25 16:58:53 INFO  BasePage:30 - New testcase :testCase_Search
2020-08-25 16:58:53 INFO  BasePage:32 - Testcase Description : 
2020-08-25 16:58:53 INFO  BasePage:33 - Testcase get skipped
2020-08-25 16:58:53 ERROR BasePage:36 - testCase_Search SKIPPED 
2020-08-25 16:58:53 INFO  TestDataProviders:17 - Into Dataprovider - Negative Login Data
2020-08-25 16:58:53 INFO  TestDataProviders:21 - Reading JSON from a file
2020-08-25 16:58:53 INFO  BasePage:30 - New testcase :testCase_NegativeLogin
2020-08-25 16:58:53 INFO  BasePage:32 - Testcase Description : 
2020-08-25 16:58:53 INFO  BasePage:33 - Testcase get skipped
2020-08-25 16:58:53 ERROR BasePage:36 - testCase_NegativeLogin SKIPPED 
2020-08-25 16:58:53 INFO  BasePage:30 - New testcase :testCase_NegativeLogin
2020-08-25 16:58:53 INFO  BasePage:32 - Testcase Description : 
2020-08-25 16:58:53 INFO  BasePage:33 - Testcase get skipped
2020-08-25 16:58:53 ERROR BasePage:36 - testCase_NegativeLogin SKIPPED 
2020-08-25 16:58:53 INFO  BasePage:30 - New testcase :testCase_NegativeLogin
2020-08-25 16:58:53 INFO  BasePage:32 - Testcase Description : 
2020-08-25 16:58:53 INFO  BasePage:33 - Testcase get skipped
2020-08-25 16:58:53 ERROR BasePage:36 - testCase_NegativeLogin SKIPPED 
2020-08-25 16:59:28 INFO  BasePage:63 - Into Before Suite - Hook
2020-08-25 16:59:28 INFO  ExtentManager:22 - Into extent reporter ----
2020-08-25 16:59:28 INFO  ExtentManager:34 - HTML report created : Assignment  
2020-08-25 16:59:28 INFO  BasePage:77 - Into before Test Hook 
2020-08-25 16:59:35 INFO  BasePage:89 - Chrome Browser launched successfully..
2020-08-25 16:59:35 INFO  BasePage:30 - New testcase :testCase_Search
2020-08-25 16:59:35 INFO  BasePage:32 - Testcase Description : 
2020-08-25 16:59:35 INFO  BasePage:33 - Testcase get skipped
2020-08-25 16:59:35 ERROR BasePage:36 - testCase_Search SKIPPED 
2020-08-25 16:59:35 INFO  BasePage:134 - Closing brower...
2020-08-25 16:59:36 INFO  BasePage:77 - Into before Test Hook 
2020-08-25 16:59:41 INFO  BasePage:89 - Chrome Browser launched successfully..
2020-08-25 16:59:41 INFO  TestDataProviders:17 - Into Dataprovider - Negative Login Data
2020-08-25 16:59:42 INFO  TestDataProviders:21 - Reading JSON from a file
2020-08-25 16:59:42 INFO  BasePage:102 - Starting the testcase testCase_NegativeLogin
2020-08-25 16:59:49 INFO  NegativeLogin:32 - Login in with wrong pass
2020-08-25 16:59:49 INFO  BasePage:123 - testCase_NegativeLogin PASSED 
2020-08-25 16:59:49 INFO  BasePage:102 - Starting the testcase testCase_NegativeLogin
2020-08-25 16:59:55 INFO  NegativeLogin:32 - Login in with wrong pass
2020-08-25 16:59:55 INFO  BasePage:123 - testCase_NegativeLogin PASSED 
2020-08-25 16:59:55 INFO  BasePage:102 - Starting the testcase testCase_NegativeLogin
2020-08-25 17:00:01 INFO  NegativeLogin:32 - Login in with wrong pass
2020-08-25 17:00:01 INFO  BasePage:123 - testCase_NegativeLogin PASSED 
2020-08-25 17:00:01 INFO  BasePage:134 - Closing brower...
2020-08-25 17:00:02 INFO  ExtentManager:41 - HTML report saved at D:\Assignment\Amazon_Assignment\Amazon_Assignment\Amazon_Assignment/reports
2020-08-25 17:00:38 INFO  BasePage:63 - Into Before Suite - Hook
2020-08-25 17:00:38 INFO  ExtentManager:22 - Into extent reporter ----
2020-08-25 17:00:38 INFO  ExtentManager:34 - HTML report created : Assignment  
2020-08-25 17:00:38 INFO  TestDataProviders:17 - Into Dataprovider - Negative Login Data
2020-08-25 17:00:38 INFO  TestDataProviders:21 - Reading JSON from a file
2020-08-25 18:09:30 INFO  BasePage:63 - Into Before Suite - Hook
2020-08-25 18:09:30 INFO  ExtentManager:22 - Into extent reporter ----
2020-08-25 18:09:30 INFO  ExtentManager:34 - HTML report created : Assignment  
2020-08-25 18:09:30 INFO  BasePage:77 - Into before Test Hook 
2020-08-25 18:09:37 INFO  BasePage:89 - Chrome Browser launched successfully..
2020-08-25 18:09:37 INFO  BasePage:30 - New testcase :testCase_Search
2020-08-25 18:09:37 INFO  BasePage:32 - Testcase Description : 
2020-08-25 18:09:37 INFO  BasePage:33 - Testcase get skipped
2020-08-25 18:09:37 ERROR BasePage:36 - testCase_Search SKIPPED 
2020-08-25 18:09:37 INFO  BasePage:134 - Closing brower...
2020-08-25 18:09:37 INFO  BasePage:77 - Into before Test Hook 
2020-08-25 18:09:43 INFO  BasePage:89 - Chrome Browser launched successfully..
2020-08-25 18:09:43 INFO  TestDataProviders:17 - Into Dataprovider - Negative Login Data
2020-08-25 18:09:43 INFO  TestDataProviders:21 - Reading JSON from a file
2020-08-25 18:09:43 INFO  BasePage:102 - Starting the testcase testCase_NegativeLogin
2020-08-25 18:09:57 INFO  BasePage:30 - New testcase :testCase_NegativeLogin
2020-08-25 18:09:57 INFO  BasePage:32 - Testcase Description : 
2020-08-25 18:09:57 INFO  BasePage:33 - Testcase get skipped
2020-08-25 18:09:57 ERROR BasePage:36 - testCase_NegativeLogin SKIPPED 
2020-08-25 18:09:57 ERROR BasePage:127 - testCase_NegativeLogin SKIPPED 
2020-08-25 18:09:57 INFO  TestDataProviders:17 - Into Dataprovider - Negative Login Data
2020-08-25 18:09:57 INFO  TestDataProviders:21 - Reading JSON from a file
2020-08-25 18:09:57 INFO  BasePage:102 - Starting the testcase testCase_NegativeLogin
2020-08-25 18:10:08 INFO  NegativeLogin:32 - Login in with wrong pass
2020-08-25 18:10:08 INFO  BasePage:123 - testCase_NegativeLogin PASSED 
2020-08-25 18:10:08 INFO  BasePage:102 - Starting the testcase testCase_NegativeLogin
2020-08-25 18:10:19 INFO  BasePage:30 - New testcase :testCase_NegativeLogin
2020-08-25 18:10:19 INFO  BasePage:32 - Testcase Description : 
2020-08-25 18:10:19 INFO  BasePage:33 - Testcase get skipped
2020-08-25 18:10:19 ERROR BasePage:36 - testCase_NegativeLogin SKIPPED 
2020-08-25 18:10:19 ERROR BasePage:127 - testCase_NegativeLogin SKIPPED 
2020-08-25 18:10:19 INFO  TestDataProviders:17 - Into Dataprovider - Negative Login Data
2020-08-25 18:10:19 INFO  TestDataProviders:21 - Reading JSON from a file
2020-08-25 18:10:19 INFO  BasePage:102 - Starting the testcase testCase_NegativeLogin
2020-08-25 18:10:29 INFO  BasePage:30 - New testcase :testCase_NegativeLogin
2020-08-25 18:10:29 INFO  BasePage:32 - Testcase Description : 
2020-08-25 18:10:29 INFO  BasePage:33 - Testcase get skipped
2020-08-25 18:10:29 ERROR BasePage:36 - testCase_NegativeLogin SKIPPED 
2020-08-25 18:10:29 ERROR BasePage:127 - testCase_NegativeLogin SKIPPED 
2020-08-25 18:10:29 INFO  TestDataProviders:17 - Into Dataprovider - Negative Login Data
2020-08-25 18:10:29 INFO  TestDataProviders:21 - Reading JSON from a file
2020-08-25 18:10:29 INFO  BasePage:102 - Starting the testcase testCase_NegativeLogin
2020-08-25 18:10:40 ERROR BasePage:110 - testCase_NegativeLogin FAILED 
2020-08-25 18:10:40 ERROR BasePage:113 - org.openqa.selenium.NoSuchElementException: no such element: Unable to locate element: {"method":"xpath","selector":"//div[@id='nav-signin-tooltip']//span[@class='nav-action-inner'][contains(text(),'Sign in')]"}
  (Session info: chrome=84.0.4147.135)
For documentation on this error, please visit: https://www.seleniumhq.org/exceptions/no_such_element.html
Build info: version: '3.141.59', revision: 'e82be7d358', time: '2018-11-14T08:17:03'
System info: host: 'ANAMIKASALUJA', ip: '192.168.1.203', os.name: 'Windows 10', os.arch: 'amd64', os.version: '10.0', java.version: '11.0.5'
Driver info: org.openqa.selenium.chrome.ChromeDriver
Capabilities {acceptInsecureCerts: false, browserName: chrome, browserVersion: 84.0.4147.135, chrome: {chromedriverVersion: 84.0.4147.30 (48b3e868b4cc0..., userDataDir: C:\Users\ANAMIK~1\AppData\L...}, goog:chromeOptions: {debuggerAddress: localhost:50900}, javascriptEnabled: true, networkConnectionEnabled: false, pageLoadStrategy: normal, platform: WINDOWS, platformName: WINDOWS, proxy: Proxy(), setWindowRect: true, strictFileInteractability: false, timeouts: {implicit: 0, pageLoad: 300000, script: 30000}, unhandledPromptBehavior: dismiss and notify, webauthn:virtualAuthenticators: true}
Session ID: ab4e7788143e9582158b1bc03283fb81
*** Element info: {Using=xpath, value=//div[@id='nav-signin-tooltip']//span[@class='nav-action-inner'][contains(text(),'Sign in')]}
	at java.base/jdk.internal.reflect.NativeConstructorAccessorImpl.newInstance0(Native Method)
	at java.base/jdk.internal.reflect.NativeConstructorAccessorImpl.newInstance(NativeConstructorAccessorImpl.java:62)
	at java.base/jdk.internal.reflect.DelegatingConstructorAccessorImpl.newInstance(DelegatingConstructorAccessorImpl.java:45)
	at java.base/java.lang.reflect.Constructor.newInstance(Constructor.java:490)
	at org.openqa.selenium.remote.http.W3CHttpResponseCodec.createException(W3CHttpResponseCodec.java:187)
	at org.openqa.selenium.remote.http.W3CHttpResponseCodec.decode(W3CHttpResponseCodec.java:122)
	at org.openqa.selenium.remote.http.W3CHttpResponseCodec.decode(W3CHttpResponseCodec.java:49)
	at org.openqa.selenium.remote.HttpCommandExecutor.execute(HttpCommandExecutor.java:158)
	at org.openqa.selenium.remote.service.DriverCommandExecutor.execute(DriverCommandExecutor.java:83)
	at org.openqa.selenium.remote.RemoteWebDriver.execute(RemoteWebDriver.java:552)
	at org.openqa.selenium.remote.RemoteWebDriver.findElement(RemoteWebDriver.java:323)
	at org.openqa.selenium.remote.RemoteWebDriver.findElementByXPath(RemoteWebDriver.java:428)
	at org.openqa.selenium.By$ByXPath.findElement(By.java:353)
	at org.openqa.selenium.remote.RemoteWebDriver.findElement(RemoteWebDriver.java:315)
	at org.openqa.selenium.support.pagefactory.DefaultElementLocator.findElement(DefaultElementLocator.java:69)
	at org.openqa.selenium.support.pagefactory.internal.LocatingElementHandler.invoke(LocatingElementHandler.java:38)
	at com.sun.proxy.$Proxy16.click(Unknown Source)
	at Pages.Login.clickSignInButton(Login.java:40)
	at TestCases.NegativeLogin.testCase_NegativeLogin(NegativeLogin.java:26)
	at java.base/jdk.internal.reflect.NativeMethodAccessorImpl.invoke0(Native Method)
	at java.base/jdk.internal.reflect.NativeMethodAccessorImpl.invoke(NativeMethodAccessorImpl.java:62)
	at java.base/jdk.internal.reflect.DelegatingMethodAccessorImpl.invoke(DelegatingMethodAccessorImpl.java:43)
	at java.base/java.lang.reflect.Method.invoke(Method.java:566)
	at org.testng.internal.MethodInvocationHelper.invokeMethod(MethodInvocationHelper.java:134)
	at org.testng.internal.TestInvoker.invokeMethod(TestInvoker.java:597)
	at org.testng.internal.TestInvoker.retryFailed(TestInvoker.java:213)
	at org.testng.internal.MethodRunner.runInSequence(MethodRunner.java:58)
	at org.testng.internal.TestInvoker$MethodInvocationAgent.invoke(TestInvoker.java:816)
	at org.testng.internal.TestInvoker.invokeTestMethods(TestInvoker.java:146)
	at org.testng.internal.TestMethodWorker.invokeTestMethods(TestMethodWorker.java:146)
	at org.testng.internal.TestMethodWorker.run(TestMethodWorker.java:128)
	at java.base/java.util.ArrayList.forEach(ArrayList.java:1540)
	at org.testng.TestRunner.privateRun(TestRunner.java:766)
	at org.testng.TestRunner.run(TestRunner.java:587)
	at org.testng.SuiteRunner.runTest(SuiteRunner.java:384)
	at org.testng.SuiteRunner.runSequentially(SuiteRunner.java:378)
	at org.testng.SuiteRunner.privateRun(SuiteRunner.java:337)
	at org.testng.SuiteRunner.run(SuiteRunner.java:286)
	at org.testng.SuiteRunnerWorker.runSuite(SuiteRunnerWorker.java:53)
	at org.testng.SuiteRunnerWorker.run(SuiteRunnerWorker.java:96)
	at org.testng.TestNG.runSuitesSequentially(TestNG.java:1187)
	at org.testng.TestNG.runSuitesLocally(TestNG.java:1109)
	at org.testng.TestNG.runSuites(TestNG.java:1039)
	at org.testng.TestNG.run(TestNG.java:1007)
	at org.apache.maven.surefire.testng.TestNGExecutor.run(TestNGExecutor.java:178)
	at org.apache.maven.surefire.testng.TestNGXmlTestSuite.execute(TestNGXmlTestSuite.java:92)
	at org.apache.maven.surefire.testng.TestNGProvider.invoke(TestNGProvider.java:96)
	at java.base/jdk.internal.reflect.NativeMethodAccessorImpl.invoke0(Native Method)
	at java.base/jdk.internal.reflect.NativeMethodAccessorImpl.invoke(NativeMethodAccessorImpl.java:62)
	at java.base/jdk.internal.reflect.DelegatingMethodAccessorImpl.invoke(DelegatingMethodAccessorImpl.java:43)
	at java.base/java.lang.reflect.Method.invoke(Method.java:566)
	at org.apache.maven.surefire.util.ReflectionUtils.invokeMethodWithArray2(ReflectionUtils.java:208)
	at org.apache.maven.surefire.booter.ProviderFactory$ProviderProxy.invoke(ProviderFactory.java:159)
	at org.apache.maven.surefire.booter.ProviderFactory.invokeProvider(ProviderFactory.java:87)
	at org.apache.maven.surefire.booter.ForkedBooter.runSuitesInProcess(ForkedBooter.java:153)
	at org.apache.maven.surefire.booter.ForkedBooter.main(ForkedBooter.java:95)

2020-08-25 18:10:42 INFO  BasePage:102 - Starting the testcase testCase_NegativeLogin
2020-08-25 18:10:49 INFO  NegativeLogin:32 - Login in with wrong pass
2020-08-25 18:10:49 INFO  BasePage:123 - testCase_NegativeLogin PASSED 
2020-08-25 18:10:49 INFO  BasePage:134 - Closing brower...
2020-08-25 18:10:50 INFO  ExtentManager:41 - HTML report saved at D:\Assignment\Amazon_Assignment\Amazon_Assignment\Amazon_Assignment/reports
2020-09-03 10:56:24 INFO  BasePage:63 - Into Before Suite - Hook
2020-09-03 10:56:24 INFO  ExtentManager:22 - Into extent reporter ----
2020-09-03 10:56:25 INFO  ExtentManager:34 - HTML report created : Assignment  
2020-09-03 10:56:25 INFO  BasePage:77 - Into before Test Hook 
2020-09-03 10:56:32 INFO  BasePage:89 - Chrome Browser launched successfully..
2020-09-03 10:56:32 INFO  BasePage:30 - New testcase :testCase_Search
2020-09-03 10:56:32 INFO  BasePage:32 - Testcase Description : 
2020-09-03 10:56:32 INFO  BasePage:33 - Testcase get skipped
2020-09-03 10:56:32 ERROR BasePage:36 - testCase_Search SKIPPED 
2020-09-03 10:56:32 INFO  BasePage:134 - Closing brower...
2020-09-03 10:56:33 INFO  BasePage:77 - Into before Test Hook 
2020-09-03 10:56:39 INFO  BasePage:89 - Chrome Browser launched successfully..
2020-09-03 10:56:39 INFO  TestDataProviders:17 - Into Dataprovider - Negative Login Data
2020-09-03 10:56:39 INFO  TestDataProviders:21 - Reading JSON from a file
2020-09-03 10:56:39 INFO  BasePage:102 - Starting the testcase testCase_NegativeLogin
2020-09-03 10:56:44 INFO  NegativeLogin:32 - Login in with wrong pass
2020-09-03 10:56:46 INFO  BasePage:123 - testCase_NegativeLogin PASSED 
2020-09-03 10:56:46 INFO  BasePage:102 - Starting the testcase testCase_NegativeLogin
2020-09-03 10:56:50 INFO  NegativeLogin:32 - Login in with wrong pass
2020-09-03 10:56:52 INFO  BasePage:123 - testCase_NegativeLogin PASSED 
2020-09-03 10:56:52 INFO  BasePage:102 - Starting the testcase testCase_NegativeLogin
2020-09-03 10:56:56 INFO  NegativeLogin:32 - Login in with wrong pass
2020-09-03 10:56:57 INFO  BasePage:123 - testCase_NegativeLogin PASSED 
2020-09-03 10:56:57 INFO  BasePage:134 - Closing brower...
2020-09-03 10:56:58 INFO  ExtentManager:41 - HTML report saved at D:\Assignment\Amazon_Assignment\Amazon_Assignment\Amazon_Assignment/reports
2020-09-03 14:19:22 INFO  BasePage:63 - Into Before Suite - Hook
2020-09-03 14:19:23 INFO  ExtentManager:50 - HTML report created : Assignment  
2020-09-03 14:19:23 INFO  BasePage:79 - Into before Test Hook 
2020-09-03 14:19:28 INFO  BasePage:91 - Chrome Browser launched successfully..
2020-09-03 14:19:29 INFO  TestListener:30 - Starting new testcase :testCase_Search
2020-09-03 14:19:29 INFO  TestListener:75 - Test skipped : testCase_Search[TestClass name=class TestCases.Searches]
2020-09-03 14:19:29 INFO  BasePage:136 - Closing brower...
2020-09-03 14:19:29 INFO  BasePage:79 - Into before Test Hook 
2020-09-03 14:19:35 INFO  BasePage:91 - Chrome Browser launched successfully..
2020-09-03 14:19:35 INFO  TestDataProviders:17 - Into Dataprovider - Negative Login Data
2020-09-03 14:19:35 INFO  TestDataProviders:21 - Reading JSON from a file
2020-09-03 14:19:35 INFO  TestListener:30 - Starting new testcase :testCase_NegativeLogin
2020-09-03 14:19:35 INFO  TestListener:75 - Test skipped : testCase_NegativeLogin[TestClass name=class TestCases.NegativeLogin]
2020-09-03 14:19:35 INFO  TestListener:30 - Starting new testcase :testCase_NegativeLogin
2020-09-03 14:19:35 INFO  TestListener:75 - Test skipped : testCase_NegativeLogin[TestClass name=class TestCases.NegativeLogin]
2020-09-03 14:19:35 INFO  TestListener:30 - Starting new testcase :testCase_NegativeLogin
2020-09-03 14:19:35 INFO  TestListener:75 - Test skipped : testCase_NegativeLogin[TestClass name=class TestCases.NegativeLogin]
2020-09-03 14:19:35 INFO  BasePage:136 - Closing brower...
2020-09-03 14:19:36 INFO  ExtentManager:56 - HTML report saved at D:\Assignment\Amazon_Assignment\Amazon_Assignment\Amazon_Assignment/reports/2020-09-03 14-19-22//testReport.html
2020-09-03 14:20:35 INFO  BasePage:63 - Into Before Suite - Hook
2020-09-03 14:20:35 INFO  ExtentManager:50 - HTML report created : Assignment  
2020-09-03 14:21:16 INFO  BasePage:79 - Into before Test Hook 
2020-09-03 14:22:36 INFO  BasePage:91 - Chrome Browser launched successfully..
2020-09-03 14:23:06 INFO  TestListener:30 - Starting new testcase :testCase_Search
2020-09-03 14:23:09 INFO  TestListener:75 - Test skipped : testCase_Search[TestClass name=class TestCases.Searches]
2020-09-03 14:24:01 INFO  BasePage:136 - Closing brower...
2020-09-03 14:24:23 INFO  BasePage:63 - Into Before Suite - Hook
2020-09-03 14:24:23 INFO  ExtentManager:50 - HTML report created : Assignment  
2020-09-03 14:25:40 INFO  BasePage:79 - Into before Test Hook 
2020-09-03 14:26:08 INFO  BasePage:91 - Chrome Browser launched successfully..
2020-09-03 14:27:39 INFO  BasePage:63 - Into Before Suite - Hook
2020-09-03 14:27:39 INFO  ExtentManager:50 - HTML report created : Assignment  
2020-09-03 14:27:39 INFO  BasePage:79 - Into before Test Hook 
2020-09-03 14:27:45 INFO  BasePage:91 - Chrome Browser launched successfully..
2020-09-03 14:27:46 INFO  TestListener:30 - Starting new testcase :testCase_Search
2020-09-03 14:27:56 INFO  TestListener:75 - Test skipped : testCase_Search[TestClass name=class TestCases.Searches]
2020-09-03 14:27:56 INFO  TestListener:30 - Starting new testcase :testCase_Search
2020-09-03 14:27:59 INFO  TestListener:75 - Test skipped : testCase_Search[TestClass name=class TestCases.Searches]
2020-09-03 14:27:59 INFO  TestListener:30 - Starting new testcase :testCase_Search
2020-09-03 14:28:01 ERROR TestListener:50 - Test failed : testCase_Search
2020-09-03 14:28:01 ERROR TestListener:53 - java.lang.NullPointerException
	at TestCases.Searches.testCase_Search(Searches.java:34)
	at java.base/jdk.internal.reflect.NativeMethodAccessorImpl.invoke0(Native Method)
	at java.base/jdk.internal.reflect.NativeMethodAccessorImpl.invoke(NativeMethodAccessorImpl.java:62)
	at java.base/jdk.internal.reflect.DelegatingMethodAccessorImpl.invoke(DelegatingMethodAccessorImpl.java:43)
	at java.base/java.lang.reflect.Method.invoke(Method.java:566)
	at org.testng.internal.MethodInvocationHelper.invokeMethod(MethodInvocationHelper.java:135)
	at org.testng.internal.TestInvoker.invokeMethod(TestInvoker.java:598)
	at org.testng.internal.TestInvoker.retryFailed(TestInvoker.java:214)
	at org.testng.internal.MethodRunner.runInSequence(MethodRunner.java:58)
	at org.testng.internal.TestInvoker$MethodInvocationAgent.invoke(TestInvoker.java:821)
	at org.testng.internal.TestInvoker.invokeTestMethods(TestInvoker.java:147)
	at org.testng.internal.TestMethodWorker.invokeTestMethods(TestMethodWorker.java:146)
	at org.testng.internal.TestMethodWorker.run(TestMethodWorker.java:128)
	at java.base/java.util.ArrayList.forEach(ArrayList.java:1540)
	at org.testng.TestRunner.privateRun(TestRunner.java:767)
	at org.testng.TestRunner.run(TestRunner.java:588)
	at org.testng.SuiteRunner.runTest(SuiteRunner.java:384)
	at org.testng.SuiteRunner.runSequentially(SuiteRunner.java:378)
	at org.testng.SuiteRunner.privateRun(SuiteRunner.java:337)
	at org.testng.SuiteRunner.run(SuiteRunner.java:286)
	at org.testng.SuiteRunnerWorker.runSuite(SuiteRunnerWorker.java:53)
	at org.testng.SuiteRunnerWorker.run(SuiteRunnerWorker.java:96)
	at org.testng.TestNG.runSuitesSequentially(TestNG.java:1214)
	at org.testng.TestNG.runSuitesLocally(TestNG.java:1136)
	at org.testng.TestNG.runSuites(TestNG.java:1066)
	at org.testng.TestNG.run(TestNG.java:1034)
	at org.testng.remote.AbstractRemoteTestNG.run(AbstractRemoteTestNG.java:115)
	at org.testng.remote.RemoteTestNG.initAndRun(RemoteTestNG.java:251)
	at org.testng.remote.RemoteTestNG.main(RemoteTestNG.java:77)

2020-09-03 14:28:01 INFO  BasePage:136 - Closing brower...
2020-09-03 14:28:02 INFO  BasePage:79 - Into before Test Hook 
2020-09-03 14:28:07 INFO  BasePage:91 - Chrome Browser launched successfully..
2020-09-03 14:28:07 INFO  TestDataProviders:17 - Into Dataprovider - Negative Login Data
2020-09-03 14:28:07 INFO  TestDataProviders:21 - Reading JSON from a file
2020-09-03 14:28:07 INFO  TestListener:30 - Starting new testcase :testCase_NegativeLogin
2020-09-03 14:28:26 INFO  TestListener:75 - Test skipped : testCase_NegativeLogin[TestClass name=class TestCases.NegativeLogin]
2020-09-03 14:28:26 INFO  TestDataProviders:17 - Into Dataprovider - Negative Login Data
2020-09-03 14:28:26 INFO  TestDataProviders:21 - Reading JSON from a file
2020-09-03 14:28:26 INFO  TestListener:30 - Starting new testcase :testCase_NegativeLogin
2020-09-03 14:28:42 INFO  TestListener:75 - Test skipped : testCase_NegativeLogin[TestClass name=class TestCases.NegativeLogin]
2020-09-03 14:28:42 INFO  TestDataProviders:17 - Into Dataprovider - Negative Login Data
2020-09-03 14:28:42 INFO  TestDataProviders:21 - Reading JSON from a file
2020-09-03 14:28:42 INFO  TestListener:30 - Starting new testcase :testCase_NegativeLogin
2020-09-03 14:28:56 ERROR TestListener:50 - Test failed : testCase_NegativeLogin
2020-09-03 14:28:56 ERROR TestListener:53 - org.openqa.selenium.NoSuchElementException: no such element: Unable to locate element: {"method":"xpath","selector":"//input[@id='ap_password']"}
  (Session info: chrome=84.0.4147.135)
For documentation on this error, please visit: https://www.seleniumhq.org/exceptions/no_such_element.html
Build info: version: '3.141.59', revision: 'e82be7d358', time: '2018-11-14T08:17:03'
System info: host: 'ANAMIKASALUJA', ip: '172.20.10.4', os.name: 'Windows 10', os.arch: 'amd64', os.version: '10.0', java.version: '11.0.5'
Driver info: org.openqa.selenium.chrome.ChromeDriver
Capabilities {acceptInsecureCerts: false, browserName: chrome, browserVersion: 84.0.4147.135, chrome: {chromedriverVersion: 84.0.4147.30 (48b3e868b4cc0..., userDataDir: C:\Users\ANAMIK~1\AppData\L...}, goog:chromeOptions: {debuggerAddress: localhost:55685}, javascriptEnabled: true, networkConnectionEnabled: false, pageLoadStrategy: normal, platform: WINDOWS, platformName: WINDOWS, proxy: Proxy(), setWindowRect: true, strictFileInteractability: false, timeouts: {implicit: 0, pageLoad: 300000, script: 30000}, unhandledPromptBehavior: dismiss and notify, webauthn:virtualAuthenticators: true}
Session ID: 977195cd59a000f3aad17c4995db9942
*** Element info: {Using=xpath, value=//input[@id='ap_password']}
	at java.base/jdk.internal.reflect.NativeConstructorAccessorImpl.newInstance0(Native Method)
	at java.base/jdk.internal.reflect.NativeConstructorAccessorImpl.newInstance(NativeConstructorAccessorImpl.java:62)
	at java.base/jdk.internal.reflect.DelegatingConstructorAccessorImpl.newInstance(DelegatingConstructorAccessorImpl.java:45)
	at java.base/java.lang.reflect.Constructor.newInstance(Constructor.java:490)
	at org.openqa.selenium.remote.http.W3CHttpResponseCodec.createException(W3CHttpResponseCodec.java:187)
	at org.openqa.selenium.remote.http.W3CHttpResponseCodec.decode(W3CHttpResponseCodec.java:122)
	at org.openqa.selenium.remote.http.W3CHttpResponseCodec.decode(W3CHttpResponseCodec.java:49)
	at org.openqa.selenium.remote.HttpCommandExecutor.execute(HttpCommandExecutor.java:158)
	at org.openqa.selenium.remote.service.DriverCommandExecutor.execute(DriverCommandExecutor.java:83)
	at org.openqa.selenium.remote.RemoteWebDriver.execute(RemoteWebDriver.java:552)
	at org.openqa.selenium.remote.RemoteWebDriver.findElement(RemoteWebDriver.java:323)
	at org.openqa.selenium.remote.RemoteWebDriver.findElementByXPath(RemoteWebDriver.java:428)
	at org.openqa.selenium.By$ByXPath.findElement(By.java:353)
	at org.openqa.selenium.remote.RemoteWebDriver.findElement(RemoteWebDriver.java:315)
	at org.openqa.selenium.support.pagefactory.DefaultElementLocator.findElement(DefaultElementLocator.java:69)
	at org.openqa.selenium.support.pagefactory.internal.LocatingElementHandler.invoke(LocatingElementHandler.java:38)
	at com.sun.proxy.$Proxy18.sendKeys(Unknown Source)
	at Pages.Login.enterPass(Login.java:53)
	at TestCases.NegativeLogin.testCase_NegativeLogin(NegativeLogin.java:29)
	at java.base/jdk.internal.reflect.NativeMethodAccessorImpl.invoke0(Native Method)
	at java.base/jdk.internal.reflect.NativeMethodAccessorImpl.invoke(NativeMethodAccessorImpl.java:62)
	at java.base/jdk.internal.reflect.DelegatingMethodAccessorImpl.invoke(DelegatingMethodAccessorImpl.java:43)
	at java.base/java.lang.reflect.Method.invoke(Method.java:566)
	at org.testng.internal.MethodInvocationHelper.invokeMethod(MethodInvocationHelper.java:135)
	at org.testng.internal.TestInvoker.invokeMethod(TestInvoker.java:598)
	at org.testng.internal.TestInvoker.retryFailed(TestInvoker.java:214)
	at org.testng.internal.MethodRunner.runInSequence(MethodRunner.java:58)
	at org.testng.internal.TestInvoker$MethodInvocationAgent.invoke(TestInvoker.java:821)
	at org.testng.internal.TestInvoker.invokeTestMethods(TestInvoker.java:147)
	at org.testng.internal.TestMethodWorker.invokeTestMethods(TestMethodWorker.java:146)
	at org.testng.internal.TestMethodWorker.run(TestMethodWorker.java:128)
	at java.base/java.util.ArrayList.forEach(ArrayList.java:1540)
	at org.testng.TestRunner.privateRun(TestRunner.java:767)
	at org.testng.TestRunner.run(TestRunner.java:588)
	at org.testng.SuiteRunner.runTest(SuiteRunner.java:384)
	at org.testng.SuiteRunner.runSequentially(SuiteRunner.java:378)
	at org.testng.SuiteRunner.privateRun(SuiteRunner.java:337)
	at org.testng.SuiteRunner.run(SuiteRunner.java:286)
	at org.testng.SuiteRunnerWorker.runSuite(SuiteRunnerWorker.java:53)
	at org.testng.SuiteRunnerWorker.run(SuiteRunnerWorker.java:96)
	at org.testng.TestNG.runSuitesSequentially(TestNG.java:1214)
	at org.testng.TestNG.runSuitesLocally(TestNG.java:1136)
	at org.testng.TestNG.runSuites(TestNG.java:1066)
	at org.testng.TestNG.run(TestNG.java:1034)
	at org.testng.remote.AbstractRemoteTestNG.run(AbstractRemoteTestNG.java:115)
	at org.testng.remote.RemoteTestNG.initAndRun(RemoteTestNG.java:251)
	at org.testng.remote.RemoteTestNG.main(RemoteTestNG.java:77)

2020-09-03 14:28:56 INFO  TestListener:30 - Starting new testcase :testCase_NegativeLogin
2020-09-03 14:29:05 INFO  TestListener:75 - Test skipped : testCase_NegativeLogin[TestClass name=class TestCases.NegativeLogin]
2020-09-03 14:29:05 INFO  TestDataProviders:17 - Into Dataprovider - Negative Login Data
2020-09-03 14:29:05 INFO  TestDataProviders:21 - Reading JSON from a file
2020-09-03 14:29:05 INFO  TestListener:30 - Starting new testcase :testCase_NegativeLogin
2020-09-03 14:29:18 INFO  TestListener:75 - Test skipped : testCase_NegativeLogin[TestClass name=class TestCases.NegativeLogin]
2020-09-03 14:29:18 INFO  TestDataProviders:17 - Into Dataprovider - Negative Login Data
2020-09-03 14:29:18 INFO  TestDataProviders:21 - Reading JSON from a file
2020-09-03 14:29:18 INFO  TestListener:30 - Starting new testcase :testCase_NegativeLogin
2020-09-03 14:29:29 ERROR TestListener:50 - Test failed : testCase_NegativeLogin
2020-09-03 14:29:29 ERROR TestListener:53 - org.openqa.selenium.NoSuchElementException: no such element: Unable to locate element: {"method":"xpath","selector":"//div[@id='nav-signin-tooltip']//span[@class='nav-action-inner'][contains(text(),'Sign in')]"}
  (Session info: chrome=84.0.4147.135)
For documentation on this error, please visit: https://www.seleniumhq.org/exceptions/no_such_element.html
Build info: version: '3.141.59', revision: 'e82be7d358', time: '2018-11-14T08:17:03'
System info: host: 'ANAMIKASALUJA', ip: '172.20.10.4', os.name: 'Windows 10', os.arch: 'amd64', os.version: '10.0', java.version: '11.0.5'
Driver info: org.openqa.selenium.chrome.ChromeDriver
Capabilities {acceptInsecureCerts: false, browserName: chrome, browserVersion: 84.0.4147.135, chrome: {chromedriverVersion: 84.0.4147.30 (48b3e868b4cc0..., userDataDir: C:\Users\ANAMIK~1\AppData\L...}, goog:chromeOptions: {debuggerAddress: localhost:55685}, javascriptEnabled: true, networkConnectionEnabled: false, pageLoadStrategy: normal, platform: WINDOWS, platformName: WINDOWS, proxy: Proxy(), setWindowRect: true, strictFileInteractability: false, timeouts: {implicit: 0, pageLoad: 300000, script: 30000}, unhandledPromptBehavior: dismiss and notify, webauthn:virtualAuthenticators: true}
Session ID: 977195cd59a000f3aad17c4995db9942
*** Element info: {Using=xpath, value=//div[@id='nav-signin-tooltip']//span[@class='nav-action-inner'][contains(text(),'Sign in')]}
	at java.base/jdk.internal.reflect.NativeConstructorAccessorImpl.newInstance0(Native Method)
	at java.base/jdk.internal.reflect.NativeConstructorAccessorImpl.newInstance(NativeConstructorAccessorImpl.java:62)
	at java.base/jdk.internal.reflect.DelegatingConstructorAccessorImpl.newInstance(DelegatingConstructorAccessorImpl.java:45)
	at java.base/java.lang.reflect.Constructor.newInstance(Constructor.java:490)
	at org.openqa.selenium.remote.http.W3CHttpResponseCodec.createException(W3CHttpResponseCodec.java:187)
	at org.openqa.selenium.remote.http.W3CHttpResponseCodec.decode(W3CHttpResponseCodec.java:122)
	at org.openqa.selenium.remote.http.W3CHttpResponseCodec.decode(W3CHttpResponseCodec.java:49)
	at org.openqa.selenium.remote.HttpCommandExecutor.execute(HttpCommandExecutor.java:158)
	at org.openqa.selenium.remote.service.DriverCommandExecutor.execute(DriverCommandExecutor.java:83)
	at org.openqa.selenium.remote.RemoteWebDriver.execute(RemoteWebDriver.java:552)
	at org.openqa.selenium.remote.RemoteWebDriver.findElement(RemoteWebDriver.java:323)
	at org.openqa.selenium.remote.RemoteWebDriver.findElementByXPath(RemoteWebDriver.java:428)
	at org.openqa.selenium.By$ByXPath.findElement(By.java:353)
	at org.openqa.selenium.remote.RemoteWebDriver.findElement(RemoteWebDriver.java:315)
	at org.openqa.selenium.support.pagefactory.DefaultElementLocator.findElement(DefaultElementLocator.java:69)
	at org.openqa.selenium.support.pagefactory.internal.LocatingElementHandler.invoke(LocatingElementHandler.java:38)
	at com.sun.proxy.$Proxy18.click(Unknown Source)
	at Pages.Login.clickSignInButton(Login.java:40)
	at TestCases.NegativeLogin.testCase_NegativeLogin(NegativeLogin.java:26)
	at java.base/jdk.internal.reflect.NativeMethodAccessorImpl.invoke0(Native Method)
	at java.base/jdk.internal.reflect.NativeMethodAccessorImpl.invoke(NativeMethodAccessorImpl.java:62)
	at java.base/jdk.internal.reflect.DelegatingMethodAccessorImpl.invoke(DelegatingMethodAccessorImpl.java:43)
	at java.base/java.lang.reflect.Method.invoke(Method.java:566)
	at org.testng.internal.MethodInvocationHelper.invokeMethod(MethodInvocationHelper.java:135)
	at org.testng.internal.TestInvoker.invokeMethod(TestInvoker.java:598)
	at org.testng.internal.TestInvoker.retryFailed(TestInvoker.java:214)
	at org.testng.internal.MethodRunner.runInSequence(MethodRunner.java:58)
	at org.testng.internal.TestInvoker$MethodInvocationAgent.invoke(TestInvoker.java:821)
	at org.testng.internal.TestInvoker.invokeTestMethods(TestInvoker.java:147)
	at org.testng.internal.TestMethodWorker.invokeTestMethods(TestMethodWorker.java:146)
	at org.testng.internal.TestMethodWorker.run(TestMethodWorker.java:128)
	at java.base/java.util.ArrayList.forEach(ArrayList.java:1540)
	at org.testng.TestRunner.privateRun(TestRunner.java:767)
	at org.testng.TestRunner.run(TestRunner.java:588)
	at org.testng.SuiteRunner.runTest(SuiteRunner.java:384)
	at org.testng.SuiteRunner.runSequentially(SuiteRunner.java:378)
	at org.testng.SuiteRunner.privateRun(SuiteRunner.java:337)
	at org.testng.SuiteRunner.run(SuiteRunner.java:286)
	at org.testng.SuiteRunnerWorker.runSuite(SuiteRunnerWorker.java:53)
	at org.testng.SuiteRunnerWorker.run(SuiteRunnerWorker.java:96)
	at org.testng.TestNG.runSuitesSequentially(TestNG.java:1214)
	at org.testng.TestNG.runSuitesLocally(TestNG.java:1136)
	at org.testng.TestNG.runSuites(TestNG.java:1066)
	at org.testng.TestNG.run(TestNG.java:1034)
	at org.testng.remote.AbstractRemoteTestNG.run(AbstractRemoteTestNG.java:115)
	at org.testng.remote.RemoteTestNG.initAndRun(RemoteTestNG.java:251)
	at org.testng.remote.RemoteTestNG.main(RemoteTestNG.java:77)

2020-09-03 14:29:29 INFO  TestListener:30 - Starting new testcase :testCase_NegativeLogin
2020-09-03 14:29:40 INFO  TestListener:75 - Test skipped : testCase_NegativeLogin[TestClass name=class TestCases.NegativeLogin]
2020-09-03 14:29:40 INFO  TestDataProviders:17 - Into Dataprovider - Negative Login Data
2020-09-03 14:29:40 INFO  TestDataProviders:21 - Reading JSON from a file
2020-09-03 14:29:40 INFO  TestListener:30 - Starting new testcase :testCase_NegativeLogin
2020-09-03 14:29:52 INFO  TestListener:75 - Test skipped : testCase_NegativeLogin[TestClass name=class TestCases.NegativeLogin]
2020-09-03 14:29:52 INFO  TestDataProviders:17 - Into Dataprovider - Negative Login Data
2020-09-03 14:29:52 INFO  TestDataProviders:21 - Reading JSON from a file
2020-09-03 14:29:52 INFO  TestListener:30 - Starting new testcase :testCase_NegativeLogin
2020-09-03 14:30:05 ERROR TestListener:50 - Test failed : testCase_NegativeLogin
2020-09-03 14:30:05 ERROR TestListener:53 - org.openqa.selenium.NoSuchElementException: no such element: Unable to locate element: {"method":"xpath","selector":"//div[@id='nav-signin-tooltip']//span[@class='nav-action-inner'][contains(text(),'Sign in')]"}
  (Session info: chrome=84.0.4147.135)
For documentation on this error, please visit: https://www.seleniumhq.org/exceptions/no_such_element.html
Build info: version: '3.141.59', revision: 'e82be7d358', time: '2018-11-14T08:17:03'
System info: host: 'ANAMIKASALUJA', ip: '172.20.10.4', os.name: 'Windows 10', os.arch: 'amd64', os.version: '10.0', java.version: '11.0.5'
Driver info: org.openqa.selenium.chrome.ChromeDriver
Capabilities {acceptInsecureCerts: false, browserName: chrome, browserVersion: 84.0.4147.135, chrome: {chromedriverVersion: 84.0.4147.30 (48b3e868b4cc0..., userDataDir: C:\Users\ANAMIK~1\AppData\L...}, goog:chromeOptions: {debuggerAddress: localhost:55685}, javascriptEnabled: true, networkConnectionEnabled: false, pageLoadStrategy: normal, platform: WINDOWS, platformName: WINDOWS, proxy: Proxy(), setWindowRect: true, strictFileInteractability: false, timeouts: {implicit: 0, pageLoad: 300000, script: 30000}, unhandledPromptBehavior: dismiss and notify, webauthn:virtualAuthenticators: true}
Session ID: 977195cd59a000f3aad17c4995db9942
*** Element info: {Using=xpath, value=//div[@id='nav-signin-tooltip']//span[@class='nav-action-inner'][contains(text(),'Sign in')]}
	at java.base/jdk.internal.reflect.NativeConstructorAccessorImpl.newInstance0(Native Method)
	at java.base/jdk.internal.reflect.NativeConstructorAccessorImpl.newInstance(NativeConstructorAccessorImpl.java:62)
	at java.base/jdk.internal.reflect.DelegatingConstructorAccessorImpl.newInstance(DelegatingConstructorAccessorImpl.java:45)
	at java.base/java.lang.reflect.Constructor.newInstance(Constructor.java:490)
	at org.openqa.selenium.remote.http.W3CHttpResponseCodec.createException(W3CHttpResponseCodec.java:187)
	at org.openqa.selenium.remote.http.W3CHttpResponseCodec.decode(W3CHttpResponseCodec.java:122)
	at org.openqa.selenium.remote.http.W3CHttpResponseCodec.decode(W3CHttpResponseCodec.java:49)
	at org.openqa.selenium.remote.HttpCommandExecutor.execute(HttpCommandExecutor.java:158)
	at org.openqa.selenium.remote.service.DriverCommandExecutor.execute(DriverCommandExecutor.java:83)
	at org.openqa.selenium.remote.RemoteWebDriver.execute(RemoteWebDriver.java:552)
	at org.openqa.selenium.remote.RemoteWebDriver.findElement(RemoteWebDriver.java:323)
	at org.openqa.selenium.remote.RemoteWebDriver.findElementByXPath(RemoteWebDriver.java:428)
	at org.openqa.selenium.By$ByXPath.findElement(By.java:353)
	at org.openqa.selenium.remote.RemoteWebDriver.findElement(RemoteWebDriver.java:315)
	at org.openqa.selenium.support.pagefactory.DefaultElementLocator.findElement(DefaultElementLocator.java:69)
	at org.openqa.selenium.support.pagefactory.internal.LocatingElementHandler.invoke(LocatingElementHandler.java:38)
	at com.sun.proxy.$Proxy18.click(Unknown Source)
	at Pages.Login.clickSignInButton(Login.java:40)
	at TestCases.NegativeLogin.testCase_NegativeLogin(NegativeLogin.java:26)
	at java.base/jdk.internal.reflect.NativeMethodAccessorImpl.invoke0(Native Method)
	at java.base/jdk.internal.reflect.NativeMethodAccessorImpl.invoke(NativeMethodAccessorImpl.java:62)
	at java.base/jdk.internal.reflect.DelegatingMethodAccessorImpl.invoke(DelegatingMethodAccessorImpl.java:43)
	at java.base/java.lang.reflect.Method.invoke(Method.java:566)
	at org.testng.internal.MethodInvocationHelper.invokeMethod(MethodInvocationHelper.java:135)
	at org.testng.internal.TestInvoker.invokeMethod(TestInvoker.java:598)
	at org.testng.internal.TestInvoker.retryFailed(TestInvoker.java:214)
	at org.testng.internal.MethodRunner.runInSequence(MethodRunner.java:58)
	at org.testng.internal.TestInvoker$MethodInvocationAgent.invoke(TestInvoker.java:821)
	at org.testng.internal.TestInvoker.invokeTestMethods(TestInvoker.java:147)
	at org.testng.internal.TestMethodWorker.invokeTestMethods(TestMethodWorker.java:146)
	at org.testng.internal.TestMethodWorker.run(TestMethodWorker.java:128)
	at java.base/java.util.ArrayList.forEach(ArrayList.java:1540)
	at org.testng.TestRunner.privateRun(TestRunner.java:767)
	at org.testng.TestRunner.run(TestRunner.java:588)
	at org.testng.SuiteRunner.runTest(SuiteRunner.java:384)
	at org.testng.SuiteRunner.runSequentially(SuiteRunner.java:378)
	at org.testng.SuiteRunner.privateRun(SuiteRunner.java:337)
	at org.testng.SuiteRunner.run(SuiteRunner.java:286)
	at org.testng.SuiteRunnerWorker.runSuite(SuiteRunnerWorker.java:53)
	at org.testng.SuiteRunnerWorker.run(SuiteRunnerWorker.java:96)
	at org.testng.TestNG.runSuitesSequentially(TestNG.java:1214)
	at org.testng.TestNG.runSuitesLocally(TestNG.java:1136)
	at org.testng.TestNG.runSuites(TestNG.java:1066)
	at org.testng.TestNG.run(TestNG.java:1034)
	at org.testng.remote.AbstractRemoteTestNG.run(AbstractRemoteTestNG.java:115)
	at org.testng.remote.RemoteTestNG.initAndRun(RemoteTestNG.java:251)
	at org.testng.remote.RemoteTestNG.main(RemoteTestNG.java:77)

2020-09-03 14:30:05 INFO  BasePage:136 - Closing brower...
2020-09-03 14:30:06 INFO  ExtentManager:56 - HTML report saved at D:\Assignment\Amazon_Assignment\Amazon_Assignment\Amazon_Assignment/reports/2020-09-03 14-27-39//testReport.html
2020-09-03 14:33:08 INFO  BasePage:63 - Into Before Suite - Hook
2020-09-03 14:33:08 INFO  ExtentManager:50 - HTML report created : Assignment  
2020-09-03 14:33:08 INFO  BasePage:79 - Into before Test Hook 
2020-09-03 14:33:14 INFO  BasePage:91 - Chrome Browser launched successfully..
2020-09-03 14:33:15 INFO  TestListener:30 - Starting new testcase :testCase_Search
2020-09-03 14:33:37 INFO  TestListener:75 - Test skipped : testCase_Search[TestClass name=class TestCases.Searches]
2020-09-03 14:33:37 INFO  TestListener:30 - Starting new testcase :testCase_Search
2020-09-03 14:33:40 INFO  TestListener:75 - Test skipped : testCase_Search[TestClass name=class TestCases.Searches]
2020-09-03 14:33:40 INFO  TestListener:30 - Starting new testcase :testCase_Search
2020-09-03 14:33:43 ERROR TestListener:50 - Test failed : testCase_Search
2020-09-03 14:33:43 ERROR TestListener:53 - java.lang.NullPointerException
	at TestCases.Searches.testCase_Search(Searches.java:34)
	at java.base/jdk.internal.reflect.NativeMethodAccessorImpl.invoke0(Native Method)
	at java.base/jdk.internal.reflect.NativeMethodAccessorImpl.invoke(NativeMethodAccessorImpl.java:62)
	at java.base/jdk.internal.reflect.DelegatingMethodAccessorImpl.invoke(DelegatingMethodAccessorImpl.java:43)
	at java.base/java.lang.reflect.Method.invoke(Method.java:566)
	at org.testng.internal.MethodInvocationHelper.invokeMethod(MethodInvocationHelper.java:135)
	at org.testng.internal.TestInvoker.invokeMethod(TestInvoker.java:598)
	at org.testng.internal.TestInvoker.retryFailed(TestInvoker.java:214)
	at org.testng.internal.MethodRunner.runInSequence(MethodRunner.java:58)
	at org.testng.internal.TestInvoker$MethodInvocationAgent.invoke(TestInvoker.java:821)
	at org.testng.internal.TestInvoker.invokeTestMethods(TestInvoker.java:147)
	at org.testng.internal.TestMethodWorker.invokeTestMethods(TestMethodWorker.java:146)
	at org.testng.internal.TestMethodWorker.run(TestMethodWorker.java:128)
	at java.base/java.util.ArrayList.forEach(ArrayList.java:1540)
	at org.testng.TestRunner.privateRun(TestRunner.java:767)
	at org.testng.TestRunner.run(TestRunner.java:588)
	at org.testng.SuiteRunner.runTest(SuiteRunner.java:384)
	at org.testng.SuiteRunner.runSequentially(SuiteRunner.java:378)
	at org.testng.SuiteRunner.privateRun(SuiteRunner.java:337)
	at org.testng.SuiteRunner.run(SuiteRunner.java:286)
	at org.testng.SuiteRunnerWorker.runSuite(SuiteRunnerWorker.java:53)
	at org.testng.SuiteRunnerWorker.run(SuiteRunnerWorker.java:96)
	at org.testng.TestNG.runSuitesSequentially(TestNG.java:1214)
	at org.testng.TestNG.runSuitesLocally(TestNG.java:1136)
	at org.testng.TestNG.runSuites(TestNG.java:1066)
	at org.testng.TestNG.run(TestNG.java:1034)
	at org.testng.remote.AbstractRemoteTestNG.run(AbstractRemoteTestNG.java:115)
	at org.testng.remote.RemoteTestNG.initAndRun(RemoteTestNG.java:251)
	at org.testng.remote.RemoteTestNG.main(RemoteTestNG.java:77)

2020-09-03 14:33:43 INFO  BasePage:136 - Closing brower...
2020-09-03 14:33:44 INFO  BasePage:79 - Into before Test Hook 
2020-09-03 14:33:49 INFO  BasePage:91 - Chrome Browser launched successfully..
2020-09-03 14:33:49 INFO  TestDataProviders:17 - Into Dataprovider - Negative Login Data
2020-09-03 14:33:49 INFO  TestDataProviders:21 - Reading JSON from a file
2020-09-03 14:33:49 INFO  TestListener:30 - Starting new testcase :testCase_NegativeLogin
2020-09-03 14:34:10 INFO  TestListener:75 - Test skipped : testCase_NegativeLogin[TestClass name=class TestCases.NegativeLogin]
2020-09-03 14:34:10 INFO  TestDataProviders:17 - Into Dataprovider - Negative Login Data
2020-09-03 14:34:10 INFO  TestDataProviders:21 - Reading JSON from a file
2020-09-03 14:34:10 INFO  TestListener:30 - Starting new testcase :testCase_NegativeLogin
2020-09-03 14:34:19 INFO  TestListener:75 - Test skipped : testCase_NegativeLogin[TestClass name=class TestCases.NegativeLogin]
2020-09-03 14:34:19 INFO  TestDataProviders:17 - Into Dataprovider - Negative Login Data
2020-09-03 14:34:19 INFO  TestDataProviders:21 - Reading JSON from a file
2020-09-03 14:34:19 INFO  TestListener:30 - Starting new testcase :testCase_NegativeLogin
2020-09-03 14:34:26 ERROR TestListener:50 - Test failed : testCase_NegativeLogin
2020-09-03 14:34:26 ERROR TestListener:53 - java.lang.NullPointerException
	at TestCases.NegativeLogin.testCase_NegativeLogin(NegativeLogin.java:31)
	at java.base/jdk.internal.reflect.NativeMethodAccessorImpl.invoke0(Native Method)
	at java.base/jdk.internal.reflect.NativeMethodAccessorImpl.invoke(NativeMethodAccessorImpl.java:62)
	at java.base/jdk.internal.reflect.DelegatingMethodAccessorImpl.invoke(DelegatingMethodAccessorImpl.java:43)
	at java.base/java.lang.reflect.Method.invoke(Method.java:566)
	at org.testng.internal.MethodInvocationHelper.invokeMethod(MethodInvocationHelper.java:135)
	at org.testng.internal.TestInvoker.invokeMethod(TestInvoker.java:598)
	at org.testng.internal.TestInvoker.retryFailed(TestInvoker.java:214)
	at org.testng.internal.MethodRunner.runInSequence(MethodRunner.java:58)
	at org.testng.internal.TestInvoker$MethodInvocationAgent.invoke(TestInvoker.java:821)
	at org.testng.internal.TestInvoker.invokeTestMethods(TestInvoker.java:147)
	at org.testng.internal.TestMethodWorker.invokeTestMethods(TestMethodWorker.java:146)
	at org.testng.internal.TestMethodWorker.run(TestMethodWorker.java:128)
	at java.base/java.util.ArrayList.forEach(ArrayList.java:1540)
	at org.testng.TestRunner.privateRun(TestRunner.java:767)
	at org.testng.TestRunner.run(TestRunner.java:588)
	at org.testng.SuiteRunner.runTest(SuiteRunner.java:384)
	at org.testng.SuiteRunner.runSequentially(SuiteRunner.java:378)
	at org.testng.SuiteRunner.privateRun(SuiteRunner.java:337)
	at org.testng.SuiteRunner.run(SuiteRunner.java:286)
	at org.testng.SuiteRunnerWorker.runSuite(SuiteRunnerWorker.java:53)
	at org.testng.SuiteRunnerWorker.run(SuiteRunnerWorker.java:96)
	at org.testng.TestNG.runSuitesSequentially(TestNG.java:1214)
	at org.testng.TestNG.runSuitesLocally(TestNG.java:1136)
	at org.testng.TestNG.runSuites(TestNG.java:1066)
	at org.testng.TestNG.run(TestNG.java:1034)
	at org.testng.remote.AbstractRemoteTestNG.run(AbstractRemoteTestNG.java:115)
	at org.testng.remote.RemoteTestNG.initAndRun(RemoteTestNG.java:251)
	at org.testng.remote.RemoteTestNG.main(RemoteTestNG.java:77)

2020-09-03 14:34:26 INFO  TestListener:30 - Starting new testcase :testCase_NegativeLogin
2020-09-03 14:34:32 INFO  TestListener:75 - Test skipped : testCase_NegativeLogin[TestClass name=class TestCases.NegativeLogin]
2020-09-03 14:34:32 INFO  TestDataProviders:17 - Into Dataprovider - Negative Login Data
2020-09-03 14:34:32 INFO  TestDataProviders:21 - Reading JSON from a file
2020-09-03 14:34:32 INFO  TestListener:30 - Starting new testcase :testCase_NegativeLogin
2020-09-03 14:34:40 INFO  TestListener:75 - Test skipped : testCase_NegativeLogin[TestClass name=class TestCases.NegativeLogin]
2020-09-03 14:34:40 INFO  TestDataProviders:17 - Into Dataprovider - Negative Login Data
2020-09-03 14:34:40 INFO  TestDataProviders:21 - Reading JSON from a file
2020-09-03 14:34:40 INFO  TestListener:30 - Starting new testcase :testCase_NegativeLogin
2020-09-03 14:34:48 ERROR TestListener:50 - Test failed : testCase_NegativeLogin
2020-09-03 14:34:48 ERROR TestListener:53 - java.lang.NullPointerException
	at TestCases.NegativeLogin.testCase_NegativeLogin(NegativeLogin.java:31)
	at java.base/jdk.internal.reflect.NativeMethodAccessorImpl.invoke0(Native Method)
	at java.base/jdk.internal.reflect.NativeMethodAccessorImpl.invoke(NativeMethodAccessorImpl.java:62)
	at java.base/jdk.internal.reflect.DelegatingMethodAccessorImpl.invoke(DelegatingMethodAccessorImpl.java:43)
	at java.base/java.lang.reflect.Method.invoke(Method.java:566)
	at org.testng.internal.MethodInvocationHelper.invokeMethod(MethodInvocationHelper.java:135)
	at org.testng.internal.TestInvoker.invokeMethod(TestInvoker.java:598)
	at org.testng.internal.TestInvoker.retryFailed(TestInvoker.java:214)
	at org.testng.internal.MethodRunner.runInSequence(MethodRunner.java:58)
	at org.testng.internal.TestInvoker$MethodInvocationAgent.invoke(TestInvoker.java:821)
	at org.testng.internal.TestInvoker.invokeTestMethods(TestInvoker.java:147)
	at org.testng.internal.TestMethodWorker.invokeTestMethods(TestMethodWorker.java:146)
	at org.testng.internal.TestMethodWorker.run(TestMethodWorker.java:128)
	at java.base/java.util.ArrayList.forEach(ArrayList.java:1540)
	at org.testng.TestRunner.privateRun(TestRunner.java:767)
	at org.testng.TestRunner.run(TestRunner.java:588)
	at org.testng.SuiteRunner.runTest(SuiteRunner.java:384)
	at org.testng.SuiteRunner.runSequentially(SuiteRunner.java:378)
	at org.testng.SuiteRunner.privateRun(SuiteRunner.java:337)
	at org.testng.SuiteRunner.run(SuiteRunner.java:286)
	at org.testng.SuiteRunnerWorker.runSuite(SuiteRunnerWorker.java:53)
	at org.testng.SuiteRunnerWorker.run(SuiteRunnerWorker.java:96)
	at org.testng.TestNG.runSuitesSequentially(TestNG.java:1214)
	at org.testng.TestNG.runSuitesLocally(TestNG.java:1136)
	at org.testng.TestNG.runSuites(TestNG.java:1066)
	at org.testng.TestNG.run(TestNG.java:1034)
	at org.testng.remote.AbstractRemoteTestNG.run(AbstractRemoteTestNG.java:115)
	at org.testng.remote.RemoteTestNG.initAndRun(RemoteTestNG.java:251)
	at org.testng.remote.RemoteTestNG.main(RemoteTestNG.java:77)

2020-09-03 14:34:48 INFO  TestListener:30 - Starting new testcase :testCase_NegativeLogin
2020-09-03 14:34:53 INFO  TestListener:75 - Test skipped : testCase_NegativeLogin[TestClass name=class TestCases.NegativeLogin]
2020-09-03 14:34:53 INFO  TestDataProviders:17 - Into Dataprovider - Negative Login Data
2020-09-03 14:34:53 INFO  TestDataProviders:21 - Reading JSON from a file
2020-09-03 14:34:53 INFO  TestListener:30 - Starting new testcase :testCase_NegativeLogin
2020-09-03 14:34:59 INFO  TestListener:75 - Test skipped : testCase_NegativeLogin[TestClass name=class TestCases.NegativeLogin]
2020-09-03 14:34:59 INFO  TestDataProviders:17 - Into Dataprovider - Negative Login Data
2020-09-03 14:34:59 INFO  TestDataProviders:21 - Reading JSON from a file
2020-09-03 14:34:59 INFO  TestListener:30 - Starting new testcase :testCase_NegativeLogin
2020-09-03 14:35:06 ERROR TestListener:50 - Test failed : testCase_NegativeLogin
2020-09-03 14:35:06 ERROR TestListener:53 - java.lang.NullPointerException
	at TestCases.NegativeLogin.testCase_NegativeLogin(NegativeLogin.java:31)
	at java.base/jdk.internal.reflect.NativeMethodAccessorImpl.invoke0(Native Method)
	at java.base/jdk.internal.reflect.NativeMethodAccessorImpl.invoke(NativeMethodAccessorImpl.java:62)
	at java.base/jdk.internal.reflect.DelegatingMethodAccessorImpl.invoke(DelegatingMethodAccessorImpl.java:43)
	at java.base/java.lang.reflect.Method.invoke(Method.java:566)
	at org.testng.internal.MethodInvocationHelper.invokeMethod(MethodInvocationHelper.java:135)
	at org.testng.internal.TestInvoker.invokeMethod(TestInvoker.java:598)
	at org.testng.internal.TestInvoker.retryFailed(TestInvoker.java:214)
	at org.testng.internal.MethodRunner.runInSequence(MethodRunner.java:58)
	at org.testng.internal.TestInvoker$MethodInvocationAgent.invoke(TestInvoker.java:821)
	at org.testng.internal.TestInvoker.invokeTestMethods(TestInvoker.java:147)
	at org.testng.internal.TestMethodWorker.invokeTestMethods(TestMethodWorker.java:146)
	at org.testng.internal.TestMethodWorker.run(TestMethodWorker.java:128)
	at java.base/java.util.ArrayList.forEach(ArrayList.java:1540)
	at org.testng.TestRunner.privateRun(TestRunner.java:767)
	at org.testng.TestRunner.run(TestRunner.java:588)
	at org.testng.SuiteRunner.runTest(SuiteRunner.java:384)
	at org.testng.SuiteRunner.runSequentially(SuiteRunner.java:378)
	at org.testng.SuiteRunner.privateRun(SuiteRunner.java:337)
	at org.testng.SuiteRunner.run(SuiteRunner.java:286)
	at org.testng.SuiteRunnerWorker.runSuite(SuiteRunnerWorker.java:53)
	at org.testng.SuiteRunnerWorker.run(SuiteRunnerWorker.java:96)
	at org.testng.TestNG.runSuitesSequentially(TestNG.java:1214)
	at org.testng.TestNG.runSuitesLocally(TestNG.java:1136)
	at org.testng.TestNG.runSuites(TestNG.java:1066)
	at org.testng.TestNG.run(TestNG.java:1034)
	at org.testng.remote.AbstractRemoteTestNG.run(AbstractRemoteTestNG.java:115)
	at org.testng.remote.RemoteTestNG.initAndRun(RemoteTestNG.java:251)
	at org.testng.remote.RemoteTestNG.main(RemoteTestNG.java:77)

2020-09-03 14:35:06 INFO  BasePage:136 - Closing brower...
2020-09-03 14:35:07 INFO  ExtentManager:56 - HTML report saved at D:\Assignment\Amazon_Assignment\Amazon_Assignment\Amazon_Assignment/reports/2020-09-03 14-33-08//testReport.html
2020-09-03 14:36:08 INFO  BasePage:63 - Into Before Suite - Hook
2020-09-03 14:36:08 INFO  ExtentManager:50 - HTML report created : Assignment  
2020-09-03 14:36:08 INFO  BasePage:79 - Into before Test Hook 
2020-09-03 14:36:14 INFO  BasePage:91 - Chrome Browser launched successfully..
2020-09-03 14:36:14 INFO  TestListener:30 - Starting new testcase :testCase_Search
2020-09-03 14:36:21 ERROR TestListener:50 - Test failed : testCase_Search
2020-09-03 14:36:21 ERROR TestListener:53 - java.lang.NullPointerException
	at TestCases.Searches.testCase_Search(Searches.java:34)
	at java.base/jdk.internal.reflect.NativeMethodAccessorImpl.invoke0(Native Method)
	at java.base/jdk.internal.reflect.NativeMethodAccessorImpl.invoke(NativeMethodAccessorImpl.java:62)
	at java.base/jdk.internal.reflect.DelegatingMethodAccessorImpl.invoke(DelegatingMethodAccessorImpl.java:43)
	at java.base/java.lang.reflect.Method.invoke(Method.java:566)
	at org.testng.internal.MethodInvocationHelper.invokeMethod(MethodInvocationHelper.java:135)
	at org.testng.internal.TestInvoker.invokeMethod(TestInvoker.java:598)
	at org.testng.internal.TestInvoker.invokeTestMethod(TestInvoker.java:174)
	at org.testng.internal.MethodRunner.runInSequence(MethodRunner.java:46)
	at org.testng.internal.TestInvoker$MethodInvocationAgent.invoke(TestInvoker.java:821)
	at org.testng.internal.TestInvoker.invokeTestMethods(TestInvoker.java:147)
	at org.testng.internal.TestMethodWorker.invokeTestMethods(TestMethodWorker.java:146)
	at org.testng.internal.TestMethodWorker.run(TestMethodWorker.java:128)
	at java.base/java.util.ArrayList.forEach(ArrayList.java:1540)
	at org.testng.TestRunner.privateRun(TestRunner.java:767)
	at org.testng.TestRunner.run(TestRunner.java:588)
	at org.testng.SuiteRunner.runTest(SuiteRunner.java:384)
	at org.testng.SuiteRunner.runSequentially(SuiteRunner.java:378)
	at org.testng.SuiteRunner.privateRun(SuiteRunner.java:337)
	at org.testng.SuiteRunner.run(SuiteRunner.java:286)
	at org.testng.SuiteRunnerWorker.runSuite(SuiteRunnerWorker.java:53)
	at org.testng.SuiteRunnerWorker.run(SuiteRunnerWorker.java:96)
	at org.testng.TestNG.runSuitesSequentially(TestNG.java:1214)
	at org.testng.TestNG.runSuitesLocally(TestNG.java:1136)
	at org.testng.TestNG.runSuites(TestNG.java:1066)
	at org.testng.TestNG.run(TestNG.java:1034)
	at org.testng.remote.AbstractRemoteTestNG.run(AbstractRemoteTestNG.java:115)
	at org.testng.remote.RemoteTestNG.initAndRun(RemoteTestNG.java:251)
	at org.testng.remote.RemoteTestNG.main(RemoteTestNG.java:77)

2020-09-03 14:36:21 INFO  BasePage:136 - Closing brower...
2020-09-03 14:36:22 INFO  BasePage:79 - Into before Test Hook 
2020-09-03 14:36:27 INFO  BasePage:91 - Chrome Browser launched successfully..
2020-09-03 14:36:27 INFO  TestDataProviders:17 - Into Dataprovider - Negative Login Data
2020-09-03 14:36:27 INFO  TestDataProviders:21 - Reading JSON from a file
2020-09-03 14:36:27 INFO  TestListener:30 - Starting new testcase :testCase_NegativeLogin
2020-09-03 14:36:42 ERROR TestListener:50 - Test failed : testCase_NegativeLogin
2020-09-03 14:36:42 ERROR TestListener:53 - java.lang.NullPointerException
	at TestCases.NegativeLogin.testCase_NegativeLogin(NegativeLogin.java:31)
	at java.base/jdk.internal.reflect.NativeMethodAccessorImpl.invoke0(Native Method)
	at java.base/jdk.internal.reflect.NativeMethodAccessorImpl.invoke(NativeMethodAccessorImpl.java:62)
	at java.base/jdk.internal.reflect.DelegatingMethodAccessorImpl.invoke(DelegatingMethodAccessorImpl.java:43)
	at java.base/java.lang.reflect.Method.invoke(Method.java:566)
	at org.testng.internal.MethodInvocationHelper.invokeMethod(MethodInvocationHelper.java:135)
	at org.testng.internal.TestInvoker.invokeMethod(TestInvoker.java:598)
	at org.testng.internal.TestInvoker.invokeTestMethod(TestInvoker.java:174)
	at org.testng.internal.MethodRunner.runInSequence(MethodRunner.java:46)
	at org.testng.internal.TestInvoker$MethodInvocationAgent.invoke(TestInvoker.java:821)
	at org.testng.internal.TestInvoker.invokeTestMethods(TestInvoker.java:147)
	at org.testng.internal.TestMethodWorker.invokeTestMethods(TestMethodWorker.java:146)
	at org.testng.internal.TestMethodWorker.run(TestMethodWorker.java:128)
	at java.base/java.util.ArrayList.forEach(ArrayList.java:1540)
	at org.testng.TestRunner.privateRun(TestRunner.java:767)
	at org.testng.TestRunner.run(TestRunner.java:588)
	at org.testng.SuiteRunner.runTest(SuiteRunner.java:384)
	at org.testng.SuiteRunner.runSequentially(SuiteRunner.java:378)
	at org.testng.SuiteRunner.privateRun(SuiteRunner.java:337)
	at org.testng.SuiteRunner.run(SuiteRunner.java:286)
	at org.testng.SuiteRunnerWorker.runSuite(SuiteRunnerWorker.java:53)
	at org.testng.SuiteRunnerWorker.run(SuiteRunnerWorker.java:96)
	at org.testng.TestNG.runSuitesSequentially(TestNG.java:1214)
	at org.testng.TestNG.runSuitesLocally(TestNG.java:1136)
	at org.testng.TestNG.runSuites(TestNG.java:1066)
	at org.testng.TestNG.run(TestNG.java:1034)
	at org.testng.remote.AbstractRemoteTestNG.run(AbstractRemoteTestNG.java:115)
	at org.testng.remote.RemoteTestNG.initAndRun(RemoteTestNG.java:251)
	at org.testng.remote.RemoteTestNG.main(RemoteTestNG.java:77)

2020-09-03 14:36:42 INFO  TestListener:30 - Starting new testcase :testCase_NegativeLogin
2020-09-03 14:36:42 INFO  TestListener:75 - Test skipped : testCase_NegativeLogin[TestClass name=class TestCases.NegativeLogin]
2020-09-03 14:36:42 INFO  TestListener:30 - Starting new testcase :testCase_NegativeLogin
2020-09-03 14:36:42 INFO  TestListener:75 - Test skipped : testCase_NegativeLogin[TestClass name=class TestCases.NegativeLogin]
2020-09-03 14:36:42 INFO  BasePage:136 - Closing brower...
2020-09-03 14:36:43 INFO  ExtentManager:56 - HTML report saved at D:\Assignment\Amazon_Assignment\Amazon_Assignment\Amazon_Assignment/reports/2020-09-03 14-36-08//testReport.html
2020-09-03 14:42:53 INFO  BasePage:61 - Into Before Suite - Hook
2020-09-03 14:42:53 INFO  ExtentManager:50 - HTML report created : Assignment  
2020-09-03 14:42:53 INFO  BasePage:77 - Into before Test Hook 
2020-09-03 14:42:59 INFO  BasePage:89 - Chrome Browser launched successfully..
2020-09-03 14:42:59 INFO  TestListener:30 - Starting new testcase :testCase_Search
2020-09-03 14:43:04 INFO  Searches:36 - Selected books option from drop down
2020-09-03 14:43:04 INFO  Searches:39 - Entered selenium in text box
2020-09-03 14:43:07 INFO  Searches:42 - Clicked selenium book
2020-09-03 14:43:07 INFO  Searches:45 - Found book selenium
2020-09-03 14:43:17 ERROR TestListener:50 - Test failed : testCase_Search
2020-09-03 14:43:17 ERROR TestListener:53 - org.openqa.selenium.NoSuchElementException: no such element: Unable to locate element: {"method":"xpath","selector":"//span[@id='productTitle']"}
  (Session info: chrome=84.0.4147.135)
For documentation on this error, please visit: https://www.seleniumhq.org/exceptions/no_such_element.html
Build info: version: '3.141.59', revision: 'e82be7d358', time: '2018-11-14T08:17:03'
System info: host: 'ANAMIKASALUJA', ip: '172.20.10.4', os.name: 'Windows 10', os.arch: 'amd64', os.version: '10.0', java.version: '11.0.5'
Driver info: org.openqa.selenium.chrome.ChromeDriver
Capabilities {acceptInsecureCerts: false, browserName: chrome, browserVersion: 84.0.4147.135, chrome: {chromedriverVersion: 84.0.4147.30 (48b3e868b4cc0..., userDataDir: C:\Users\ANAMIK~1\AppData\L...}, goog:chromeOptions: {debuggerAddress: localhost:51042}, javascriptEnabled: true, networkConnectionEnabled: false, pageLoadStrategy: normal, platform: WINDOWS, platformName: WINDOWS, proxy: Proxy(), setWindowRect: true, strictFileInteractability: false, timeouts: {implicit: 0, pageLoad: 300000, script: 30000}, unhandledPromptBehavior: dismiss and notify, webauthn:virtualAuthenticators: true}
Session ID: d72b182ae669ab2362ebd994aee083df
*** Element info: {Using=xpath, value=//span[@id='productTitle']}
	at java.base/jdk.internal.reflect.NativeConstructorAccessorImpl.newInstance0(Native Method)
	at java.base/jdk.internal.reflect.NativeConstructorAccessorImpl.newInstance(NativeConstructorAccessorImpl.java:62)
	at java.base/jdk.internal.reflect.DelegatingConstructorAccessorImpl.newInstance(DelegatingConstructorAccessorImpl.java:45)
	at java.base/java.lang.reflect.Constructor.newInstance(Constructor.java:490)
	at org.openqa.selenium.remote.http.W3CHttpResponseCodec.createException(W3CHttpResponseCodec.java:187)
	at org.openqa.selenium.remote.http.W3CHttpResponseCodec.decode(W3CHttpResponseCodec.java:122)
	at org.openqa.selenium.remote.http.W3CHttpResponseCodec.decode(W3CHttpResponseCodec.java:49)
	at org.openqa.selenium.remote.HttpCommandExecutor.execute(HttpCommandExecutor.java:158)
	at org.openqa.selenium.remote.service.DriverCommandExecutor.execute(DriverCommandExecutor.java:83)
	at org.openqa.selenium.remote.RemoteWebDriver.execute(RemoteWebDriver.java:552)
	at org.openqa.selenium.remote.RemoteWebDriver.findElement(RemoteWebDriver.java:323)
	at org.openqa.selenium.remote.RemoteWebDriver.findElementByXPath(RemoteWebDriver.java:428)
	at org.openqa.selenium.By$ByXPath.findElement(By.java:353)
	at org.openqa.selenium.remote.RemoteWebDriver.findElement(RemoteWebDriver.java:315)
	at org.openqa.selenium.support.pagefactory.DefaultElementLocator.findElement(DefaultElementLocator.java:69)
	at org.openqa.selenium.support.pagefactory.internal.LocatingElementHandler.invoke(LocatingElementHandler.java:38)
	at com.sun.proxy.$Proxy17.getText(Unknown Source)
	at Pages.BookPage.VerifyTitle(BookPage.java:25)
	at TestCases.Searches.testCase_Search(Searches.java:46)
	at java.base/jdk.internal.reflect.NativeMethodAccessorImpl.invoke0(Native Method)
	at java.base/jdk.internal.reflect.NativeMethodAccessorImpl.invoke(NativeMethodAccessorImpl.java:62)
	at java.base/jdk.internal.reflect.DelegatingMethodAccessorImpl.invoke(DelegatingMethodAccessorImpl.java:43)
	at java.base/java.lang.reflect.Method.invoke(Method.java:566)
	at org.testng.internal.MethodInvocationHelper.invokeMethod(MethodInvocationHelper.java:135)
	at org.testng.internal.TestInvoker.invokeMethod(TestInvoker.java:598)
	at org.testng.internal.TestInvoker.invokeTestMethod(TestInvoker.java:174)
	at org.testng.internal.MethodRunner.runInSequence(MethodRunner.java:46)
	at org.testng.internal.TestInvoker$MethodInvocationAgent.invoke(TestInvoker.java:821)
	at org.testng.internal.TestInvoker.invokeTestMethods(TestInvoker.java:147)
	at org.testng.internal.TestMethodWorker.invokeTestMethods(TestMethodWorker.java:146)
	at org.testng.internal.TestMethodWorker.run(TestMethodWorker.java:128)
	at java.base/java.util.ArrayList.forEach(ArrayList.java:1540)
	at org.testng.TestRunner.privateRun(TestRunner.java:767)
	at org.testng.TestRunner.run(TestRunner.java:588)
	at org.testng.SuiteRunner.runTest(SuiteRunner.java:384)
	at org.testng.SuiteRunner.runSequentially(SuiteRunner.java:378)
	at org.testng.SuiteRunner.privateRun(SuiteRunner.java:337)
	at org.testng.SuiteRunner.run(SuiteRunner.java:286)
	at org.testng.SuiteRunnerWorker.runSuite(SuiteRunnerWorker.java:53)
	at org.testng.SuiteRunnerWorker.run(SuiteRunnerWorker.java:96)
	at org.testng.TestNG.runSuitesSequentially(TestNG.java:1214)
	at org.testng.TestNG.runSuitesLocally(TestNG.java:1136)
	at org.testng.TestNG.runSuites(TestNG.java:1066)
	at org.testng.TestNG.run(TestNG.java:1034)
	at org.testng.remote.AbstractRemoteTestNG.run(AbstractRemoteTestNG.java:115)
	at org.testng.remote.RemoteTestNG.initAndRun(RemoteTestNG.java:251)
	at org.testng.remote.RemoteTestNG.main(RemoteTestNG.java:77)

2020-09-03 14:43:17 INFO  BasePage:134 - Closing brower...
2020-09-03 14:43:18 INFO  BasePage:77 - Into before Test Hook 
2020-09-03 14:43:23 INFO  BasePage:89 - Chrome Browser launched successfully..
2020-09-03 14:43:23 INFO  TestDataProviders:17 - Into Dataprovider - Negative Login Data
2020-09-03 14:43:23 INFO  TestDataProviders:21 - Reading JSON from a file
2020-09-03 14:43:23 INFO  TestListener:30 - Starting new testcase :testCase_NegativeLogin
2020-09-03 14:43:29 INFO  NegativeLogin:33 - Login in with wrong pass
2020-09-03 14:43:31 INFO  TestListener:40 - Test successfully passed : testCase_NegativeLogin[TestClass name=class TestCases.NegativeLogin]
2020-09-03 14:43:31 INFO  TestListener:30 - Starting new testcase :testCase_NegativeLogin
2020-09-03 14:43:35 INFO  NegativeLogin:33 - Login in with wrong pass
2020-09-03 14:43:36 INFO  TestListener:40 - Test successfully passed : testCase_NegativeLogin[TestClass name=class TestCases.NegativeLogin]
2020-09-03 14:43:36 INFO  TestListener:30 - Starting new testcase :testCase_NegativeLogin
2020-09-03 14:43:41 INFO  NegativeLogin:33 - Login in with wrong pass
2020-09-03 14:43:41 INFO  TestListener:40 - Test successfully passed : testCase_NegativeLogin[TestClass name=class TestCases.NegativeLogin]
2020-09-03 14:43:41 INFO  BasePage:134 - Closing brower...
2020-09-03 14:43:43 INFO  ExtentManager:56 - HTML report saved at D:\Assignment\Amazon_Assignment\Amazon_Assignment\Amazon_Assignment/reports/2020-09-03 14-42-53//testReport.html
2020-09-03 14:47:02 INFO  BasePage:61 - Into Before Suite - Hook
2020-09-03 14:47:02 INFO  ExtentManager:50 - HTML report created : Assignment  
2020-09-03 14:47:02 INFO  BasePage:77 - Into before Test Hook 
2020-09-03 14:47:02 INFO  BasePage:77 - Into before Test Hook 
2020-09-03 14:47:09 INFO  BasePage:89 - Chrome Browser launched successfully..
2020-09-03 14:47:09 INFO  BasePage:89 - Chrome Browser launched successfully..
2020-09-03 14:47:09 INFO  TestDataProviders:17 - Into Dataprovider - Negative Login Data
2020-09-03 14:47:09 INFO  TestListener:30 - Starting new testcase :testCase_Search
2020-09-03 14:47:09 INFO  TestDataProviders:21 - Reading JSON from a file
2020-09-03 14:47:09 INFO  TestListener:30 - Starting new testcase :testCase_NegativeLogin
2020-09-03 14:51:53 INFO  BasePage:61 - Into Before Suite - Hook
2020-09-03 14:51:53 INFO  ExtentManager:50 - HTML report created : Assignment  
2020-09-03 14:51:53 INFO  BasePage:74 - Into before Test Hook 
2020-09-03 14:51:59 INFO  BasePage:86 - Chrome Browser launched successfully..
2020-09-03 14:51:59 INFO  TestListener:32 - Starting new testcase :testCase_Search
2020-09-03 14:51:59 INFO  TestListener:83 - Test skipped : testCase_Search[TestClass name=class TestCases.Searches]
2020-09-03 14:51:59 INFO  BasePage:130 - Closing brower...
2020-09-03 14:52:00 INFO  BasePage:74 - Into before Test Hook 
2020-09-03 14:52:05 INFO  BasePage:86 - Chrome Browser launched successfully..
2020-09-03 14:52:05 INFO  TestDataProviders:17 - Into Dataprovider - Negative Login Data
2020-09-03 14:52:05 INFO  TestDataProviders:21 - Reading JSON from a file
2020-09-03 14:52:05 INFO  TestListener:32 - Starting new testcase :testCase_NegativeLogin
2020-09-03 14:52:05 INFO  TestListener:83 - Test skipped : testCase_NegativeLogin[TestClass name=class TestCases.NegativeLogin]
2020-09-03 14:52:05 INFO  TestListener:32 - Starting new testcase :testCase_NegativeLogin
2020-09-03 14:52:05 INFO  TestListener:83 - Test skipped : testCase_NegativeLogin[TestClass name=class TestCases.NegativeLogin]
2020-09-03 14:52:05 INFO  TestListener:32 - Starting new testcase :testCase_NegativeLogin
2020-09-03 14:52:05 INFO  TestListener:83 - Test skipped : testCase_NegativeLogin[TestClass name=class TestCases.NegativeLogin]
2020-09-03 14:52:05 INFO  BasePage:130 - Closing brower...
2020-09-03 14:52:06 INFO  ExtentManager:56 - HTML report saved at D:\Assignment\Amazon_Assignment\Amazon_Assignment\Amazon_Assignment/reports/2020-09-03 14-51-53//testReport.html
2020-09-03 14:52:53 INFO  BasePage:61 - Into Before Suite - Hook
2020-09-03 14:52:53 INFO  ExtentManager:50 - HTML report created : Assignment  
2020-09-03 14:52:53 INFO  BasePage:74 - Into before Test Hook 
2020-09-03 14:52:59 INFO  BasePage:86 - Chrome Browser launched successfully..
2020-09-03 14:52:59 INFO  TestListener:32 - Starting new testcase :testCase_Search
2020-09-03 14:53:24 INFO  Searches:36 - Selected books option from drop down
2020-09-03 14:53:24 INFO  Searches:39 - Entered selenium in text box
2020-09-03 14:53:27 INFO  Searches:42 - Clicked selenium book
2020-09-03 14:53:27 INFO  Searches:45 - Found book selenium
2020-09-03 14:53:37 ERROR TestListener:52 - Test failed : testCase_Search
2020-09-03 14:53:37 ERROR TestListener:55 - org.openqa.selenium.NoSuchElementException: no such element: Unable to locate element: {"method":"xpath","selector":"//span[@id='productTitle']"}
  (Session info: chrome=84.0.4147.135)
For documentation on this error, please visit: https://www.seleniumhq.org/exceptions/no_such_element.html
Build info: version: '3.141.59', revision: 'e82be7d358', time: '2018-11-14T08:17:03'
System info: host: 'ANAMIKASALUJA', ip: '172.20.10.4', os.name: 'Windows 10', os.arch: 'amd64', os.version: '10.0', java.version: '11.0.5'
Driver info: org.openqa.selenium.chrome.ChromeDriver
Capabilities {acceptInsecureCerts: false, browserName: chrome, browserVersion: 84.0.4147.135, chrome: {chromedriverVersion: 84.0.4147.30 (48b3e868b4cc0..., userDataDir: C:\Users\ANAMIK~1\AppData\L...}, goog:chromeOptions: {debuggerAddress: localhost:53251}, javascriptEnabled: true, networkConnectionEnabled: false, pageLoadStrategy: normal, platform: WINDOWS, platformName: WINDOWS, proxy: Proxy(), setWindowRect: true, strictFileInteractability: false, timeouts: {implicit: 0, pageLoad: 300000, script: 30000}, unhandledPromptBehavior: dismiss and notify, webauthn:virtualAuthenticators: true}
Session ID: d9a0d0119e340b64eb9415abda02139b
*** Element info: {Using=xpath, value=//span[@id='productTitle']}
	at java.base/jdk.internal.reflect.NativeConstructorAccessorImpl.newInstance0(Native Method)
	at java.base/jdk.internal.reflect.NativeConstructorAccessorImpl.newInstance(NativeConstructorAccessorImpl.java:62)
	at java.base/jdk.internal.reflect.DelegatingConstructorAccessorImpl.newInstance(DelegatingConstructorAccessorImpl.java:45)
	at java.base/java.lang.reflect.Constructor.newInstance(Constructor.java:490)
	at org.openqa.selenium.remote.http.W3CHttpResponseCodec.createException(W3CHttpResponseCodec.java:187)
	at org.openqa.selenium.remote.http.W3CHttpResponseCodec.decode(W3CHttpResponseCodec.java:122)
	at org.openqa.selenium.remote.http.W3CHttpResponseCodec.decode(W3CHttpResponseCodec.java:49)
	at org.openqa.selenium.remote.HttpCommandExecutor.execute(HttpCommandExecutor.java:158)
	at org.openqa.selenium.remote.service.DriverCommandExecutor.execute(DriverCommandExecutor.java:83)
	at org.openqa.selenium.remote.RemoteWebDriver.execute(RemoteWebDriver.java:552)
	at org.openqa.selenium.remote.RemoteWebDriver.findElement(RemoteWebDriver.java:323)
	at org.openqa.selenium.remote.RemoteWebDriver.findElementByXPath(RemoteWebDriver.java:428)
	at org.openqa.selenium.By$ByXPath.findElement(By.java:353)
	at org.openqa.selenium.remote.RemoteWebDriver.findElement(RemoteWebDriver.java:315)
	at org.openqa.selenium.support.pagefactory.DefaultElementLocator.findElement(DefaultElementLocator.java:69)
	at org.openqa.selenium.support.pagefactory.internal.LocatingElementHandler.invoke(LocatingElementHandler.java:38)
	at com.sun.proxy.$Proxy17.getText(Unknown Source)
	at Pages.BookPage.VerifyTitle(BookPage.java:25)
	at TestCases.Searches.testCase_Search(Searches.java:46)
	at java.base/jdk.internal.reflect.NativeMethodAccessorImpl.invoke0(Native Method)
	at java.base/jdk.internal.reflect.NativeMethodAccessorImpl.invoke(NativeMethodAccessorImpl.java:62)
	at java.base/jdk.internal.reflect.DelegatingMethodAccessorImpl.invoke(DelegatingMethodAccessorImpl.java:43)
	at java.base/java.lang.reflect.Method.invoke(Method.java:566)
	at org.testng.internal.MethodInvocationHelper.invokeMethod(MethodInvocationHelper.java:135)
	at org.testng.internal.TestInvoker.invokeMethod(TestInvoker.java:598)
	at org.testng.internal.TestInvoker.invokeTestMethod(TestInvoker.java:174)
	at org.testng.internal.MethodRunner.runInSequence(MethodRunner.java:46)
	at org.testng.internal.TestInvoker$MethodInvocationAgent.invoke(TestInvoker.java:821)
	at org.testng.internal.TestInvoker.invokeTestMethods(TestInvoker.java:147)
	at org.testng.internal.TestMethodWorker.invokeTestMethods(TestMethodWorker.java:146)
	at org.testng.internal.TestMethodWorker.run(TestMethodWorker.java:128)
	at java.base/java.util.ArrayList.forEach(ArrayList.java:1540)
	at org.testng.TestRunner.privateRun(TestRunner.java:767)
	at org.testng.TestRunner.run(TestRunner.java:588)
	at org.testng.SuiteRunner.runTest(SuiteRunner.java:384)
	at org.testng.SuiteRunner.runSequentially(SuiteRunner.java:378)
	at org.testng.SuiteRunner.privateRun(SuiteRunner.java:337)
	at org.testng.SuiteRunner.run(SuiteRunner.java:286)
	at org.testng.SuiteRunnerWorker.runSuite(SuiteRunnerWorker.java:53)
	at org.testng.SuiteRunnerWorker.run(SuiteRunnerWorker.java:96)
	at org.testng.TestNG.runSuitesSequentially(TestNG.java:1214)
	at org.testng.TestNG.runSuitesLocally(TestNG.java:1136)
	at org.testng.TestNG.runSuites(TestNG.java:1066)
	at org.testng.TestNG.run(TestNG.java:1034)
	at org.testng.remote.AbstractRemoteTestNG.run(AbstractRemoteTestNG.java:115)
	at org.testng.remote.RemoteTestNG.initAndRun(RemoteTestNG.java:251)
	at org.testng.remote.RemoteTestNG.main(RemoteTestNG.java:77)

2020-09-03 14:53:37 ERROR TestListener:52 - Test failed : testCase_Search
2020-09-03 14:53:37 ERROR TestListener:55 - java.lang.NullPointerException
	at keywords.SeleniumKeywords.getScreenshot(SeleniumKeywords.java:24)
	at base.TestListener.onTestFailure(TestListener.java:58)
	at org.testng.internal.TestListenerHelper.runTestListeners(TestListenerHelper.java:66)
	at org.testng.internal.TestInvoker.runTestResultListener(TestInvoker.java:220)
	at org.testng.internal.TestInvoker.invokeMethod(TestInvoker.java:656)
	at org.testng.internal.TestInvoker.invokeTestMethod(TestInvoker.java:174)
	at org.testng.internal.MethodRunner.runInSequence(MethodRunner.java:46)
	at org.testng.internal.TestInvoker$MethodInvocationAgent.invoke(TestInvoker.java:821)
	at org.testng.internal.TestInvoker.invokeTestMethods(TestInvoker.java:147)
	at org.testng.internal.TestMethodWorker.invokeTestMethods(TestMethodWorker.java:146)
	at org.testng.internal.TestMethodWorker.run(TestMethodWorker.java:128)
	at java.base/java.util.ArrayList.forEach(ArrayList.java:1540)
	at org.testng.TestRunner.privateRun(TestRunner.java:767)
	at org.testng.TestRunner.run(TestRunner.java:588)
	at org.testng.SuiteRunner.runTest(SuiteRunner.java:384)
	at org.testng.SuiteRunner.runSequentially(SuiteRunner.java:378)
	at org.testng.SuiteRunner.privateRun(SuiteRunner.java:337)
	at org.testng.SuiteRunner.run(SuiteRunner.java:286)
	at org.testng.SuiteRunnerWorker.runSuite(SuiteRunnerWorker.java:53)
	at org.testng.SuiteRunnerWorker.run(SuiteRunnerWorker.java:96)
	at org.testng.TestNG.runSuitesSequentially(TestNG.java:1214)
	at org.testng.TestNG.runSuitesLocally(TestNG.java:1136)
	at org.testng.TestNG.runSuites(TestNG.java:1066)
	at org.testng.TestNG.run(TestNG.java:1034)
	at org.testng.remote.AbstractRemoteTestNG.run(AbstractRemoteTestNG.java:115)
	at org.testng.remote.RemoteTestNG.initAndRun(RemoteTestNG.java:251)
	at org.testng.remote.RemoteTestNG.main(RemoteTestNG.java:77)

2020-09-03 14:53:37 INFO  BasePage:130 - Closing brower...
2020-09-03 14:54:44 INFO  BasePage:61 - Into Before Suite - Hook
2020-09-03 14:54:44 INFO  ExtentManager:50 - HTML report created : Assignment  
2020-09-03 14:54:44 INFO  BasePage:74 - Into before Test Hook 
2020-09-03 14:54:50 INFO  BasePage:86 - Chrome Browser launched successfully..
2020-09-03 14:54:50 INFO  TestListener:32 - Starting new testcase :testCase_Search
2020-09-03 14:55:07 INFO  Searches:36 - Selected books option from drop down
2020-09-03 14:55:07 INFO  Searches:39 - Entered selenium in text box
2020-09-03 14:55:08 INFO  Searches:42 - Clicked selenium book
2020-09-03 14:55:11 INFO  Searches:45 - Found book selenium
2020-09-03 14:55:21 ERROR TestListener:52 - Test failed : testCase_Search
2020-09-03 14:55:21 ERROR TestListener:55 - org.openqa.selenium.NoSuchElementException: no such element: Unable to locate element: {"method":"xpath","selector":"//span[@id='productTitle']"}
  (Session info: chrome=84.0.4147.135)
For documentation on this error, please visit: https://www.seleniumhq.org/exceptions/no_such_element.html
Build info: version: '3.141.59', revision: 'e82be7d358', time: '2018-11-14T08:17:03'
System info: host: 'ANAMIKASALUJA', ip: '172.20.10.4', os.name: 'Windows 10', os.arch: 'amd64', os.version: '10.0', java.version: '11.0.5'
Driver info: org.openqa.selenium.chrome.ChromeDriver
Capabilities {acceptInsecureCerts: false, browserName: chrome, browserVersion: 84.0.4147.135, chrome: {chromedriverVersion: 84.0.4147.30 (48b3e868b4cc0..., userDataDir: C:\Users\ANAMIK~1\AppData\L...}, goog:chromeOptions: {debuggerAddress: localhost:53354}, javascriptEnabled: true, networkConnectionEnabled: false, pageLoadStrategy: normal, platform: WINDOWS, platformName: WINDOWS, proxy: Proxy(), setWindowRect: true, strictFileInteractability: false, timeouts: {implicit: 0, pageLoad: 300000, script: 30000}, unhandledPromptBehavior: dismiss and notify, webauthn:virtualAuthenticators: true}
Session ID: 7f4002f7810a15f581a44bed6e56ac6f
*** Element info: {Using=xpath, value=//span[@id='productTitle']}
	at java.base/jdk.internal.reflect.NativeConstructorAccessorImpl.newInstance0(Native Method)
	at java.base/jdk.internal.reflect.NativeConstructorAccessorImpl.newInstance(NativeConstructorAccessorImpl.java:62)
	at java.base/jdk.internal.reflect.DelegatingConstructorAccessorImpl.newInstance(DelegatingConstructorAccessorImpl.java:45)
	at java.base/java.lang.reflect.Constructor.newInstance(Constructor.java:490)
	at org.openqa.selenium.remote.http.W3CHttpResponseCodec.createException(W3CHttpResponseCodec.java:187)
	at org.openqa.selenium.remote.http.W3CHttpResponseCodec.decode(W3CHttpResponseCodec.java:122)
	at org.openqa.selenium.remote.http.W3CHttpResponseCodec.decode(W3CHttpResponseCodec.java:49)
	at org.openqa.selenium.remote.HttpCommandExecutor.execute(HttpCommandExecutor.java:158)
	at org.openqa.selenium.remote.service.DriverCommandExecutor.execute(DriverCommandExecutor.java:83)
	at org.openqa.selenium.remote.RemoteWebDriver.execute(RemoteWebDriver.java:552)
	at org.openqa.selenium.remote.RemoteWebDriver.findElement(RemoteWebDriver.java:323)
	at org.openqa.selenium.remote.RemoteWebDriver.findElementByXPath(RemoteWebDriver.java:428)
	at org.openqa.selenium.By$ByXPath.findElement(By.java:353)
	at org.openqa.selenium.remote.RemoteWebDriver.findElement(RemoteWebDriver.java:315)
	at org.openqa.selenium.support.pagefactory.DefaultElementLocator.findElement(DefaultElementLocator.java:69)
	at org.openqa.selenium.support.pagefactory.internal.LocatingElementHandler.invoke(LocatingElementHandler.java:38)
	at com.sun.proxy.$Proxy17.getText(Unknown Source)
	at Pages.BookPage.VerifyTitle(BookPage.java:25)
	at TestCases.Searches.testCase_Search(Searches.java:46)
	at java.base/jdk.internal.reflect.NativeMethodAccessorImpl.invoke0(Native Method)
	at java.base/jdk.internal.reflect.NativeMethodAccessorImpl.invoke(NativeMethodAccessorImpl.java:62)
	at java.base/jdk.internal.reflect.DelegatingMethodAccessorImpl.invoke(DelegatingMethodAccessorImpl.java:43)
	at java.base/java.lang.reflect.Method.invoke(Method.java:566)
	at org.testng.internal.MethodInvocationHelper.invokeMethod(MethodInvocationHelper.java:135)
	at org.testng.internal.TestInvoker.invokeMethod(TestInvoker.java:598)
	at org.testng.internal.TestInvoker.invokeTestMethod(TestInvoker.java:174)
	at org.testng.internal.MethodRunner.runInSequence(MethodRunner.java:46)
	at org.testng.internal.TestInvoker$MethodInvocationAgent.invoke(TestInvoker.java:821)
	at org.testng.internal.TestInvoker.invokeTestMethods(TestInvoker.java:147)
	at org.testng.internal.TestMethodWorker.invokeTestMethods(TestMethodWorker.java:146)
	at org.testng.internal.TestMethodWorker.run(TestMethodWorker.java:128)
	at java.base/java.util.ArrayList.forEach(ArrayList.java:1540)
	at org.testng.TestRunner.privateRun(TestRunner.java:767)
	at org.testng.TestRunner.run(TestRunner.java:588)
	at org.testng.SuiteRunner.runTest(SuiteRunner.java:384)
	at org.testng.SuiteRunner.runSequentially(SuiteRunner.java:378)
	at org.testng.SuiteRunner.privateRun(SuiteRunner.java:337)
	at org.testng.SuiteRunner.run(SuiteRunner.java:286)
	at org.testng.SuiteRunnerWorker.runSuite(SuiteRunnerWorker.java:53)
	at org.testng.SuiteRunnerWorker.run(SuiteRunnerWorker.java:96)
	at org.testng.TestNG.runSuitesSequentially(TestNG.java:1214)
	at org.testng.TestNG.runSuitesLocally(TestNG.java:1136)
	at org.testng.TestNG.runSuites(TestNG.java:1066)
	at org.testng.TestNG.run(TestNG.java:1034)
	at org.testng.remote.AbstractRemoteTestNG.run(AbstractRemoteTestNG.java:115)
	at org.testng.remote.RemoteTestNG.initAndRun(RemoteTestNG.java:251)
	at org.testng.remote.RemoteTestNG.main(RemoteTestNG.java:77)

2020-09-03 14:55:21 ERROR TestListener:52 - Test failed : testCase_Search
2020-09-03 14:55:21 ERROR TestListener:55 - java.lang.NullPointerException
	at keywords.SeleniumKeywords.getScreenshot(SeleniumKeywords.java:24)
	at base.TestListener.onTestFailure(TestListener.java:58)
	at org.testng.internal.TestListenerHelper.runTestListeners(TestListenerHelper.java:66)
	at org.testng.internal.TestInvoker.runTestResultListener(TestInvoker.java:220)
	at org.testng.internal.TestInvoker.invokeMethod(TestInvoker.java:656)
	at org.testng.internal.TestInvoker.invokeTestMethod(TestInvoker.java:174)
	at org.testng.internal.MethodRunner.runInSequence(MethodRunner.java:46)
	at org.testng.internal.TestInvoker$MethodInvocationAgent.invoke(TestInvoker.java:821)
	at org.testng.internal.TestInvoker.invokeTestMethods(TestInvoker.java:147)
	at org.testng.internal.TestMethodWorker.invokeTestMethods(TestMethodWorker.java:146)
	at org.testng.internal.TestMethodWorker.run(TestMethodWorker.java:128)
	at java.base/java.util.ArrayList.forEach(ArrayList.java:1540)
	at org.testng.TestRunner.privateRun(TestRunner.java:767)
	at org.testng.TestRunner.run(TestRunner.java:588)
	at org.testng.SuiteRunner.runTest(SuiteRunner.java:384)
	at org.testng.SuiteRunner.runSequentially(SuiteRunner.java:378)
	at org.testng.SuiteRunner.privateRun(SuiteRunner.java:337)
	at org.testng.SuiteRunner.run(SuiteRunner.java:286)
	at org.testng.SuiteRunnerWorker.runSuite(SuiteRunnerWorker.java:53)
	at org.testng.SuiteRunnerWorker.run(SuiteRunnerWorker.java:96)
	at org.testng.TestNG.runSuitesSequentially(TestNG.java:1214)
	at org.testng.TestNG.runSuitesLocally(TestNG.java:1136)
	at org.testng.TestNG.runSuites(TestNG.java:1066)
	at org.testng.TestNG.run(TestNG.java:1034)
	at org.testng.remote.AbstractRemoteTestNG.run(AbstractRemoteTestNG.java:115)
	at org.testng.remote.RemoteTestNG.initAndRun(RemoteTestNG.java:251)
	at org.testng.remote.RemoteTestNG.main(RemoteTestNG.java:77)

2020-09-03 14:55:21 INFO  BasePage:130 - Closing brower...
2020-09-03 14:55:59 INFO  BasePage:61 - Into Before Suite - Hook
2020-09-03 14:55:59 INFO  ExtentManager:50 - HTML report created : Assignment  
2020-09-03 14:55:59 INFO  BasePage:74 - Into before Test Hook 
2020-09-03 14:56:06 INFO  BasePage:86 - Chrome Browser launched successfully..
2020-09-03 14:56:06 INFO  TestListener:32 - Starting new testcase :testCase_Search
2020-09-03 14:56:19 INFO  Searches:36 - Selected books option from drop down
2020-09-03 14:56:19 INFO  Searches:39 - Entered selenium in text box
2020-09-03 14:56:19 INFO  Searches:42 - Clicked selenium book
2020-09-03 14:56:22 INFO  Searches:45 - Found book selenium
2020-09-03 14:56:32 ERROR TestListener:52 - Test failed : testCase_Search
2020-09-03 14:56:32 ERROR TestListener:55 - org.openqa.selenium.NoSuchElementException: no such element: Unable to locate element: {"method":"xpath","selector":"//span[@id='productTitle']"}
  (Session info: chrome=84.0.4147.135)
For documentation on this error, please visit: https://www.seleniumhq.org/exceptions/no_such_element.html
Build info: version: '3.141.59', revision: 'e82be7d358', time: '2018-11-14T08:17:03'
System info: host: 'ANAMIKASALUJA', ip: '172.20.10.4', os.name: 'Windows 10', os.arch: 'amd64', os.version: '10.0', java.version: '11.0.5'
Driver info: org.openqa.selenium.chrome.ChromeDriver
Capabilities {acceptInsecureCerts: false, browserName: chrome, browserVersion: 84.0.4147.135, chrome: {chromedriverVersion: 84.0.4147.30 (48b3e868b4cc0..., userDataDir: C:\Users\ANAMIK~1\AppData\L...}, goog:chromeOptions: {debuggerAddress: localhost:53452}, javascriptEnabled: true, networkConnectionEnabled: false, pageLoadStrategy: normal, platform: WINDOWS, platformName: WINDOWS, proxy: Proxy(), setWindowRect: true, strictFileInteractability: false, timeouts: {implicit: 0, pageLoad: 300000, script: 30000}, unhandledPromptBehavior: dismiss and notify, webauthn:virtualAuthenticators: true}
Session ID: f07eecca0ab128d6bdf2ff0ab57165ab
*** Element info: {Using=xpath, value=//span[@id='productTitle']}
	at java.base/jdk.internal.reflect.NativeConstructorAccessorImpl.newInstance0(Native Method)
	at java.base/jdk.internal.reflect.NativeConstructorAccessorImpl.newInstance(NativeConstructorAccessorImpl.java:62)
	at java.base/jdk.internal.reflect.DelegatingConstructorAccessorImpl.newInstance(DelegatingConstructorAccessorImpl.java:45)
	at java.base/java.lang.reflect.Constructor.newInstance(Constructor.java:490)
	at org.openqa.selenium.remote.http.W3CHttpResponseCodec.createException(W3CHttpResponseCodec.java:187)
	at org.openqa.selenium.remote.http.W3CHttpResponseCodec.decode(W3CHttpResponseCodec.java:122)
	at org.openqa.selenium.remote.http.W3CHttpResponseCodec.decode(W3CHttpResponseCodec.java:49)
	at org.openqa.selenium.remote.HttpCommandExecutor.execute(HttpCommandExecutor.java:158)
	at org.openqa.selenium.remote.service.DriverCommandExecutor.execute(DriverCommandExecutor.java:83)
	at org.openqa.selenium.remote.RemoteWebDriver.execute(RemoteWebDriver.java:552)
	at org.openqa.selenium.remote.RemoteWebDriver.findElement(RemoteWebDriver.java:323)
	at org.openqa.selenium.remote.RemoteWebDriver.findElementByXPath(RemoteWebDriver.java:428)
	at org.openqa.selenium.By$ByXPath.findElement(By.java:353)
	at org.openqa.selenium.remote.RemoteWebDriver.findElement(RemoteWebDriver.java:315)
	at org.openqa.selenium.support.pagefactory.DefaultElementLocator.findElement(DefaultElementLocator.java:69)
	at org.openqa.selenium.support.pagefactory.internal.LocatingElementHandler.invoke(LocatingElementHandler.java:38)
	at com.sun.proxy.$Proxy17.getText(Unknown Source)
	at Pages.BookPage.VerifyTitle(BookPage.java:25)
	at TestCases.Searches.testCase_Search(Searches.java:46)
	at java.base/jdk.internal.reflect.NativeMethodAccessorImpl.invoke0(Native Method)
	at java.base/jdk.internal.reflect.NativeMethodAccessorImpl.invoke(NativeMethodAccessorImpl.java:62)
	at java.base/jdk.internal.reflect.DelegatingMethodAccessorImpl.invoke(DelegatingMethodAccessorImpl.java:43)
	at java.base/java.lang.reflect.Method.invoke(Method.java:566)
	at org.testng.internal.MethodInvocationHelper.invokeMethod(MethodInvocationHelper.java:135)
	at org.testng.internal.TestInvoker.invokeMethod(TestInvoker.java:598)
	at org.testng.internal.TestInvoker.invokeTestMethod(TestInvoker.java:174)
	at org.testng.internal.MethodRunner.runInSequence(MethodRunner.java:46)
	at org.testng.internal.TestInvoker$MethodInvocationAgent.invoke(TestInvoker.java:821)
	at org.testng.internal.TestInvoker.invokeTestMethods(TestInvoker.java:147)
	at org.testng.internal.TestMethodWorker.invokeTestMethods(TestMethodWorker.java:146)
	at org.testng.internal.TestMethodWorker.run(TestMethodWorker.java:128)
	at java.base/java.util.ArrayList.forEach(ArrayList.java:1540)
	at org.testng.TestRunner.privateRun(TestRunner.java:767)
	at org.testng.TestRunner.run(TestRunner.java:588)
	at org.testng.SuiteRunner.runTest(SuiteRunner.java:384)
	at org.testng.SuiteRunner.runSequentially(SuiteRunner.java:378)
	at org.testng.SuiteRunner.privateRun(SuiteRunner.java:337)
	at org.testng.SuiteRunner.run(SuiteRunner.java:286)
	at org.testng.SuiteRunnerWorker.runSuite(SuiteRunnerWorker.java:53)
	at org.testng.SuiteRunnerWorker.run(SuiteRunnerWorker.java:96)
	at org.testng.TestNG.runSuitesSequentially(TestNG.java:1214)
	at org.testng.TestNG.runSuitesLocally(TestNG.java:1136)
	at org.testng.TestNG.runSuites(TestNG.java:1066)
	at org.testng.TestNG.run(TestNG.java:1034)
	at org.testng.remote.AbstractRemoteTestNG.run(AbstractRemoteTestNG.java:115)
	at org.testng.remote.RemoteTestNG.initAndRun(RemoteTestNG.java:251)
	at org.testng.remote.RemoteTestNG.main(RemoteTestNG.java:77)

2020-09-03 14:56:32 ERROR TestListener:52 - Test failed : testCase_Search
2020-09-03 14:56:32 ERROR TestListener:55 - java.lang.NullPointerException
	at keywords.SeleniumKeywords.getScreenshot(SeleniumKeywords.java:24)
	at base.TestListener.onTestFailure(TestListener.java:58)
	at org.testng.internal.TestListenerHelper.runTestListeners(TestListenerHelper.java:66)
	at org.testng.internal.TestInvoker.runTestResultListener(TestInvoker.java:220)
	at org.testng.internal.TestInvoker.invokeMethod(TestInvoker.java:656)
	at org.testng.internal.TestInvoker.invokeTestMethod(TestInvoker.java:174)
	at org.testng.internal.MethodRunner.runInSequence(MethodRunner.java:46)
	at org.testng.internal.TestInvoker$MethodInvocationAgent.invoke(TestInvoker.java:821)
	at org.testng.internal.TestInvoker.invokeTestMethods(TestInvoker.java:147)
	at org.testng.internal.TestMethodWorker.invokeTestMethods(TestMethodWorker.java:146)
	at org.testng.internal.TestMethodWorker.run(TestMethodWorker.java:128)
	at java.base/java.util.ArrayList.forEach(ArrayList.java:1540)
	at org.testng.TestRunner.privateRun(TestRunner.java:767)
	at org.testng.TestRunner.run(TestRunner.java:588)
	at org.testng.SuiteRunner.runTest(SuiteRunner.java:384)
	at org.testng.SuiteRunner.runSequentially(SuiteRunner.java:378)
	at org.testng.SuiteRunner.privateRun(SuiteRunner.java:337)
	at org.testng.SuiteRunner.run(SuiteRunner.java:286)
	at org.testng.SuiteRunnerWorker.runSuite(SuiteRunnerWorker.java:53)
	at org.testng.SuiteRunnerWorker.run(SuiteRunnerWorker.java:96)
	at org.testng.TestNG.runSuitesSequentially(TestNG.java:1214)
	at org.testng.TestNG.runSuitesLocally(TestNG.java:1136)
	at org.testng.TestNG.runSuites(TestNG.java:1066)
	at org.testng.TestNG.run(TestNG.java:1034)
	at org.testng.remote.AbstractRemoteTestNG.run(AbstractRemoteTestNG.java:115)
	at org.testng.remote.RemoteTestNG.initAndRun(RemoteTestNG.java:251)
	at org.testng.remote.RemoteTestNG.main(RemoteTestNG.java:77)

2020-09-03 14:56:32 INFO  BasePage:130 - Closing brower...
2020-09-03 14:57:21 INFO  BasePage:61 - Into Before Suite - Hook
2020-09-03 14:57:22 INFO  ExtentManager:50 - HTML report created : Assignment  
2020-09-03 14:57:56 INFO  BasePage:61 - Into Before Suite - Hook
2020-09-03 14:57:57 INFO  ExtentManager:50 - HTML report created : Assignment  
2020-09-03 14:57:57 INFO  BasePage:74 - Into before Test Hook 
2020-09-03 14:58:17 INFO  BasePage:86 - Chrome Browser launched successfully..
2020-09-03 14:58:27 INFO  TestListener:32 - Starting new testcase :testCase_Search
2020-09-03 14:58:39 INFO  Searches:36 - Selected books option from drop down
2020-09-03 14:58:40 INFO  Searches:39 - Entered selenium in text box
2020-09-03 14:58:40 INFO  Searches:42 - Clicked selenium book
2020-09-03 14:58:45 INFO  Searches:45 - Found book selenium
2020-09-03 14:58:56 ERROR TestListener:52 - Test failed : testCase_Search
2020-09-03 14:58:56 ERROR TestListener:55 - org.openqa.selenium.NoSuchElementException: no such element: Unable to locate element: {"method":"xpath","selector":"//span[@id='productTitle']"}
  (Session info: chrome=84.0.4147.135)
For documentation on this error, please visit: https://www.seleniumhq.org/exceptions/no_such_element.html
Build info: version: '3.141.59', revision: 'e82be7d358', time: '2018-11-14T08:17:03'
System info: host: 'ANAMIKASALUJA', ip: '172.20.10.4', os.name: 'Windows 10', os.arch: 'amd64', os.version: '10.0', java.version: '11.0.5'
Driver info: org.openqa.selenium.chrome.ChromeDriver
Capabilities {acceptInsecureCerts: false, browserName: chrome, browserVersion: 84.0.4147.135, chrome: {chromedriverVersion: 84.0.4147.30 (48b3e868b4cc0..., userDataDir: C:\Users\ANAMIK~1\AppData\L...}, goog:chromeOptions: {debuggerAddress: localhost:53550}, javascriptEnabled: true, networkConnectionEnabled: false, pageLoadStrategy: normal, platform: WINDOWS, platformName: WINDOWS, proxy: Proxy(), setWindowRect: true, strictFileInteractability: false, timeouts: {implicit: 0, pageLoad: 300000, script: 30000}, unhandledPromptBehavior: dismiss and notify, webauthn:virtualAuthenticators: true}
Session ID: b627d90198a377b68105a526bb026623
*** Element info: {Using=xpath, value=//span[@id='productTitle']}
	at java.base/jdk.internal.reflect.NativeConstructorAccessorImpl.newInstance0(Native Method)
	at java.base/jdk.internal.reflect.NativeConstructorAccessorImpl.newInstance(NativeConstructorAccessorImpl.java:62)
	at java.base/jdk.internal.reflect.DelegatingConstructorAccessorImpl.newInstance(DelegatingConstructorAccessorImpl.java:45)
	at java.base/java.lang.reflect.Constructor.newInstance(Constructor.java:490)
	at org.openqa.selenium.remote.http.W3CHttpResponseCodec.createException(W3CHttpResponseCodec.java:187)
	at org.openqa.selenium.remote.http.W3CHttpResponseCodec.decode(W3CHttpResponseCodec.java:122)
	at org.openqa.selenium.remote.http.W3CHttpResponseCodec.decode(W3CHttpResponseCodec.java:49)
	at org.openqa.selenium.remote.HttpCommandExecutor.execute(HttpCommandExecutor.java:158)
	at org.openqa.selenium.remote.service.DriverCommandExecutor.execute(DriverCommandExecutor.java:83)
	at org.openqa.selenium.remote.RemoteWebDriver.execute(RemoteWebDriver.java:552)
	at org.openqa.selenium.remote.RemoteWebDriver.findElement(RemoteWebDriver.java:323)
	at org.openqa.selenium.remote.RemoteWebDriver.findElementByXPath(RemoteWebDriver.java:428)
	at org.openqa.selenium.By$ByXPath.findElement(By.java:353)
	at org.openqa.selenium.remote.RemoteWebDriver.findElement(RemoteWebDriver.java:315)
	at org.openqa.selenium.support.pagefactory.DefaultElementLocator.findElement(DefaultElementLocator.java:69)
	at org.openqa.selenium.support.pagefactory.internal.LocatingElementHandler.invoke(LocatingElementHandler.java:38)
	at com.sun.proxy.$Proxy17.getText(Unknown Source)
	at Pages.BookPage.VerifyTitle(BookPage.java:25)
	at TestCases.Searches.testCase_Search(Searches.java:46)
	at java.base/jdk.internal.reflect.NativeMethodAccessorImpl.invoke0(Native Method)
	at java.base/jdk.internal.reflect.NativeMethodAccessorImpl.invoke(NativeMethodAccessorImpl.java:62)
	at java.base/jdk.internal.reflect.DelegatingMethodAccessorImpl.invoke(DelegatingMethodAccessorImpl.java:43)
	at java.base/java.lang.reflect.Method.invoke(Method.java:566)
	at org.testng.internal.MethodInvocationHelper.invokeMethod(MethodInvocationHelper.java:135)
	at org.testng.internal.TestInvoker.invokeMethod(TestInvoker.java:598)
	at org.testng.internal.TestInvoker.invokeTestMethod(TestInvoker.java:174)
	at org.testng.internal.MethodRunner.runInSequence(MethodRunner.java:46)
	at org.testng.internal.TestInvoker$MethodInvocationAgent.invoke(TestInvoker.java:821)
	at org.testng.internal.TestInvoker.invokeTestMethods(TestInvoker.java:147)
	at org.testng.internal.TestMethodWorker.invokeTestMethods(TestMethodWorker.java:146)
	at org.testng.internal.TestMethodWorker.run(TestMethodWorker.java:128)
	at java.base/java.util.ArrayList.forEach(ArrayList.java:1540)
	at org.testng.TestRunner.privateRun(TestRunner.java:767)
	at org.testng.TestRunner.run(TestRunner.java:588)
	at org.testng.SuiteRunner.runTest(SuiteRunner.java:384)
	at org.testng.SuiteRunner.runSequentially(SuiteRunner.java:378)
	at org.testng.SuiteRunner.privateRun(SuiteRunner.java:337)
	at org.testng.SuiteRunner.run(SuiteRunner.java:286)
	at org.testng.SuiteRunnerWorker.runSuite(SuiteRunnerWorker.java:53)
	at org.testng.SuiteRunnerWorker.run(SuiteRunnerWorker.java:96)
	at org.testng.TestNG.runSuitesSequentially(TestNG.java:1214)
	at org.testng.TestNG.runSuitesLocally(TestNG.java:1136)
	at org.testng.TestNG.runSuites(TestNG.java:1066)
	at org.testng.TestNG.run(TestNG.java:1034)
	at org.testng.remote.AbstractRemoteTestNG.run(AbstractRemoteTestNG.java:115)
	at org.testng.remote.RemoteTestNG.initAndRun(RemoteTestNG.java:251)
	at org.testng.remote.RemoteTestNG.main(RemoteTestNG.java:77)

2020-09-03 14:59:43 INFO  BasePage:61 - Into Before Suite - Hook
2020-09-03 14:59:43 INFO  ExtentManager:50 - HTML report created : Assignment  
2020-09-03 14:59:43 INFO  BasePage:74 - Into before Test Hook 
2020-09-03 14:59:54 INFO  BasePage:86 - Chrome Browser launched successfully..
2020-09-03 14:59:54 INFO  TestListener:32 - Starting new testcase :testCase_Search
2020-09-03 15:00:09 INFO  Searches:36 - Selected books option from drop down
2020-09-03 15:00:10 INFO  Searches:39 - Entered selenium in text box
2020-09-03 15:00:10 INFO  Searches:42 - Clicked selenium book
2020-09-03 15:00:17 INFO  Searches:45 - Found book selenium
2020-09-03 15:00:27 ERROR TestListener:52 - Test failed : testCase_Search
2020-09-03 15:00:27 ERROR TestListener:55 - org.openqa.selenium.NoSuchElementException: no such element: Unable to locate element: {"method":"xpath","selector":"//span[@id='productTitle']"}
  (Session info: chrome=84.0.4147.135)
For documentation on this error, please visit: https://www.seleniumhq.org/exceptions/no_such_element.html
Build info: version: '3.141.59', revision: 'e82be7d358', time: '2018-11-14T08:17:03'
System info: host: 'ANAMIKASALUJA', ip: '172.20.10.4', os.name: 'Windows 10', os.arch: 'amd64', os.version: '10.0', java.version: '11.0.5'
Driver info: org.openqa.selenium.chrome.ChromeDriver
Capabilities {acceptInsecureCerts: false, browserName: chrome, browserVersion: 84.0.4147.135, chrome: {chromedriverVersion: 84.0.4147.30 (48b3e868b4cc0..., userDataDir: C:\Users\ANAMIK~1\AppData\L...}, goog:chromeOptions: {debuggerAddress: localhost:53660}, javascriptEnabled: true, networkConnectionEnabled: false, pageLoadStrategy: normal, platform: WINDOWS, platformName: WINDOWS, proxy: Proxy(), setWindowRect: true, strictFileInteractability: false, timeouts: {implicit: 0, pageLoad: 300000, script: 30000}, unhandledPromptBehavior: dismiss and notify, webauthn:virtualAuthenticators: true}
Session ID: e8fa48f428cbc795d98207853b43861e
*** Element info: {Using=xpath, value=//span[@id='productTitle']}
	at java.base/jdk.internal.reflect.NativeConstructorAccessorImpl.newInstance0(Native Method)
	at java.base/jdk.internal.reflect.NativeConstructorAccessorImpl.newInstance(NativeConstructorAccessorImpl.java:62)
	at java.base/jdk.internal.reflect.DelegatingConstructorAccessorImpl.newInstance(DelegatingConstructorAccessorImpl.java:45)
	at java.base/java.lang.reflect.Constructor.newInstance(Constructor.java:490)
	at org.openqa.selenium.remote.http.W3CHttpResponseCodec.createException(W3CHttpResponseCodec.java:187)
	at org.openqa.selenium.remote.http.W3CHttpResponseCodec.decode(W3CHttpResponseCodec.java:122)
	at org.openqa.selenium.remote.http.W3CHttpResponseCodec.decode(W3CHttpResponseCodec.java:49)
	at org.openqa.selenium.remote.HttpCommandExecutor.execute(HttpCommandExecutor.java:158)
	at org.openqa.selenium.remote.service.DriverCommandExecutor.execute(DriverCommandExecutor.java:83)
	at org.openqa.selenium.remote.RemoteWebDriver.execute(RemoteWebDriver.java:552)
	at org.openqa.selenium.remote.RemoteWebDriver.findElement(RemoteWebDriver.java:323)
	at org.openqa.selenium.remote.RemoteWebDriver.findElementByXPath(RemoteWebDriver.java:428)
	at org.openqa.selenium.By$ByXPath.findElement(By.java:353)
	at org.openqa.selenium.remote.RemoteWebDriver.findElement(RemoteWebDriver.java:315)
	at org.openqa.selenium.support.pagefactory.DefaultElementLocator.findElement(DefaultElementLocator.java:69)
	at org.openqa.selenium.support.pagefactory.internal.LocatingElementHandler.invoke(LocatingElementHandler.java:38)
	at com.sun.proxy.$Proxy17.getText(Unknown Source)
	at Pages.BookPage.VerifyTitle(BookPage.java:25)
	at TestCases.Searches.testCase_Search(Searches.java:46)
	at java.base/jdk.internal.reflect.NativeMethodAccessorImpl.invoke0(Native Method)
	at java.base/jdk.internal.reflect.NativeMethodAccessorImpl.invoke(NativeMethodAccessorImpl.java:62)
	at java.base/jdk.internal.reflect.DelegatingMethodAccessorImpl.invoke(DelegatingMethodAccessorImpl.java:43)
	at java.base/java.lang.reflect.Method.invoke(Method.java:566)
	at org.testng.internal.MethodInvocationHelper.invokeMethod(MethodInvocationHelper.java:135)
	at org.testng.internal.TestInvoker.invokeMethod(TestInvoker.java:598)
	at org.testng.internal.TestInvoker.invokeTestMethod(TestInvoker.java:174)
	at org.testng.internal.MethodRunner.runInSequence(MethodRunner.java:46)
	at org.testng.internal.TestInvoker$MethodInvocationAgent.invoke(TestInvoker.java:821)
	at org.testng.internal.TestInvoker.invokeTestMethods(TestInvoker.java:147)
	at org.testng.internal.TestMethodWorker.invokeTestMethods(TestMethodWorker.java:146)
	at org.testng.internal.TestMethodWorker.run(TestMethodWorker.java:128)
	at java.base/java.util.ArrayList.forEach(ArrayList.java:1540)
	at org.testng.TestRunner.privateRun(TestRunner.java:767)
	at org.testng.TestRunner.run(TestRunner.java:588)
	at org.testng.SuiteRunner.runTest(SuiteRunner.java:384)
	at org.testng.SuiteRunner.runSequentially(SuiteRunner.java:378)
	at org.testng.SuiteRunner.privateRun(SuiteRunner.java:337)
	at org.testng.SuiteRunner.run(SuiteRunner.java:286)
	at org.testng.SuiteRunnerWorker.runSuite(SuiteRunnerWorker.java:53)
	at org.testng.SuiteRunnerWorker.run(SuiteRunnerWorker.java:96)
	at org.testng.TestNG.runSuitesSequentially(TestNG.java:1214)
	at org.testng.TestNG.runSuitesLocally(TestNG.java:1136)
	at org.testng.TestNG.runSuites(TestNG.java:1066)
	at org.testng.TestNG.run(TestNG.java:1034)
	at org.testng.remote.AbstractRemoteTestNG.run(AbstractRemoteTestNG.java:115)
	at org.testng.remote.RemoteTestNG.initAndRun(RemoteTestNG.java:251)
	at org.testng.remote.RemoteTestNG.main(RemoteTestNG.java:77)

2020-09-03 15:02:28 ERROR TestListener:52 - Test failed : testCase_Search
2020-09-03 15:02:28 ERROR TestListener:55 - java.lang.NullPointerException
	at keywords.SeleniumKeywords.getScreenshot(SeleniumKeywords.java:24)
	at base.TestListener.onTestFailure(TestListener.java:58)
	at org.testng.internal.TestListenerHelper.runTestListeners(TestListenerHelper.java:66)
	at org.testng.internal.TestInvoker.runTestResultListener(TestInvoker.java:220)
	at org.testng.internal.TestInvoker.invokeMethod(TestInvoker.java:656)
	at org.testng.internal.TestInvoker.invokeTestMethod(TestInvoker.java:174)
	at org.testng.internal.MethodRunner.runInSequence(MethodRunner.java:46)
	at org.testng.internal.TestInvoker$MethodInvocationAgent.invoke(TestInvoker.java:821)
	at org.testng.internal.TestInvoker.invokeTestMethods(TestInvoker.java:147)
	at org.testng.internal.TestMethodWorker.invokeTestMethods(TestMethodWorker.java:146)
	at org.testng.internal.TestMethodWorker.run(TestMethodWorker.java:128)
	at java.base/java.util.ArrayList.forEach(ArrayList.java:1540)
	at org.testng.TestRunner.privateRun(TestRunner.java:767)
	at org.testng.TestRunner.run(TestRunner.java:588)
	at org.testng.SuiteRunner.runTest(SuiteRunner.java:384)
	at org.testng.SuiteRunner.runSequentially(SuiteRunner.java:378)
	at org.testng.SuiteRunner.privateRun(SuiteRunner.java:337)
	at org.testng.SuiteRunner.run(SuiteRunner.java:286)
	at org.testng.SuiteRunnerWorker.runSuite(SuiteRunnerWorker.java:53)
	at org.testng.SuiteRunnerWorker.run(SuiteRunnerWorker.java:96)
	at org.testng.TestNG.runSuitesSequentially(TestNG.java:1214)
	at org.testng.TestNG.runSuitesLocally(TestNG.java:1136)
	at org.testng.TestNG.runSuites(TestNG.java:1066)
	at org.testng.TestNG.run(TestNG.java:1034)
	at org.testng.remote.AbstractRemoteTestNG.run(AbstractRemoteTestNG.java:115)
	at org.testng.remote.RemoteTestNG.initAndRun(RemoteTestNG.java:251)
	at org.testng.remote.RemoteTestNG.main(RemoteTestNG.java:77)

2020-09-03 15:02:52 INFO  BasePage:130 - Closing brower...
2020-09-03 15:05:09 INFO  BasePage:62 - Into Before Suite - Hook
2020-09-03 15:05:09 INFO  ExtentManager:50 - HTML report created : Assignment  
2020-09-03 15:05:09 INFO  BasePage:75 - Into before Test Hook 
2020-09-03 15:05:19 INFO  BasePage:87 - Chrome Browser launched successfully..
2020-09-03 15:05:19 INFO  TestListener:32 - Starting new testcase :testCase_Search
2020-09-03 15:05:29 INFO  Searches:36 - Selected books option from drop down
2020-09-03 15:05:29 INFO  Searches:39 - Entered selenium in text box
2020-09-03 15:05:29 INFO  Searches:42 - Clicked selenium book
2020-09-03 15:05:32 INFO  Searches:45 - Found book selenium
2020-09-03 15:05:42 ERROR TestListener:52 - Test failed : testCase_Search
2020-09-03 15:05:42 ERROR TestListener:55 - org.openqa.selenium.NoSuchElementException: no such element: Unable to locate element: {"method":"xpath","selector":"//span[@id='productTitle']"}
  (Session info: chrome=84.0.4147.135)
For documentation on this error, please visit: https://www.seleniumhq.org/exceptions/no_such_element.html
Build info: version: '3.141.59', revision: 'e82be7d358', time: '2018-11-14T08:17:03'
System info: host: 'ANAMIKASALUJA', ip: '172.20.10.4', os.name: 'Windows 10', os.arch: 'amd64', os.version: '10.0', java.version: '11.0.5'
Driver info: org.openqa.selenium.chrome.ChromeDriver
Capabilities {acceptInsecureCerts: false, browserName: chrome, browserVersion: 84.0.4147.135, chrome: {chromedriverVersion: 84.0.4147.30 (48b3e868b4cc0..., userDataDir: C:\Users\ANAMIK~1\AppData\L...}, goog:chromeOptions: {debuggerAddress: localhost:53842}, javascriptEnabled: true, networkConnectionEnabled: false, pageLoadStrategy: normal, platform: WINDOWS, platformName: WINDOWS, proxy: Proxy(), setWindowRect: true, strictFileInteractability: false, timeouts: {implicit: 0, pageLoad: 300000, script: 30000}, unhandledPromptBehavior: dismiss and notify, webauthn:virtualAuthenticators: true}
Session ID: 8b67330dfa310f34211b09ba2f60ae07
*** Element info: {Using=xpath, value=//span[@id='productTitle']}
	at java.base/jdk.internal.reflect.NativeConstructorAccessorImpl.newInstance0(Native Method)
	at java.base/jdk.internal.reflect.NativeConstructorAccessorImpl.newInstance(NativeConstructorAccessorImpl.java:62)
	at java.base/jdk.internal.reflect.DelegatingConstructorAccessorImpl.newInstance(DelegatingConstructorAccessorImpl.java:45)
	at java.base/java.lang.reflect.Constructor.newInstance(Constructor.java:490)
	at org.openqa.selenium.remote.http.W3CHttpResponseCodec.createException(W3CHttpResponseCodec.java:187)
	at org.openqa.selenium.remote.http.W3CHttpResponseCodec.decode(W3CHttpResponseCodec.java:122)
	at org.openqa.selenium.remote.http.W3CHttpResponseCodec.decode(W3CHttpResponseCodec.java:49)
	at org.openqa.selenium.remote.HttpCommandExecutor.execute(HttpCommandExecutor.java:158)
	at org.openqa.selenium.remote.service.DriverCommandExecutor.execute(DriverCommandExecutor.java:83)
	at org.openqa.selenium.remote.RemoteWebDriver.execute(RemoteWebDriver.java:552)
	at org.openqa.selenium.remote.RemoteWebDriver.findElement(RemoteWebDriver.java:323)
	at org.openqa.selenium.remote.RemoteWebDriver.findElementByXPath(RemoteWebDriver.java:428)
	at org.openqa.selenium.By$ByXPath.findElement(By.java:353)
	at org.openqa.selenium.remote.RemoteWebDriver.findElement(RemoteWebDriver.java:315)
	at org.openqa.selenium.support.pagefactory.DefaultElementLocator.findElement(DefaultElementLocator.java:69)
	at org.openqa.selenium.support.pagefactory.internal.LocatingElementHandler.invoke(LocatingElementHandler.java:38)
	at com.sun.proxy.$Proxy18.getText(Unknown Source)
	at Pages.BookPage.VerifyTitle(BookPage.java:25)
	at TestCases.Searches.testCase_Search(Searches.java:46)
	at java.base/jdk.internal.reflect.NativeMethodAccessorImpl.invoke0(Native Method)
	at java.base/jdk.internal.reflect.NativeMethodAccessorImpl.invoke(NativeMethodAccessorImpl.java:62)
	at java.base/jdk.internal.reflect.DelegatingMethodAccessorImpl.invoke(DelegatingMethodAccessorImpl.java:43)
	at java.base/java.lang.reflect.Method.invoke(Method.java:566)
	at org.testng.internal.MethodInvocationHelper.invokeMethod(MethodInvocationHelper.java:135)
	at org.testng.internal.TestInvoker.invokeMethod(TestInvoker.java:598)
	at org.testng.internal.TestInvoker.invokeTestMethod(TestInvoker.java:174)
	at org.testng.internal.MethodRunner.runInSequence(MethodRunner.java:46)
	at org.testng.internal.TestInvoker$MethodInvocationAgent.invoke(TestInvoker.java:821)
	at org.testng.internal.TestInvoker.invokeTestMethods(TestInvoker.java:147)
	at org.testng.internal.TestMethodWorker.invokeTestMethods(TestMethodWorker.java:146)
	at org.testng.internal.TestMethodWorker.run(TestMethodWorker.java:128)
	at java.base/java.util.ArrayList.forEach(ArrayList.java:1540)
	at org.testng.TestRunner.privateRun(TestRunner.java:767)
	at org.testng.TestRunner.run(TestRunner.java:588)
	at org.testng.SuiteRunner.runTest(SuiteRunner.java:384)
	at org.testng.SuiteRunner.runSequentially(SuiteRunner.java:378)
	at org.testng.SuiteRunner.privateRun(SuiteRunner.java:337)
	at org.testng.SuiteRunner.run(SuiteRunner.java:286)
	at org.testng.SuiteRunnerWorker.runSuite(SuiteRunnerWorker.java:53)
	at org.testng.SuiteRunnerWorker.run(SuiteRunnerWorker.java:96)
	at org.testng.TestNG.runSuitesSequentially(TestNG.java:1214)
	at org.testng.TestNG.runSuitesLocally(TestNG.java:1136)
	at org.testng.TestNG.runSuites(TestNG.java:1066)
	at org.testng.TestNG.run(TestNG.java:1034)
	at org.testng.remote.AbstractRemoteTestNG.run(AbstractRemoteTestNG.java:115)
	at org.testng.remote.RemoteTestNG.initAndRun(RemoteTestNG.java:251)
	at org.testng.remote.RemoteTestNG.main(RemoteTestNG.java:77)

2020-09-03 15:10:02 INFO  BasePage:116 - Closing brower...
2020-09-03 15:10:03 INFO  BasePage:75 - Into before Test Hook 
2020-09-03 15:10:08 INFO  BasePage:87 - Chrome Browser launched successfully..
2020-09-03 15:10:08 INFO  TestDataProviders:17 - Into Dataprovider - Negative Login Data
2020-09-03 15:10:08 INFO  TestDataProviders:21 - Reading JSON from a file
2020-09-03 15:10:08 INFO  TestListener:32 - Starting new testcase :testCase_NegativeLogin
2020-09-03 15:10:27 INFO  NegativeLogin:33 - Login in with wrong pass
2020-09-03 15:10:28 INFO  TestListener:42 - Test successfully passed : testCase_NegativeLogin[TestClass name=class TestCases.NegativeLogin]
2020-09-03 15:10:28 INFO  TestListener:32 - Starting new testcase :testCase_NegativeLogin
2020-09-03 15:10:36 INFO  NegativeLogin:33 - Login in with wrong pass
2020-09-03 15:10:37 INFO  TestListener:42 - Test successfully passed : testCase_NegativeLogin[TestClass name=class TestCases.NegativeLogin]
2020-09-03 15:10:37 INFO  TestListener:32 - Starting new testcase :testCase_NegativeLogin
2020-09-03 15:10:41 INFO  NegativeLogin:33 - Login in with wrong pass
2020-09-03 15:10:42 INFO  TestListener:42 - Test successfully passed : testCase_NegativeLogin[TestClass name=class TestCases.NegativeLogin]
2020-09-03 15:10:42 INFO  BasePage:116 - Closing brower...
2020-09-03 15:10:44 INFO  ExtentManager:56 - HTML report saved at D:\Assignment\Amazon_Assignment\Amazon_Assignment\Amazon_Assignment/reports/2020-09-03 15-05-09//testReport.html
2020-09-03 15:12:35 INFO  BasePage:62 - Into Before Suite - Hook
2020-09-03 15:12:36 INFO  ExtentManager:50 - HTML report created : Assignment  
2020-09-03 15:12:36 INFO  BasePage:75 - Into before Test Hook 
2020-09-03 15:12:42 INFO  BasePage:87 - Chrome Browser launched successfully..
2020-09-03 15:12:42 INFO  TestListener:32 - Starting new testcase :testCase_Search
2020-09-03 15:12:42 INFO  TestListener:77 - Test skipped : testCase_Search[TestClass name=class TestCases.Searches]
2020-09-03 15:12:42 INFO  BasePage:116 - Closing brower...
2020-09-03 15:12:42 INFO  BasePage:75 - Into before Test Hook 
2020-09-03 15:12:48 INFO  BasePage:87 - Chrome Browser launched successfully..
2020-09-03 15:12:48 INFO  TestDataProviders:17 - Into Dataprovider - Negative Login Data
2020-09-03 15:12:48 INFO  TestDataProviders:21 - Reading JSON from a file
2020-09-03 15:12:48 INFO  BasePage:99 - Starting the testcase testCase_NegativeLogin
2020-09-03 15:12:48 INFO  TestListener:32 - Starting new testcase :testCase_NegativeLogin
2020-09-03 15:13:19 ERROR TestListener:52 - Test failed : testCase_NegativeLogin
2020-09-03 15:13:19 ERROR TestListener:55 - org.openqa.selenium.ElementNotInteractableException: element not interactable
  (Session info: chrome=84.0.4147.135)
Build info: version: '3.141.59', revision: 'e82be7d358', time: '2018-11-14T08:17:03'
System info: host: 'ANAMIKASALUJA', ip: '172.20.10.4', os.name: 'Windows 10', os.arch: 'amd64', os.version: '10.0', java.version: '11.0.5'
Driver info: org.openqa.selenium.chrome.ChromeDriver
Capabilities {acceptInsecureCerts: false, browserName: chrome, browserVersion: 84.0.4147.135, chrome: {chromedriverVersion: 84.0.4147.30 (48b3e868b4cc0..., userDataDir: C:\Users\ANAMIK~1\AppData\L...}, goog:chromeOptions: {debuggerAddress: localhost:54065}, javascriptEnabled: true, networkConnectionEnabled: false, pageLoadStrategy: normal, platform: WINDOWS, platformName: WINDOWS, proxy: Proxy(), setWindowRect: true, strictFileInteractability: false, timeouts: {implicit: 0, pageLoad: 300000, script: 30000}, unhandledPromptBehavior: dismiss and notify, webauthn:virtualAuthenticators: true}
Session ID: ab429a18a8f6a38bd17caf708b1d7634
	at java.base/jdk.internal.reflect.NativeConstructorAccessorImpl.newInstance0(Native Method)
	at java.base/jdk.internal.reflect.NativeConstructorAccessorImpl.newInstance(NativeConstructorAccessorImpl.java:62)
	at java.base/jdk.internal.reflect.DelegatingConstructorAccessorImpl.newInstance(DelegatingConstructorAccessorImpl.java:45)
	at java.base/java.lang.reflect.Constructor.newInstance(Constructor.java:490)
	at org.openqa.selenium.remote.http.W3CHttpResponseCodec.createException(W3CHttpResponseCodec.java:187)
	at org.openqa.selenium.remote.http.W3CHttpResponseCodec.decode(W3CHttpResponseCodec.java:122)
	at org.openqa.selenium.remote.http.W3CHttpResponseCodec.decode(W3CHttpResponseCodec.java:49)
	at org.openqa.selenium.remote.HttpCommandExecutor.execute(HttpCommandExecutor.java:158)
	at org.openqa.selenium.remote.service.DriverCommandExecutor.execute(DriverCommandExecutor.java:83)
	at org.openqa.selenium.remote.RemoteWebDriver.execute(RemoteWebDriver.java:552)
	at org.openqa.selenium.remote.RemoteWebElement.execute(RemoteWebElement.java:285)
	at org.openqa.selenium.remote.RemoteWebElement.click(RemoteWebElement.java:84)
	at java.base/jdk.internal.reflect.NativeMethodAccessorImpl.invoke0(Native Method)
	at java.base/jdk.internal.reflect.NativeMethodAccessorImpl.invoke(NativeMethodAccessorImpl.java:62)
	at java.base/jdk.internal.reflect.DelegatingMethodAccessorImpl.invoke(DelegatingMethodAccessorImpl.java:43)
	at java.base/java.lang.reflect.Method.invoke(Method.java:566)
	at org.openqa.selenium.support.pagefactory.internal.LocatingElementHandler.invoke(LocatingElementHandler.java:51)
	at com.sun.proxy.$Proxy19.click(Unknown Source)
	at Pages.Login.clickSignInButton(Login.java:40)
	at TestCases.NegativeLogin.testCase_NegativeLogin(NegativeLogin.java:27)
	at java.base/jdk.internal.reflect.NativeMethodAccessorImpl.invoke0(Native Method)
	at java.base/jdk.internal.reflect.NativeMethodAccessorImpl.invoke(NativeMethodAccessorImpl.java:62)
	at java.base/jdk.internal.reflect.DelegatingMethodAccessorImpl.invoke(DelegatingMethodAccessorImpl.java:43)
	at java.base/java.lang.reflect.Method.invoke(Method.java:566)
	at org.testng.internal.MethodInvocationHelper.invokeMethod(MethodInvocationHelper.java:135)
	at org.testng.internal.TestInvoker.invokeMethod(TestInvoker.java:598)
	at org.testng.internal.TestInvoker.invokeTestMethod(TestInvoker.java:174)
	at org.testng.internal.MethodRunner.runInSequence(MethodRunner.java:46)
	at org.testng.internal.TestInvoker$MethodInvocationAgent.invoke(TestInvoker.java:821)
	at org.testng.internal.TestInvoker.invokeTestMethods(TestInvoker.java:147)
	at org.testng.internal.TestMethodWorker.invokeTestMethods(TestMethodWorker.java:146)
	at org.testng.internal.TestMethodWorker.run(TestMethodWorker.java:128)
	at java.base/java.util.ArrayList.forEach(ArrayList.java:1540)
	at org.testng.TestRunner.privateRun(TestRunner.java:767)
	at org.testng.TestRunner.run(TestRunner.java:588)
	at org.testng.SuiteRunner.runTest(SuiteRunner.java:384)
	at org.testng.SuiteRunner.runSequentially(SuiteRunner.java:378)
	at org.testng.SuiteRunner.privateRun(SuiteRunner.java:337)
	at org.testng.SuiteRunner.run(SuiteRunner.java:286)
	at org.testng.SuiteRunnerWorker.runSuite(SuiteRunnerWorker.java:53)
	at org.testng.SuiteRunnerWorker.run(SuiteRunnerWorker.java:96)
	at org.testng.TestNG.runSuitesSequentially(TestNG.java:1214)
	at org.testng.TestNG.runSuitesLocally(TestNG.java:1136)
	at org.testng.TestNG.runSuites(TestNG.java:1066)
	at org.testng.TestNG.run(TestNG.java:1034)
	at org.testng.remote.AbstractRemoteTestNG.run(AbstractRemoteTestNG.java:115)
	at org.testng.remote.RemoteTestNG.initAndRun(RemoteTestNG.java:251)
	at org.testng.remote.RemoteTestNG.main(RemoteTestNG.java:77)

2020-09-03 15:13:20 INFO  BasePage:99 - Starting the testcase testCase_NegativeLogin
2020-09-03 15:13:20 INFO  TestListener:32 - Starting new testcase :testCase_NegativeLogin
2020-09-03 15:13:25 INFO  NegativeLogin:33 - Login in with wrong pass
2020-09-03 15:13:26 INFO  TestListener:42 - Test successfully passed : testCase_NegativeLogin[TestClass name=class TestCases.NegativeLogin]
2020-09-03 15:13:26 INFO  BasePage:99 - Starting the testcase testCase_NegativeLogin
2020-09-03 15:13:26 INFO  TestListener:32 - Starting new testcase :testCase_NegativeLogin
2020-09-03 15:13:30 INFO  NegativeLogin:33 - Login in with wrong pass
2020-09-03 15:13:31 INFO  TestListener:42 - Test successfully passed : testCase_NegativeLogin[TestClass name=class TestCases.NegativeLogin]
2020-09-03 15:13:31 INFO  BasePage:116 - Closing brower...
2020-09-03 15:13:32 INFO  ExtentManager:56 - HTML report saved at D:\Assignment\Amazon_Assignment\Amazon_Assignment\Amazon_Assignment/reports/2020-09-03 15-12-35//testReport.html
2020-09-03 15:14:57 INFO  BasePage:62 - Into Before Suite - Hook
2020-09-03 15:14:57 INFO  ExtentManager:50 - HTML report created : Assignment  
2020-09-03 15:14:57 INFO  BasePage:75 - Into before Test Hook 
2020-09-03 15:15:03 INFO  BasePage:87 - Chrome Browser launched successfully..
2020-09-03 15:15:03 INFO  TestListener:32 - Starting new testcase :testCase_Search
2020-09-03 15:15:03 INFO  TestListener:77 - Test skipped : testCase_Search[TestClass name=class TestCases.Searches]
2020-09-03 15:15:03 INFO  BasePage:116 - Closing brower...
2020-09-03 15:15:04 INFO  BasePage:75 - Into before Test Hook 
2020-09-03 15:15:09 INFO  BasePage:87 - Chrome Browser launched successfully..
2020-09-03 15:15:10 INFO  TestDataProviders:17 - Into Dataprovider - Negative Login Data
2020-09-03 15:15:10 INFO  TestDataProviders:21 - Reading JSON from a file
2020-09-03 15:15:10 INFO  BasePage:99 - Starting the testcase testCase_NegativeLogin
2020-09-03 15:15:10 INFO  TestListener:32 - Starting new testcase :testCase_NegativeLogin
2020-09-03 15:15:15 INFO  NegativeLogin:33 - Login in with wrong pass
2020-09-03 15:15:17 INFO  TestListener:77 - Test skipped : testCase_NegativeLogin[TestClass name=class TestCases.NegativeLogin]
2020-09-03 15:15:17 INFO  TestDataProviders:17 - Into Dataprovider - Negative Login Data
2020-09-03 15:15:17 INFO  TestDataProviders:21 - Reading JSON from a file
2020-09-03 15:15:17 INFO  BasePage:99 - Starting the testcase testCase_NegativeLogin
2020-09-03 15:15:17 INFO  TestListener:32 - Starting new testcase :testCase_NegativeLogin
2020-09-03 15:15:22 INFO  NegativeLogin:33 - Login in with wrong pass
2020-09-03 15:15:23 INFO  TestListener:42 - Test successfully passed : testCase_NegativeLogin[TestClass name=class TestCases.NegativeLogin]
2020-09-03 15:15:23 INFO  BasePage:99 - Starting the testcase testCase_NegativeLogin
2020-09-03 15:15:23 INFO  TestListener:32 - Starting new testcase :testCase_NegativeLogin
2020-09-03 15:15:27 INFO  NegativeLogin:33 - Login in with wrong pass
2020-09-03 15:15:28 INFO  TestListener:42 - Test successfully passed : testCase_NegativeLogin[TestClass name=class TestCases.NegativeLogin]
2020-09-03 15:15:28 INFO  BasePage:99 - Starting the testcase testCase_NegativeLogin
2020-09-03 15:15:28 INFO  TestListener:32 - Starting new testcase :testCase_NegativeLogin
2020-09-03 15:15:32 INFO  NegativeLogin:33 - Login in with wrong pass
2020-09-03 15:15:33 INFO  TestListener:42 - Test successfully passed : testCase_NegativeLogin[TestClass name=class TestCases.NegativeLogin]
2020-09-03 15:15:33 INFO  BasePage:116 - Closing brower...
2020-09-03 15:15:35 INFO  ExtentManager:56 - HTML report saved at D:\Assignment\Amazon_Assignment\Amazon_Assignment\Amazon_Assignment/reports/2020-09-03 15-14-57//testReport.html
2020-09-03 15:19:58 INFO  BasePage:62 - Into Before Suite - Hook
2020-09-03 15:19:58 INFO  ExtentManager:50 - HTML report created : Assignment  
2020-09-03 15:19:58 INFO  BasePage:75 - Into before Test Hook 
2020-09-03 15:20:04 INFO  BasePage:87 - Chrome Browser launched successfully..
2020-09-03 15:20:04 INFO  TestListener:32 - Starting new testcase :testCase_Search
2020-09-03 15:20:05 INFO  TestListener:72 - Test skipped : testCase_Search[TestClass name=class TestCases.Searches]
2020-09-03 15:20:05 INFO  BasePage:116 - Closing brower...
2020-09-03 15:20:05 INFO  BasePage:75 - Into before Test Hook 
2020-09-03 15:20:11 INFO  BasePage:87 - Chrome Browser launched successfully..
2020-09-03 15:20:11 INFO  TestDataProviders:17 - Into Dataprovider - Negative Login Data
2020-09-03 15:20:11 INFO  TestDataProviders:21 - Reading JSON from a file
2020-09-03 15:20:11 INFO  BasePage:99 - Starting the testcase testCase_NegativeLogin
2020-09-03 15:20:11 INFO  TestListener:32 - Starting new testcase :testCase_NegativeLogin
2020-09-03 15:20:24 INFO  NegativeLogin:33 - Login in with wrong pass
2020-09-03 15:20:25 INFO  TestListener:42 - Test successfully passed : testCase_NegativeLogin[TestClass name=class TestCases.NegativeLogin]
2020-09-03 15:20:25 INFO  BasePage:99 - Starting the testcase testCase_NegativeLogin
2020-09-03 15:20:25 INFO  TestListener:32 - Starting new testcase :testCase_NegativeLogin
2020-09-03 15:20:37 INFO  NegativeLogin:33 - Login in with wrong pass
2020-09-03 15:20:39 INFO  TestListener:42 - Test successfully passed : testCase_NegativeLogin[TestClass name=class TestCases.NegativeLogin]
2020-09-03 15:20:39 INFO  BasePage:99 - Starting the testcase testCase_NegativeLogin
2020-09-03 15:20:39 INFO  TestListener:32 - Starting new testcase :testCase_NegativeLogin
2020-09-03 15:20:47 INFO  NegativeLogin:33 - Login in with wrong pass
2020-09-03 15:20:49 INFO  TestListener:42 - Test successfully passed : testCase_NegativeLogin[TestClass name=class TestCases.NegativeLogin]
2020-09-03 15:20:49 INFO  BasePage:116 - Closing brower...
2020-09-03 15:20:50 INFO  ExtentManager:56 - HTML report saved at D:\Assignment\Amazon_Assignment\Amazon_Assignment\Amazon_Assignment/reports/2020-09-03 15-19-58//testReport.html
2020-09-03 15:23:25 INFO  BasePage:62 - Into Before Suite - Hook
2020-09-03 15:23:25 INFO  ExtentManager:50 - HTML report created : Assignment  
2020-09-03 15:23:25 INFO  BasePage:75 - Into before Test Hook 
2020-09-03 15:23:31 INFO  BasePage:87 - Chrome Browser launched successfully..
2020-09-03 15:23:31 INFO  TestListener:32 - Starting new testcase :testCase_Search
2020-09-03 15:23:31 INFO  TestListener:72 - Test skipped : testCase_Search[TestClass name=class TestCases.Searches]
2020-09-03 15:23:31 INFO  BasePage:117 - Closing brower...
2020-09-03 15:23:32 INFO  BasePage:75 - Into before Test Hook 
2020-09-03 15:23:38 INFO  BasePage:87 - Chrome Browser launched successfully..
2020-09-03 15:23:38 INFO  TestDataProviders:17 - Into Dataprovider - Negative Login Data
2020-09-03 15:23:38 INFO  TestDataProviders:21 - Reading JSON from a file
2020-09-03 15:23:38 INFO  BasePage:100 - Starting the testcase testCase_NegativeLogin
2020-09-03 15:23:38 INFO  TestListener:32 - Starting new testcase :testCase_NegativeLogin
2020-09-03 15:23:44 INFO  NegativeLogin:33 - Login in with wrong pass
2020-09-03 15:23:46 INFO  TestListener:72 - Test skipped : testCase_NegativeLogin[TestClass name=class TestCases.NegativeLogin]
2020-09-03 15:23:46 INFO  TestDataProviders:17 - Into Dataprovider - Negative Login Data
2020-09-03 15:23:46 INFO  TestDataProviders:21 - Reading JSON from a file
2020-09-03 15:23:46 INFO  BasePage:100 - Starting the testcase testCase_NegativeLogin
2020-09-03 15:23:46 INFO  TestListener:32 - Starting new testcase :testCase_NegativeLogin
2020-09-03 15:23:50 INFO  NegativeLogin:33 - Login in with wrong pass
2020-09-03 15:23:51 INFO  TestListener:42 - Test successfully passed : testCase_NegativeLogin[TestClass name=class TestCases.NegativeLogin]
2020-09-03 15:23:51 INFO  BasePage:100 - Starting the testcase testCase_NegativeLogin
2020-09-03 15:23:51 INFO  TestListener:32 - Starting new testcase :testCase_NegativeLogin
2020-09-03 15:23:56 INFO  NegativeLogin:33 - Login in with wrong pass
2020-09-03 15:23:57 INFO  TestListener:42 - Test successfully passed : testCase_NegativeLogin[TestClass name=class TestCases.NegativeLogin]
2020-09-03 15:23:57 INFO  BasePage:100 - Starting the testcase testCase_NegativeLogin
2020-09-03 15:23:57 INFO  TestListener:32 - Starting new testcase :testCase_NegativeLogin
2020-09-03 15:24:01 INFO  NegativeLogin:33 - Login in with wrong pass
2020-09-03 15:24:02 INFO  TestListener:42 - Test successfully passed : testCase_NegativeLogin[TestClass name=class TestCases.NegativeLogin]
2020-09-03 15:24:02 INFO  BasePage:117 - Closing brower...
2020-09-03 15:24:03 INFO  ExtentManager:56 - HTML report saved at D:\Assignment\Amazon_Assignment\Amazon_Assignment\Amazon_Assignment/reports/2020-09-03 15-23-25//testReport.html
2020-09-03 20:59:52 INFO  BasePage:55 - Into Before Suite - Hook
2020-09-03 20:59:53 INFO  ExtentManager:49 - HTML report created : Assignment  
2020-09-03 20:59:53 INFO  BasePage:66 - Into before Test Hook 
2020-09-03 21:00:00 INFO  BasePage:78 - Chrome Browser launched successfully..
2020-09-03 21:00:00 INFO  TestListener:29 - Starting new testcase :testCase_Search
2020-09-03 21:00:00 INFO  TestListener:69 - Test skipped : testCase_Search[TestClass name=class TestCases.Searches]
2020-09-03 21:00:00 INFO  BasePage:108 - Closing brower...
2020-09-03 21:00:00 INFO  BasePage:66 - Into before Test Hook 
2020-09-03 21:00:06 INFO  BasePage:78 - Chrome Browser launched successfully..
2020-09-03 21:00:06 INFO  TestDataProviders:17 - Into Dataprovider - Negative Login Data
2020-09-03 21:00:06 INFO  TestDataProviders:21 - Reading JSON from a file
2020-09-03 21:00:06 INFO  BasePage:91 - Starting the testcase testCase_NegativeLogin
2020-09-03 21:00:06 INFO  TestListener:29 - Starting new testcase :testCase_NegativeLogin
2020-09-03 21:00:11 INFO  NegativeLogin:33 - Login in with wrong pass
2020-09-03 21:00:13 INFO  TestListener:39 - Test successfully passed : testCase_NegativeLogin[TestClass name=class TestCases.NegativeLogin]
2020-09-03 21:00:13 INFO  BasePage:91 - Starting the testcase testCase_NegativeLogin
2020-09-03 21:00:13 INFO  TestListener:29 - Starting new testcase :testCase_NegativeLogin
2020-09-03 21:00:18 INFO  NegativeLogin:33 - Login in with wrong pass
2020-09-03 21:00:18 INFO  TestListener:39 - Test successfully passed : testCase_NegativeLogin[TestClass name=class TestCases.NegativeLogin]
2020-09-03 21:00:18 INFO  BasePage:91 - Starting the testcase testCase_NegativeLogin
2020-09-03 21:00:18 INFO  TestListener:29 - Starting new testcase :testCase_NegativeLogin
2020-09-03 21:00:23 INFO  NegativeLogin:33 - Login in with wrong pass
2020-09-03 21:00:24 INFO  TestListener:39 - Test successfully passed : testCase_NegativeLogin[TestClass name=class TestCases.NegativeLogin]
2020-09-03 21:00:24 INFO  BasePage:108 - Closing brower...
2020-09-03 21:00:25 INFO  ExtentManager:55 - HTML report saved at D:\Assignment\Amazon_Assignment\Amazon_Assignment\Amazon_Assignment/reports/2020-09-03 20-59-52//testReport.html
2020-09-03 21:01:43 INFO  BasePage:55 - Into Before Suite - Hook
2020-09-03 21:01:43 INFO  ExtentManager:49 - HTML report created : Assignment  
2020-09-03 21:01:43 INFO  BasePage:66 - Into before Test Hook 
2020-09-03 21:01:43 INFO  BasePage:66 - Into before Test Hook 
2020-09-03 21:01:49 INFO  BasePage:78 - Chrome Browser launched successfully..
2020-09-03 21:01:50 INFO  BasePage:78 - Chrome Browser launched successfully..
2020-09-03 21:01:50 INFO  TestDataProviders:17 - Into Dataprovider - Negative Login Data
2020-09-03 21:01:50 INFO  TestListener:29 - Starting new testcase :testCase_Search
2020-09-03 21:01:50 INFO  TestListener:69 - Test skipped : testCase_Search[TestClass name=class TestCases.Searches]
2020-09-03 21:01:50 INFO  BasePage:108 - Closing brower...
2020-09-03 21:01:50 INFO  TestDataProviders:21 - Reading JSON from a file
2020-09-03 21:01:50 INFO  BasePage:91 - Starting the testcase testCase_NegativeLogin
2020-09-03 21:01:50 INFO  TestListener:29 - Starting new testcase :testCase_NegativeLogin
2020-09-03 21:01:57 INFO  NegativeLogin:33 - Login in with wrong pass
2020-09-03 21:01:58 INFO  TestListener:39 - Test successfully passed : testCase_NegativeLogin[TestClass name=class TestCases.NegativeLogin]
2020-09-03 21:01:58 INFO  BasePage:91 - Starting the testcase testCase_NegativeLogin
2020-09-03 21:01:58 INFO  TestListener:29 - Starting new testcase :testCase_NegativeLogin
2020-09-03 21:02:03 INFO  NegativeLogin:33 - Login in with wrong pass
2020-09-03 21:02:04 INFO  TestListener:39 - Test successfully passed : testCase_NegativeLogin[TestClass name=class TestCases.NegativeLogin]
2020-09-03 21:02:04 INFO  BasePage:91 - Starting the testcase testCase_NegativeLogin
2020-09-03 21:02:04 INFO  TestListener:29 - Starting new testcase :testCase_NegativeLogin
2020-09-03 21:02:08 INFO  NegativeLogin:33 - Login in with wrong pass
2020-09-03 21:02:09 INFO  TestListener:39 - Test successfully passed : testCase_NegativeLogin[TestClass name=class TestCases.NegativeLogin]
2020-09-03 21:02:09 INFO  BasePage:108 - Closing brower...
2020-09-03 21:02:10 INFO  ExtentManager:55 - HTML report saved at D:\Assignment\Amazon_Assignment\Amazon_Assignment\Amazon_Assignment/reports/2020-09-03 21-01-43//testReport.html
2020-09-03 21:03:10 INFO  BasePage:55 - Into Before Suite - Hook
2020-09-03 21:03:10 INFO  ExtentManager:49 - HTML report created : Assignment  
2020-09-03 21:03:10 INFO  BasePage:66 - Into before Test Hook 
2020-09-03 21:03:10 INFO  BasePage:66 - Into before Test Hook 
2020-09-03 21:03:17 INFO  BasePage:78 - Chrome Browser launched successfully..
2020-09-03 21:03:17 INFO  BasePage:78 - Chrome Browser launched successfully..
2020-09-03 21:03:17 INFO  TestDataProviders:17 - Into Dataprovider - Negative Login Data
2020-09-03 21:03:17 INFO  BasePage:91 - Starting the testcase testCase_Search
2020-09-03 21:03:17 INFO  TestListener:29 - Starting new testcase :testCase_Search
2020-09-03 21:03:17 INFO  TestDataProviders:21 - Reading JSON from a file
2020-09-03 21:03:17 INFO  BasePage:91 - Starting the testcase testCase_NegativeLogin
2020-09-03 21:03:17 INFO  TestListener:29 - Starting new testcase :testCase_NegativeLogin
2020-09-03 21:03:25 INFO  NegativeLogin:33 - Login in with wrong pass
2020-09-03 21:03:25 INFO  Searches:36 - Selected books option from drop down
2020-09-03 21:03:25 INFO  Searches:39 - Entered selenium in text box
2020-09-03 21:03:27 INFO  TestListener:39 - Test successfully passed : testCase_NegativeLogin[TestClass name=class TestCases.NegativeLogin]
2020-09-03 21:03:27 INFO  BasePage:91 - Starting the testcase testCase_NegativeLogin
2020-09-03 21:03:27 INFO  TestListener:29 - Starting new testcase :testCase_NegativeLogin
2020-09-03 21:03:29 INFO  Searches:42 - Clicked selenium book
2020-09-03 21:03:30 INFO  Searches:45 - Found book selenium
2020-09-03 21:03:34 INFO  NegativeLogin:33 - Login in with wrong pass
2020-09-03 21:03:35 INFO  TestListener:39 - Test successfully passed : testCase_NegativeLogin[TestClass name=class TestCases.NegativeLogin]
2020-09-03 21:03:35 INFO  BasePage:91 - Starting the testcase testCase_NegativeLogin
2020-09-03 21:03:35 INFO  TestListener:29 - Starting new testcase :testCase_NegativeLogin
2020-09-03 21:03:40 INFO  NegativeLogin:33 - Login in with wrong pass
2020-09-03 21:03:40 INFO  TestListener:69 - Test skipped : testCase_Search[TestClass name=class TestCases.Searches]
2020-09-03 21:03:40 INFO  BasePage:91 - Starting the testcase testCase_Search
2020-09-03 21:03:40 INFO  TestListener:29 - Starting new testcase :testCase_Search
2020-09-03 21:03:41 INFO  TestListener:39 - Test successfully passed : testCase_NegativeLogin[TestClass name=class TestCases.NegativeLogin]
2020-09-03 21:03:41 INFO  BasePage:108 - Closing brower...
2020-09-03 21:03:43 INFO  Searches:36 - Selected books option from drop down
2020-09-03 21:03:43 INFO  Searches:39 - Entered selenium in text box
2020-09-03 21:03:45 INFO  Searches:42 - Clicked selenium book
2020-09-03 21:03:46 INFO  Searches:45 - Found book selenium
2020-09-03 21:03:56 ERROR TestListener:49 - Test failed : testCase_Search
2020-09-03 21:03:56 ERROR TestListener:52 - org.openqa.selenium.NoSuchElementException: no such element: Unable to locate element: {"method":"xpath","selector":"//span[@id='productTitle']"}
  (Session info: chrome=84.0.4147.135)
For documentation on this error, please visit: https://www.seleniumhq.org/exceptions/no_such_element.html
Build info: version: '3.141.59', revision: 'e82be7d358', time: '2018-11-14T08:17:03'
System info: host: 'ANAMIKASALUJA', ip: '192.168.1.203', os.name: 'Windows 10', os.arch: 'amd64', os.version: '10.0', java.version: '11.0.5'
Driver info: org.openqa.selenium.chrome.ChromeDriver
Capabilities {acceptInsecureCerts: false, browserName: chrome, browserVersion: 84.0.4147.135, chrome: {chromedriverVersion: 84.0.4147.30 (48b3e868b4cc0..., userDataDir: C:\Users\ANAMIK~1\AppData\L...}, goog:chromeOptions: {debuggerAddress: localhost:61937}, javascriptEnabled: true, networkConnectionEnabled: false, pageLoadStrategy: normal, platform: WINDOWS, platformName: WINDOWS, proxy: Proxy(), setWindowRect: true, strictFileInteractability: false, timeouts: {implicit: 0, pageLoad: 300000, script: 30000}, unhandledPromptBehavior: dismiss and notify, webauthn:virtualAuthenticators: true}
Session ID: 9ab5d423db2f6ec1e45876f441df4b29
*** Element info: {Using=xpath, value=//span[@id='productTitle']}
	at java.base/jdk.internal.reflect.NativeConstructorAccessorImpl.newInstance0(Native Method)
	at java.base/jdk.internal.reflect.NativeConstructorAccessorImpl.newInstance(NativeConstructorAccessorImpl.java:62)
	at java.base/jdk.internal.reflect.DelegatingConstructorAccessorImpl.newInstance(DelegatingConstructorAccessorImpl.java:45)
	at java.base/java.lang.reflect.Constructor.newInstance(Constructor.java:490)
	at org.openqa.selenium.remote.http.W3CHttpResponseCodec.createException(W3CHttpResponseCodec.java:187)
	at org.openqa.selenium.remote.http.W3CHttpResponseCodec.decode(W3CHttpResponseCodec.java:122)
	at org.openqa.selenium.remote.http.W3CHttpResponseCodec.decode(W3CHttpResponseCodec.java:49)
	at org.openqa.selenium.remote.HttpCommandExecutor.execute(HttpCommandExecutor.java:158)
	at org.openqa.selenium.remote.service.DriverCommandExecutor.execute(DriverCommandExecutor.java:83)
	at org.openqa.selenium.remote.RemoteWebDriver.execute(RemoteWebDriver.java:552)
	at org.openqa.selenium.remote.RemoteWebDriver.findElement(RemoteWebDriver.java:323)
	at org.openqa.selenium.remote.RemoteWebDriver.findElementByXPath(RemoteWebDriver.java:428)
	at org.openqa.selenium.By$ByXPath.findElement(By.java:353)
	at org.openqa.selenium.remote.RemoteWebDriver.findElement(RemoteWebDriver.java:315)
	at org.openqa.selenium.support.pagefactory.DefaultElementLocator.findElement(DefaultElementLocator.java:69)
	at org.openqa.selenium.support.pagefactory.internal.LocatingElementHandler.invoke(LocatingElementHandler.java:38)
	at com.sun.proxy.$Proxy19.getText(Unknown Source)
	at Pages.BookPage.VerifyTitle(BookPage.java:25)
	at TestCases.Searches.testCase_Search(Searches.java:46)
	at java.base/jdk.internal.reflect.NativeMethodAccessorImpl.invoke0(Native Method)
	at java.base/jdk.internal.reflect.NativeMethodAccessorImpl.invoke(NativeMethodAccessorImpl.java:62)
	at java.base/jdk.internal.reflect.DelegatingMethodAccessorImpl.invoke(DelegatingMethodAccessorImpl.java:43)
	at java.base/java.lang.reflect.Method.invoke(Method.java:566)
	at org.testng.internal.MethodInvocationHelper.invokeMethod(MethodInvocationHelper.java:135)
	at org.testng.internal.TestInvoker.invokeMethod(TestInvoker.java:598)
	at org.testng.internal.TestInvoker.retryFailed(TestInvoker.java:214)
	at org.testng.internal.MethodRunner.runInSequence(MethodRunner.java:58)
	at org.testng.internal.TestInvoker$MethodInvocationAgent.invoke(TestInvoker.java:821)
	at org.testng.internal.TestInvoker.invokeTestMethods(TestInvoker.java:147)
	at org.testng.internal.TestMethodWorker.invokeTestMethods(TestMethodWorker.java:146)
	at org.testng.internal.TestMethodWorker.run(TestMethodWorker.java:128)
	at java.base/java.util.ArrayList.forEach(ArrayList.java:1540)
	at org.testng.TestRunner.privateRun(TestRunner.java:767)
	at org.testng.TestRunner.run(TestRunner.java:588)
	at org.testng.SuiteRunner.runTest(SuiteRunner.java:384)
	at org.testng.SuiteRunner.access$000(SuiteRunner.java:28)
	at org.testng.SuiteRunner$SuiteWorker.run(SuiteRunner.java:425)
	at org.testng.internal.thread.ThreadUtil.lambda$execute$0(ThreadUtil.java:68)
	at java.base/java.util.concurrent.FutureTask.run(FutureTask.java:264)
	at java.base/java.util.concurrent.ThreadPoolExecutor.runWorker(ThreadPoolExecutor.java:1128)
	at java.base/java.util.concurrent.ThreadPoolExecutor$Worker.run(ThreadPoolExecutor.java:628)
	at java.base/java.lang.Thread.run(Thread.java:834)

2020-09-03 21:03:57 INFO  BasePage:108 - Closing brower...
2020-09-03 21:03:58 INFO  ExtentManager:55 - HTML report saved at D:\Assignment\Amazon_Assignment\Amazon_Assignment\Amazon_Assignment/reports/2020-09-03 21-03-10//testReport.html
2020-09-03 21:05:04 INFO  BasePage:55 - Into Before Suite - Hook
2020-09-03 21:05:04 INFO  ExtentManager:49 - HTML report created : Assignment  
2020-09-03 21:05:04 INFO  BasePage:66 - Into before Test Hook 
2020-09-03 21:05:04 INFO  BasePage:66 - Into before Test Hook 
2020-09-03 21:05:10 INFO  BasePage:78 - Chrome Browser launched successfully..
2020-09-03 21:05:10 INFO  BasePage:78 - Chrome Browser launched successfully..
2020-09-03 21:05:10 INFO  TestDataProviders:17 - Into Dataprovider - Negative Login Data
2020-09-03 21:05:10 INFO  BasePage:91 - Starting the testcase testCase_Search
2020-09-03 21:05:10 INFO  TestListener:29 - Starting new testcase :testCase_Search
2020-09-03 21:05:10 INFO  TestDataProviders:21 - Reading JSON from a file
2020-09-03 21:05:10 INFO  BasePage:91 - Starting the testcase testCase_NegativeLogin
2020-09-03 21:05:10 INFO  TestListener:29 - Starting new testcase :testCase_NegativeLogin
2020-09-03 21:05:17 INFO  NegativeLogin:33 - Login in with wrong pass
2020-09-03 21:05:18 INFO  Searches:36 - Selected books option from drop down
2020-09-03 21:05:18 INFO  Searches:39 - Entered selenium in text box
2020-09-03 21:05:20 INFO  TestListener:69 - Test skipped : testCase_NegativeLogin[TestClass name=class TestCases.NegativeLogin]
2020-09-03 21:05:20 INFO  TestDataProviders:17 - Into Dataprovider - Negative Login Data
2020-09-03 21:05:20 INFO  TestDataProviders:21 - Reading JSON from a file
2020-09-03 21:05:20 INFO  BasePage:91 - Starting the testcase testCase_NegativeLogin
2020-09-03 21:05:20 INFO  TestListener:29 - Starting new testcase :testCase_NegativeLogin
2020-09-03 21:05:22 INFO  Searches:42 - Clicked selenium book
2020-09-03 21:05:23 INFO  Searches:45 - Found book selenium
2020-09-03 21:05:26 INFO  NegativeLogin:33 - Login in with wrong pass
2020-09-03 21:05:27 INFO  TestListener:39 - Test successfully passed : testCase_NegativeLogin[TestClass name=class TestCases.NegativeLogin]
2020-09-03 21:05:27 INFO  BasePage:91 - Starting the testcase testCase_NegativeLogin
2020-09-03 21:05:27 INFO  TestListener:29 - Starting new testcase :testCase_NegativeLogin
2020-09-03 21:05:32 INFO  NegativeLogin:33 - Login in with wrong pass
2020-09-03 21:05:33 INFO  TestListener:69 - Test skipped : testCase_Search[TestClass name=class TestCases.Searches]
2020-09-03 21:05:33 INFO  BasePage:91 - Starting the testcase testCase_Search
2020-09-03 21:05:33 INFO  TestListener:29 - Starting new testcase :testCase_Search
2020-09-03 21:05:34 INFO  TestListener:39 - Test successfully passed : testCase_NegativeLogin[TestClass name=class TestCases.NegativeLogin]
2020-09-03 21:05:34 INFO  BasePage:91 - Starting the testcase testCase_NegativeLogin
2020-09-03 21:05:34 INFO  TestListener:29 - Starting new testcase :testCase_NegativeLogin
2020-09-03 21:05:37 INFO  Searches:36 - Selected books option from drop down
2020-09-03 21:05:37 INFO  Searches:39 - Entered selenium in text box
2020-09-03 21:05:39 INFO  NegativeLogin:33 - Login in with wrong pass
2020-09-03 21:05:39 INFO  Searches:42 - Clicked selenium book
2020-09-03 21:05:40 INFO  TestListener:39 - Test successfully passed : testCase_NegativeLogin[TestClass name=class TestCases.NegativeLogin]
2020-09-03 21:05:40 INFO  BasePage:108 - Closing brower...
2020-09-03 21:05:40 INFO  Searches:45 - Found book selenium
2020-09-03 21:05:50 ERROR TestListener:49 - Test failed : testCase_Search
2020-09-03 21:05:50 ERROR TestListener:52 - org.openqa.selenium.NoSuchElementException: no such element: Unable to locate element: {"method":"xpath","selector":"//span[@id='productTitle']"}
  (Session info: chrome=84.0.4147.135)
For documentation on this error, please visit: https://www.seleniumhq.org/exceptions/no_such_element.html
Build info: version: '3.141.59', revision: 'e82be7d358', time: '2018-11-14T08:17:03'
System info: host: 'ANAMIKASALUJA', ip: '192.168.1.203', os.name: 'Windows 10', os.arch: 'amd64', os.version: '10.0', java.version: '11.0.5'
Driver info: org.openqa.selenium.chrome.ChromeDriver
Capabilities {acceptInsecureCerts: false, browserName: chrome, browserVersion: 84.0.4147.135, chrome: {chromedriverVersion: 84.0.4147.30 (48b3e868b4cc0..., userDataDir: C:\Users\ANAMIK~1\AppData\L...}, goog:chromeOptions: {debuggerAddress: localhost:62485}, javascriptEnabled: true, networkConnectionEnabled: false, pageLoadStrategy: normal, platform: WINDOWS, platformName: WINDOWS, proxy: Proxy(), setWindowRect: true, strictFileInteractability: false, timeouts: {implicit: 0, pageLoad: 300000, script: 30000}, unhandledPromptBehavior: dismiss and notify, webauthn:virtualAuthenticators: true}
Session ID: e629cc2fcab05a688e30838ff19ec8a1
*** Element info: {Using=xpath, value=//span[@id='productTitle']}
	at java.base/jdk.internal.reflect.NativeConstructorAccessorImpl.newInstance0(Native Method)
	at java.base/jdk.internal.reflect.NativeConstructorAccessorImpl.newInstance(NativeConstructorAccessorImpl.java:62)
	at java.base/jdk.internal.reflect.DelegatingConstructorAccessorImpl.newInstance(DelegatingConstructorAccessorImpl.java:45)
	at java.base/java.lang.reflect.Constructor.newInstance(Constructor.java:490)
	at org.openqa.selenium.remote.http.W3CHttpResponseCodec.createException(W3CHttpResponseCodec.java:187)
	at org.openqa.selenium.remote.http.W3CHttpResponseCodec.decode(W3CHttpResponseCodec.java:122)
	at org.openqa.selenium.remote.http.W3CHttpResponseCodec.decode(W3CHttpResponseCodec.java:49)
	at org.openqa.selenium.remote.HttpCommandExecutor.execute(HttpCommandExecutor.java:158)
	at org.openqa.selenium.remote.service.DriverCommandExecutor.execute(DriverCommandExecutor.java:83)
	at org.openqa.selenium.remote.RemoteWebDriver.execute(RemoteWebDriver.java:552)
	at org.openqa.selenium.remote.RemoteWebDriver.findElement(RemoteWebDriver.java:323)
	at org.openqa.selenium.remote.RemoteWebDriver.findElementByXPath(RemoteWebDriver.java:428)
	at org.openqa.selenium.By$ByXPath.findElement(By.java:353)
	at org.openqa.selenium.remote.RemoteWebDriver.findElement(RemoteWebDriver.java:315)
	at org.openqa.selenium.support.pagefactory.DefaultElementLocator.findElement(DefaultElementLocator.java:69)
	at org.openqa.selenium.support.pagefactory.internal.LocatingElementHandler.invoke(LocatingElementHandler.java:38)
	at com.sun.proxy.$Proxy19.getText(Unknown Source)
	at Pages.BookPage.VerifyTitle(BookPage.java:25)
	at TestCases.Searches.testCase_Search(Searches.java:46)
	at java.base/jdk.internal.reflect.NativeMethodAccessorImpl.invoke0(Native Method)
	at java.base/jdk.internal.reflect.NativeMethodAccessorImpl.invoke(NativeMethodAccessorImpl.java:62)
	at java.base/jdk.internal.reflect.DelegatingMethodAccessorImpl.invoke(DelegatingMethodAccessorImpl.java:43)
	at java.base/java.lang.reflect.Method.invoke(Method.java:566)
	at org.testng.internal.MethodInvocationHelper.invokeMethod(MethodInvocationHelper.java:135)
	at org.testng.internal.TestInvoker.invokeMethod(TestInvoker.java:598)
	at org.testng.internal.TestInvoker.retryFailed(TestInvoker.java:214)
	at org.testng.internal.MethodRunner.runInSequence(MethodRunner.java:58)
	at org.testng.internal.TestInvoker$MethodInvocationAgent.invoke(TestInvoker.java:821)
	at org.testng.internal.TestInvoker.invokeTestMethods(TestInvoker.java:147)
	at org.testng.internal.TestMethodWorker.invokeTestMethods(TestMethodWorker.java:146)
	at org.testng.internal.TestMethodWorker.run(TestMethodWorker.java:128)
	at java.base/java.util.ArrayList.forEach(ArrayList.java:1540)
	at org.testng.TestRunner.privateRun(TestRunner.java:767)
	at org.testng.TestRunner.run(TestRunner.java:588)
	at org.testng.SuiteRunner.runTest(SuiteRunner.java:384)
	at org.testng.SuiteRunner.access$000(SuiteRunner.java:28)
	at org.testng.SuiteRunner$SuiteWorker.run(SuiteRunner.java:425)
	at org.testng.internal.thread.ThreadUtil.lambda$execute$0(ThreadUtil.java:68)
	at java.base/java.util.concurrent.FutureTask.run(FutureTask.java:264)
	at java.base/java.util.concurrent.ThreadPoolExecutor.runWorker(ThreadPoolExecutor.java:1128)
	at java.base/java.util.concurrent.ThreadPoolExecutor$Worker.run(ThreadPoolExecutor.java:628)
	at java.base/java.lang.Thread.run(Thread.java:834)

2020-09-03 21:05:51 INFO  BasePage:108 - Closing brower...
2020-09-03 21:05:52 INFO  ExtentManager:55 - HTML report saved at D:\Assignment\Amazon_Assignment\Amazon_Assignment\Amazon_Assignment/reports/2020-09-03 21-05-04//testReport.html
2020-09-03 21:12:14 INFO  BasePage:55 - Into Before Suite - Hook
2020-09-03 21:12:15 INFO  ExtentManager:49 - HTML report created : Assignment  
2020-09-03 21:12:15 INFO  BasePage:66 - Into before Test Hook 
2020-09-03 21:12:15 INFO  BasePage:66 - Into before Test Hook 
2020-09-03 21:12:21 INFO  BasePage:78 - Chrome Browser launched successfully..
2020-09-03 21:12:21 INFO  BasePage:78 - Chrome Browser launched successfully..
2020-09-03 21:12:21 INFO  TestDataProviders:17 - Into Dataprovider - Negative Login Data
2020-09-03 21:12:21 INFO  BasePage:91 - Starting the testcase testCase_Search
2020-09-03 21:12:21 INFO  TestListener:28 - Starting new testcase :testCase_Search
2020-09-03 21:12:21 INFO  TestDataProviders:21 - Reading JSON from a file
2020-09-03 21:12:21 INFO  BasePage:91 - Starting the testcase testCase_NegativeLogin
2020-09-03 21:12:21 INFO  TestListener:28 - Starting new testcase :testCase_NegativeLogin
2020-09-03 21:12:27 INFO  Searches:36 - Selected books option from drop down
2020-09-03 21:12:28 INFO  Searches:39 - Entered selenium in text box
2020-09-03 21:12:28 INFO  Searches:42 - Clicked selenium book
2020-09-03 21:12:29 INFO  Searches:45 - Found book selenium
2020-09-03 21:12:30 INFO  NegativeLogin:33 - Login in with wrong pass
2020-09-03 21:12:32 INFO  TestListener:66 - Test skipped : testCase_NegativeLogin[TestClass name=class TestCases.NegativeLogin]
2020-09-03 21:12:32 INFO  TestDataProviders:17 - Into Dataprovider - Negative Login Data
2020-09-03 21:12:32 INFO  TestDataProviders:21 - Reading JSON from a file
2020-09-03 21:12:32 INFO  BasePage:91 - Starting the testcase testCase_NegativeLogin
2020-09-03 21:12:32 INFO  TestListener:28 - Starting new testcase :testCase_NegativeLogin
2020-09-03 21:12:37 INFO  NegativeLogin:33 - Login in with wrong pass
2020-09-03 21:12:39 INFO  TestListener:38 - Test successfully passed : testCase_NegativeLogin[TestClass name=class TestCases.NegativeLogin]
2020-09-03 21:12:39 INFO  BasePage:91 - Starting the testcase testCase_NegativeLogin
2020-09-03 21:12:39 INFO  TestListener:28 - Starting new testcase :testCase_NegativeLogin
2020-09-03 21:12:39 INFO  TestListener:66 - Test skipped : testCase_Search[TestClass name=class TestCases.Searches]
2020-09-03 21:12:39 INFO  BasePage:91 - Starting the testcase testCase_Search
2020-09-03 21:12:39 INFO  TestListener:28 - Starting new testcase :testCase_Search
2020-09-03 21:12:42 INFO  Searches:36 - Selected books option from drop down
2020-09-03 21:12:42 INFO  Searches:39 - Entered selenium in text box
2020-09-03 21:12:44 INFO  Searches:42 - Clicked selenium book
2020-09-03 21:12:44 INFO  NegativeLogin:33 - Login in with wrong pass
2020-09-03 21:12:45 INFO  Searches:45 - Found book selenium
2020-09-03 21:12:46 INFO  TestListener:38 - Test successfully passed : testCase_NegativeLogin[TestClass name=class TestCases.NegativeLogin]
2020-09-03 21:12:46 INFO  BasePage:91 - Starting the testcase testCase_NegativeLogin
2020-09-03 21:12:46 INFO  TestListener:28 - Starting new testcase :testCase_NegativeLogin
2020-09-03 21:12:51 INFO  NegativeLogin:33 - Login in with wrong pass
2020-09-03 21:12:55 ERROR TestListener:48 - Test failed : testCase_Search
2020-09-03 21:12:55 ERROR TestListener:51 - org.openqa.selenium.NoSuchElementException: no such element: Unable to locate element: {"method":"xpath","selector":"//span[@id='productTitle']"}
  (Session info: chrome=84.0.4147.135)
For documentation on this error, please visit: https://www.seleniumhq.org/exceptions/no_such_element.html
Build info: version: '3.141.59', revision: 'e82be7d358', time: '2018-11-14T08:17:03'
System info: host: 'ANAMIKASALUJA', ip: '192.168.1.203', os.name: 'Windows 10', os.arch: 'amd64', os.version: '10.0', java.version: '11.0.5'
Driver info: org.openqa.selenium.chrome.ChromeDriver
Capabilities {acceptInsecureCerts: false, browserName: chrome, browserVersion: 84.0.4147.135, chrome: {chromedriverVersion: 84.0.4147.30 (48b3e868b4cc0..., userDataDir: C:\Users\ANAMIK~1\AppData\L...}, goog:chromeOptions: {debuggerAddress: localhost:63296}, javascriptEnabled: true, networkConnectionEnabled: false, pageLoadStrategy: normal, platform: WINDOWS, platformName: WINDOWS, proxy: Proxy(), setWindowRect: true, strictFileInteractability: false, timeouts: {implicit: 0, pageLoad: 300000, script: 30000}, unhandledPromptBehavior: dismiss and notify, webauthn:virtualAuthenticators: true}
Session ID: e28923e233010d169423244424063071
*** Element info: {Using=xpath, value=//span[@id='productTitle']}
	at java.base/jdk.internal.reflect.NativeConstructorAccessorImpl.newInstance0(Native Method)
	at java.base/jdk.internal.reflect.NativeConstructorAccessorImpl.newInstance(NativeConstructorAccessorImpl.java:62)
	at java.base/jdk.internal.reflect.DelegatingConstructorAccessorImpl.newInstance(DelegatingConstructorAccessorImpl.java:45)
	at java.base/java.lang.reflect.Constructor.newInstance(Constructor.java:490)
	at org.openqa.selenium.remote.http.W3CHttpResponseCodec.createException(W3CHttpResponseCodec.java:187)
	at org.openqa.selenium.remote.http.W3CHttpResponseCodec.decode(W3CHttpResponseCodec.java:122)
	at org.openqa.selenium.remote.http.W3CHttpResponseCodec.decode(W3CHttpResponseCodec.java:49)
	at org.openqa.selenium.remote.HttpCommandExecutor.execute(HttpCommandExecutor.java:158)
	at org.openqa.selenium.remote.service.DriverCommandExecutor.execute(DriverCommandExecutor.java:83)
	at org.openqa.selenium.remote.RemoteWebDriver.execute(RemoteWebDriver.java:552)
	at org.openqa.selenium.remote.RemoteWebDriver.findElement(RemoteWebDriver.java:323)
	at org.openqa.selenium.remote.RemoteWebDriver.findElementByXPath(RemoteWebDriver.java:428)
	at org.openqa.selenium.By$ByXPath.findElement(By.java:353)
	at org.openqa.selenium.remote.RemoteWebDriver.findElement(RemoteWebDriver.java:315)
	at org.openqa.selenium.support.pagefactory.DefaultElementLocator.findElement(DefaultElementLocator.java:69)
	at org.openqa.selenium.support.pagefactory.internal.LocatingElementHandler.invoke(LocatingElementHandler.java:38)
	at com.sun.proxy.$Proxy19.getText(Unknown Source)
	at Pages.BookPage.VerifyTitle(BookPage.java:25)
	at TestCases.Searches.testCase_Search(Searches.java:46)
	at java.base/jdk.internal.reflect.NativeMethodAccessorImpl.invoke0(Native Method)
	at java.base/jdk.internal.reflect.NativeMethodAccessorImpl.invoke(NativeMethodAccessorImpl.java:62)
	at java.base/jdk.internal.reflect.DelegatingMethodAccessorImpl.invoke(DelegatingMethodAccessorImpl.java:43)
	at java.base/java.lang.reflect.Method.invoke(Method.java:566)
	at org.testng.internal.MethodInvocationHelper.invokeMethod(MethodInvocationHelper.java:135)
	at org.testng.internal.TestInvoker.invokeMethod(TestInvoker.java:598)
	at org.testng.internal.TestInvoker.retryFailed(TestInvoker.java:214)
	at org.testng.internal.MethodRunner.runInSequence(MethodRunner.java:58)
	at org.testng.internal.TestInvoker$MethodInvocationAgent.invoke(TestInvoker.java:821)
	at org.testng.internal.TestInvoker.invokeTestMethods(TestInvoker.java:147)
	at org.testng.internal.TestMethodWorker.invokeTestMethods(TestMethodWorker.java:146)
	at org.testng.internal.TestMethodWorker.run(TestMethodWorker.java:128)
	at java.base/java.util.ArrayList.forEach(ArrayList.java:1540)
	at org.testng.TestRunner.privateRun(TestRunner.java:767)
	at org.testng.TestRunner.run(TestRunner.java:588)
	at org.testng.SuiteRunner.runTest(SuiteRunner.java:384)
	at org.testng.SuiteRunner.access$000(SuiteRunner.java:28)
	at org.testng.SuiteRunner$SuiteWorker.run(SuiteRunner.java:425)
	at org.testng.internal.thread.ThreadUtil.lambda$execute$0(ThreadUtil.java:68)
	at java.base/java.util.concurrent.FutureTask.run(FutureTask.java:264)
	at java.base/java.util.concurrent.ThreadPoolExecutor.runWorker(ThreadPoolExecutor.java:1128)
	at java.base/java.util.concurrent.ThreadPoolExecutor$Worker.run(ThreadPoolExecutor.java:628)
	at java.base/java.lang.Thread.run(Thread.java:834)

2020-09-03 21:12:56 INFO  BasePage:108 - Closing brower...
2020-09-03 21:12:56 INFO  TestListener:38 - Test successfully passed : testCase_NegativeLogin[TestClass name=class TestCases.NegativeLogin]
2020-09-03 21:12:56 INFO  BasePage:108 - Closing brower...
2020-09-03 21:12:57 INFO  ExtentManager:55 - HTML report saved at D:\Assignment\Amazon_Assignment\Amazon_Assignment\Amazon_Assignment/reports/2020-09-03 21-12-14//testReport.html
2020-09-04 09:25:28 INFO  BasePage:55 - Into Before Suite - Hook
2020-09-04 09:25:28 INFO  ExtentManager:49 - HTML report created : Assignment  
2020-09-04 09:25:28 INFO  BasePage:66 - Into before Test Hook 
2020-09-04 09:25:28 INFO  BasePage:66 - Into before Test Hook 
2020-09-04 09:25:28 INFO  BasePage:66 - Into before Test Hook 
2020-09-04 09:25:34 INFO  BasePage:78 - Chrome Browser launched successfully..
2020-09-04 09:25:34 INFO  BasePage:78 - Chrome Browser launched successfully..
2020-09-04 09:25:35 INFO  BasePage:91 - Starting the testcase testCase_CategorySelection
2020-09-04 09:25:35 INFO  TestListener:28 - Starting new testcase :testCase_CategorySelection
2020-09-04 09:25:35 INFO  BasePage:91 - Starting the testcase testCase_Search
2020-09-04 09:25:35 INFO  TestListener:28 - Starting new testcase :testCase_Search
2020-09-04 09:25:35 INFO  TestListener:66 - Test skipped : testCase_CategorySelection[TestClass name=class testCases.LogoCheck]
2020-09-04 09:25:35 INFO  BasePage:91 - Starting the testcase testCase_CategorySelection
2020-09-04 09:25:35 INFO  TestListener:28 - Starting new testcase :testCase_CategorySelection
2020-09-04 09:25:35 ERROR TestListener:48 - Test failed : testCase_CategorySelection
2020-09-04 09:25:35 ERROR TestListener:51 - java.lang.NullPointerException
	at testCases.LogoCheck.testCase_CategorySelection(LogoCheck.java:18)
	at java.base/jdk.internal.reflect.NativeMethodAccessorImpl.invoke0(Native Method)
	at java.base/jdk.internal.reflect.NativeMethodAccessorImpl.invoke(NativeMethodAccessorImpl.java:62)
	at java.base/jdk.internal.reflect.DelegatingMethodAccessorImpl.invoke(DelegatingMethodAccessorImpl.java:43)
	at java.base/java.lang.reflect.Method.invoke(Method.java:566)
	at org.testng.internal.MethodInvocationHelper.invokeMethod(MethodInvocationHelper.java:135)
	at org.testng.internal.TestInvoker.invokeMethod(TestInvoker.java:598)
	at org.testng.internal.TestInvoker.retryFailed(TestInvoker.java:214)
	at org.testng.internal.MethodRunner.runInSequence(MethodRunner.java:58)
	at org.testng.internal.TestInvoker$MethodInvocationAgent.invoke(TestInvoker.java:821)
	at org.testng.internal.TestInvoker.invokeTestMethods(TestInvoker.java:147)
	at org.testng.internal.TestMethodWorker.invokeTestMethods(TestMethodWorker.java:146)
	at org.testng.internal.TestMethodWorker.run(TestMethodWorker.java:128)
	at java.base/java.util.ArrayList.forEach(ArrayList.java:1540)
	at org.testng.TestRunner.privateRun(TestRunner.java:767)
	at org.testng.TestRunner.run(TestRunner.java:588)
	at org.testng.SuiteRunner.runTest(SuiteRunner.java:384)
	at org.testng.SuiteRunner.access$000(SuiteRunner.java:28)
	at org.testng.SuiteRunner$SuiteWorker.run(SuiteRunner.java:425)
	at org.testng.internal.thread.ThreadUtil.lambda$execute$0(ThreadUtil.java:68)
	at java.base/java.util.concurrent.FutureTask.run(FutureTask.java:264)
	at java.base/java.util.concurrent.ThreadPoolExecutor.runWorker(ThreadPoolExecutor.java:1128)
	at java.base/java.util.concurrent.ThreadPoolExecutor$Worker.run(ThreadPoolExecutor.java:628)
	at java.base/java.lang.Thread.run(Thread.java:834)

2020-09-04 09:25:35 INFO  BasePage:78 - Chrome Browser launched successfully..
2020-09-04 09:25:35 INFO  TestDataProviders:17 - Into Dataprovider - Negative Login Data
2020-09-04 09:25:35 INFO  TestDataProviders:21 - Reading JSON from a file
2020-09-04 09:25:35 INFO  BasePage:91 - Starting the testcase testCase_NegativeLogin
2020-09-04 09:25:35 INFO  TestListener:28 - Starting new testcase :testCase_NegativeLogin
2020-09-04 09:25:35 INFO  BasePage:108 - Closing brower...
2020-09-04 09:25:39 INFO  Searches:36 - Selected books option from drop down
2020-09-04 09:25:40 INFO  Searches:39 - Entered selenium in text box
2020-09-04 09:25:42 INFO  Searches:42 - Clicked selenium book
2020-09-04 09:25:43 INFO  NegativeLogin:33 - Login in with wrong pass
2020-09-04 09:25:43 INFO  Searches:45 - Found book selenium
2020-09-04 09:25:45 INFO  TestListener:38 - Test successfully passed : testCase_NegativeLogin[TestClass name=class testCases.NegativeLogin]
2020-09-04 09:25:45 INFO  BasePage:91 - Starting the testcase testCase_NegativeLogin
2020-09-04 09:25:45 INFO  TestListener:28 - Starting new testcase :testCase_NegativeLogin
2020-09-04 09:25:49 INFO  NegativeLogin:33 - Login in with wrong pass
2020-09-04 09:25:50 INFO  TestListener:38 - Test successfully passed : testCase_NegativeLogin[TestClass name=class testCases.NegativeLogin]
2020-09-04 09:25:50 INFO  BasePage:91 - Starting the testcase testCase_NegativeLogin
2020-09-04 09:25:50 INFO  TestListener:28 - Starting new testcase :testCase_NegativeLogin
2020-09-04 09:25:53 INFO  TestListener:66 - Test skipped : testCase_Search[TestClass name=class testCases.Searches]
2020-09-04 09:25:53 INFO  BasePage:91 - Starting the testcase testCase_Search
2020-09-04 09:25:53 INFO  TestListener:28 - Starting new testcase :testCase_Search
2020-09-04 09:25:53 INFO  NegativeLogin:33 - Login in with wrong pass
2020-09-04 09:25:54 INFO  TestListener:38 - Test successfully passed : testCase_NegativeLogin[TestClass name=class testCases.NegativeLogin]
2020-09-04 09:25:54 INFO  BasePage:108 - Closing brower...
2020-09-04 09:25:56 INFO  Searches:36 - Selected books option from drop down
2020-09-04 09:25:56 INFO  Searches:39 - Entered selenium in text box
2020-09-04 09:25:57 INFO  Searches:42 - Clicked selenium book
2020-09-04 09:25:58 INFO  Searches:45 - Found book selenium
2020-09-04 09:26:08 ERROR TestListener:48 - Test failed : testCase_Search
2020-09-04 09:26:08 ERROR TestListener:51 - org.openqa.selenium.NoSuchElementException: no such element: Unable to locate element: {"method":"xpath","selector":"//span[@id='productTitle']"}
  (Session info: chrome=84.0.4147.135)
For documentation on this error, please visit: https://www.seleniumhq.org/exceptions/no_such_element.html
Build info: version: '3.141.59', revision: 'e82be7d358', time: '2018-11-14T08:17:03'
System info: host: 'ANAMIKASALUJA', ip: '192.168.1.203', os.name: 'Windows 10', os.arch: 'amd64', os.version: '10.0', java.version: '11.0.5'
Driver info: org.openqa.selenium.chrome.ChromeDriver
Capabilities {acceptInsecureCerts: false, browserName: chrome, browserVersion: 84.0.4147.135, chrome: {chromedriverVersion: 84.0.4147.30 (48b3e868b4cc0..., userDataDir: C:\Users\ANAMIK~1\AppData\L...}, goog:chromeOptions: {debuggerAddress: localhost:64656}, javascriptEnabled: true, networkConnectionEnabled: false, pageLoadStrategy: normal, platform: WINDOWS, platformName: WINDOWS, proxy: Proxy(), setWindowRect: true, strictFileInteractability: false, timeouts: {implicit: 0, pageLoad: 300000, script: 30000}, unhandledPromptBehavior: dismiss and notify, webauthn:virtualAuthenticators: true}
Session ID: f32eb11111942f48442c637e0d6c8efa
*** Element info: {Using=xpath, value=//span[@id='productTitle']}
	at java.base/jdk.internal.reflect.NativeConstructorAccessorImpl.newInstance0(Native Method)
	at java.base/jdk.internal.reflect.NativeConstructorAccessorImpl.newInstance(NativeConstructorAccessorImpl.java:62)
	at java.base/jdk.internal.reflect.DelegatingConstructorAccessorImpl.newInstance(DelegatingConstructorAccessorImpl.java:45)
	at java.base/java.lang.reflect.Constructor.newInstance(Constructor.java:490)
	at org.openqa.selenium.remote.http.W3CHttpResponseCodec.createException(W3CHttpResponseCodec.java:187)
	at org.openqa.selenium.remote.http.W3CHttpResponseCodec.decode(W3CHttpResponseCodec.java:122)
	at org.openqa.selenium.remote.http.W3CHttpResponseCodec.decode(W3CHttpResponseCodec.java:49)
	at org.openqa.selenium.remote.HttpCommandExecutor.execute(HttpCommandExecutor.java:158)
	at org.openqa.selenium.remote.service.DriverCommandExecutor.execute(DriverCommandExecutor.java:83)
	at org.openqa.selenium.remote.RemoteWebDriver.execute(RemoteWebDriver.java:552)
	at org.openqa.selenium.remote.RemoteWebDriver.findElement(RemoteWebDriver.java:323)
	at org.openqa.selenium.remote.RemoteWebDriver.findElementByXPath(RemoteWebDriver.java:428)
	at org.openqa.selenium.By$ByXPath.findElement(By.java:353)
	at org.openqa.selenium.remote.RemoteWebDriver.findElement(RemoteWebDriver.java:315)
	at org.openqa.selenium.support.pagefactory.DefaultElementLocator.findElement(DefaultElementLocator.java:69)
	at org.openqa.selenium.support.pagefactory.internal.LocatingElementHandler.invoke(LocatingElementHandler.java:38)
	at com.sun.proxy.$Proxy19.getText(Unknown Source)
	at pages.BookPage.VerifyTitle(BookPage.java:25)
	at testCases.Searches.testCase_Search(Searches.java:46)
	at java.base/jdk.internal.reflect.NativeMethodAccessorImpl.invoke0(Native Method)
	at java.base/jdk.internal.reflect.NativeMethodAccessorImpl.invoke(NativeMethodAccessorImpl.java:62)
	at java.base/jdk.internal.reflect.DelegatingMethodAccessorImpl.invoke(DelegatingMethodAccessorImpl.java:43)
	at java.base/java.lang.reflect.Method.invoke(Method.java:566)
	at org.testng.internal.MethodInvocationHelper.invokeMethod(MethodInvocationHelper.java:135)
	at org.testng.internal.TestInvoker.invokeMethod(TestInvoker.java:598)
	at org.testng.internal.TestInvoker.retryFailed(TestInvoker.java:214)
	at org.testng.internal.MethodRunner.runInSequence(MethodRunner.java:58)
	at org.testng.internal.TestInvoker$MethodInvocationAgent.invoke(TestInvoker.java:821)
	at org.testng.internal.TestInvoker.invokeTestMethods(TestInvoker.java:147)
	at org.testng.internal.TestMethodWorker.invokeTestMethods(TestMethodWorker.java:146)
	at org.testng.internal.TestMethodWorker.run(TestMethodWorker.java:128)
	at java.base/java.util.ArrayList.forEach(ArrayList.java:1540)
	at org.testng.TestRunner.privateRun(TestRunner.java:767)
	at org.testng.TestRunner.run(TestRunner.java:588)
	at org.testng.SuiteRunner.runTest(SuiteRunner.java:384)
	at org.testng.SuiteRunner.access$000(SuiteRunner.java:28)
	at org.testng.SuiteRunner$SuiteWorker.run(SuiteRunner.java:425)
	at org.testng.internal.thread.ThreadUtil.lambda$execute$0(ThreadUtil.java:68)
	at java.base/java.util.concurrent.FutureTask.run(FutureTask.java:264)
	at java.base/java.util.concurrent.ThreadPoolExecutor.runWorker(ThreadPoolExecutor.java:1128)
	at java.base/java.util.concurrent.ThreadPoolExecutor$Worker.run(ThreadPoolExecutor.java:628)
	at java.base/java.lang.Thread.run(Thread.java:834)

2020-09-04 09:26:09 INFO  BasePage:108 - Closing brower...
2020-09-04 09:26:10 INFO  ExtentManager:55 - HTML report saved at D:\Assignment\Amazon_Assignment\Amazon_Assignment\Amazon_Assignment/reports/2020-09-04 09-25-28//testReport.html
2020-09-04 09:31:39 INFO  BasePage:55 - Into Before Suite - Hook
2020-09-04 09:31:40 INFO  ExtentManager:49 - HTML report created : Assignment  
2020-09-04 09:31:40 INFO  BasePage:66 - Into before Test Hook 
2020-09-04 09:31:40 INFO  BasePage:66 - Into before Test Hook 
2020-09-04 09:31:40 INFO  BasePage:66 - Into before Test Hook 
2020-09-04 09:31:46 INFO  BasePage:78 - Chrome Browser launched successfully..
2020-09-04 09:31:46 INFO  BasePage:91 - Starting the testcase testCase_CategorySelection
2020-09-04 09:31:46 INFO  TestListener:28 - Starting new testcase :testCase_CategorySelection
2020-09-04 09:31:46 INFO  BasePage:78 - Chrome Browser launched successfully..
2020-09-04 09:31:46 INFO  TestDataProviders:17 - Into Dataprovider - Negative Login Data
2020-09-04 09:31:46 INFO  TestDataProviders:21 - Reading JSON from a file
2020-09-04 09:31:46 INFO  BasePage:78 - Chrome Browser launched successfully..
2020-09-04 09:31:46 INFO  BasePage:91 - Starting the testcase testCase_Search
2020-09-04 09:31:47 INFO  TestListener:28 - Starting new testcase :testCase_Search
2020-09-04 09:31:47 INFO  BasePage:91 - Starting the testcase testCase_NegativeLogin
2020-09-04 09:31:47 INFO  TestListener:28 - Starting new testcase :testCase_NegativeLogin
2020-09-04 09:31:53 INFO  Searches:36 - Selected books option from drop down
2020-09-04 09:31:54 INFO  Searches:39 - Entered selenium in text box
2020-09-04 09:31:57 INFO  LogoCheck:27 - Category Icon Check
2020-09-04 09:31:57 INFO  TestListener:38 - Test successfully passed : testCase_CategorySelection[TestClass name=class testCases.LogoCheck]
2020-09-04 09:31:57 INFO  BasePage:108 - Closing brower...
2020-09-04 09:31:57 INFO  Searches:42 - Clicked selenium book
2020-09-04 09:31:58 INFO  NegativeLogin:33 - Login in with wrong pass
2020-09-04 09:31:58 INFO  Searches:45 - Found book selenium
2020-09-04 09:31:59 INFO  TestListener:38 - Test successfully passed : testCase_NegativeLogin[TestClass name=class testCases.NegativeLogin]
2020-09-04 09:31:59 INFO  BasePage:91 - Starting the testcase testCase_NegativeLogin
2020-09-04 09:31:59 INFO  TestListener:28 - Starting new testcase :testCase_NegativeLogin
2020-09-04 09:32:03 INFO  NegativeLogin:33 - Login in with wrong pass
2020-09-04 09:32:04 INFO  TestListener:38 - Test successfully passed : testCase_NegativeLogin[TestClass name=class testCases.NegativeLogin]
2020-09-04 09:32:04 INFO  BasePage:91 - Starting the testcase testCase_NegativeLogin
2020-09-04 09:32:04 INFO  TestListener:28 - Starting new testcase :testCase_NegativeLogin
2020-09-04 09:32:07 INFO  NegativeLogin:33 - Login in with wrong pass
2020-09-04 09:32:08 INFO  TestListener:38 - Test successfully passed : testCase_NegativeLogin[TestClass name=class testCases.NegativeLogin]
2020-09-04 09:32:08 INFO  BasePage:108 - Closing brower...
2020-09-04 09:32:08 INFO  TestListener:66 - Test skipped : testCase_Search[TestClass name=class testCases.Searches]
2020-09-04 09:32:08 INFO  BasePage:91 - Starting the testcase testCase_Search
2020-09-04 09:32:08 INFO  TestListener:28 - Starting new testcase :testCase_Search
2020-09-04 09:32:11 INFO  Searches:36 - Selected books option from drop down
2020-09-04 09:32:11 INFO  Searches:39 - Entered selenium in text box
2020-09-04 09:32:12 INFO  Searches:42 - Clicked selenium book
2020-09-04 09:32:13 INFO  Searches:45 - Found book selenium
2020-09-04 09:32:23 ERROR TestListener:48 - Test failed : testCase_Search
2020-09-04 09:32:23 ERROR TestListener:51 - org.openqa.selenium.NoSuchElementException: no such element: Unable to locate element: {"method":"xpath","selector":"//span[@id='productTitle']"}
  (Session info: chrome=84.0.4147.135)
For documentation on this error, please visit: https://www.seleniumhq.org/exceptions/no_such_element.html
Build info: version: '3.141.59', revision: 'e82be7d358', time: '2018-11-14T08:17:03'
System info: host: 'ANAMIKASALUJA', ip: '192.168.1.203', os.name: 'Windows 10', os.arch: 'amd64', os.version: '10.0', java.version: '11.0.5'
Driver info: org.openqa.selenium.chrome.ChromeDriver
Capabilities {acceptInsecureCerts: false, browserName: chrome, browserVersion: 84.0.4147.135, chrome: {chromedriverVersion: 84.0.4147.30 (48b3e868b4cc0..., userDataDir: C:\Users\ANAMIK~1\AppData\L...}, goog:chromeOptions: {debuggerAddress: localhost:65032}, javascriptEnabled: true, networkConnectionEnabled: false, pageLoadStrategy: normal, platform: WINDOWS, platformName: WINDOWS, proxy: Proxy(), setWindowRect: true, strictFileInteractability: false, timeouts: {implicit: 0, pageLoad: 300000, script: 30000}, unhandledPromptBehavior: dismiss and notify, webauthn:virtualAuthenticators: true}
Session ID: 495da6e5a9c5f939bf679870dda2f3ad
*** Element info: {Using=xpath, value=//span[@id='productTitle']}
	at java.base/jdk.internal.reflect.NativeConstructorAccessorImpl.newInstance0(Native Method)
	at java.base/jdk.internal.reflect.NativeConstructorAccessorImpl.newInstance(NativeConstructorAccessorImpl.java:62)
	at java.base/jdk.internal.reflect.DelegatingConstructorAccessorImpl.newInstance(DelegatingConstructorAccessorImpl.java:45)
	at java.base/java.lang.reflect.Constructor.newInstance(Constructor.java:490)
	at org.openqa.selenium.remote.http.W3CHttpResponseCodec.createException(W3CHttpResponseCodec.java:187)
	at org.openqa.selenium.remote.http.W3CHttpResponseCodec.decode(W3CHttpResponseCodec.java:122)
	at org.openqa.selenium.remote.http.W3CHttpResponseCodec.decode(W3CHttpResponseCodec.java:49)
	at org.openqa.selenium.remote.HttpCommandExecutor.execute(HttpCommandExecutor.java:158)
	at org.openqa.selenium.remote.service.DriverCommandExecutor.execute(DriverCommandExecutor.java:83)
	at org.openqa.selenium.remote.RemoteWebDriver.execute(RemoteWebDriver.java:552)
	at org.openqa.selenium.remote.RemoteWebDriver.findElement(RemoteWebDriver.java:323)
	at org.openqa.selenium.remote.RemoteWebDriver.findElementByXPath(RemoteWebDriver.java:428)
	at org.openqa.selenium.By$ByXPath.findElement(By.java:353)
	at org.openqa.selenium.remote.RemoteWebDriver.findElement(RemoteWebDriver.java:315)
	at org.openqa.selenium.support.pagefactory.DefaultElementLocator.findElement(DefaultElementLocator.java:69)
	at org.openqa.selenium.support.pagefactory.internal.LocatingElementHandler.invoke(LocatingElementHandler.java:38)
	at com.sun.proxy.$Proxy19.getText(Unknown Source)
	at pages.BookPage.VerifyTitle(BookPage.java:25)
	at testCases.Searches.testCase_Search(Searches.java:46)
	at java.base/jdk.internal.reflect.NativeMethodAccessorImpl.invoke0(Native Method)
	at java.base/jdk.internal.reflect.NativeMethodAccessorImpl.invoke(NativeMethodAccessorImpl.java:62)
	at java.base/jdk.internal.reflect.DelegatingMethodAccessorImpl.invoke(DelegatingMethodAccessorImpl.java:43)
	at java.base/java.lang.reflect.Method.invoke(Method.java:566)
	at org.testng.internal.MethodInvocationHelper.invokeMethod(MethodInvocationHelper.java:135)
	at org.testng.internal.TestInvoker.invokeMethod(TestInvoker.java:598)
	at org.testng.internal.TestInvoker.retryFailed(TestInvoker.java:214)
	at org.testng.internal.MethodRunner.runInSequence(MethodRunner.java:58)
	at org.testng.internal.TestInvoker$MethodInvocationAgent.invoke(TestInvoker.java:821)
	at org.testng.internal.TestInvoker.invokeTestMethods(TestInvoker.java:147)
	at org.testng.internal.TestMethodWorker.invokeTestMethods(TestMethodWorker.java:146)
	at org.testng.internal.TestMethodWorker.run(TestMethodWorker.java:128)
	at java.base/java.util.ArrayList.forEach(ArrayList.java:1540)
	at org.testng.TestRunner.privateRun(TestRunner.java:767)
	at org.testng.TestRunner.run(TestRunner.java:588)
	at org.testng.SuiteRunner.runTest(SuiteRunner.java:384)
	at org.testng.SuiteRunner.access$000(SuiteRunner.java:28)
	at org.testng.SuiteRunner$SuiteWorker.run(SuiteRunner.java:425)
	at org.testng.internal.thread.ThreadUtil.lambda$execute$0(ThreadUtil.java:68)
	at java.base/java.util.concurrent.FutureTask.run(FutureTask.java:264)
	at java.base/java.util.concurrent.ThreadPoolExecutor.runWorker(ThreadPoolExecutor.java:1128)
	at java.base/java.util.concurrent.ThreadPoolExecutor$Worker.run(ThreadPoolExecutor.java:628)
	at java.base/java.lang.Thread.run(Thread.java:834)

2020-09-04 09:32:23 INFO  BasePage:108 - Closing brower...
2020-09-04 09:32:24 INFO  ExtentManager:55 - HTML report saved at D:\Assignment\Amazon_Assignment\Amazon_Assignment\Amazon_Assignment/reports/2020-09-04 09-31-39//testReport.html
